#
# There is insufficient memory for the Java Runtime Environment to continue.
# Native memory allocation (malloc) failed to allocate 1048576 bytes for AllocateHeap
# Possible reasons:
#   The system is out of physical RAM or swap space
#   The process is running with CompressedOops enabled, and the Java Heap may be blocking the growth of the native heap
# Possible solutions:
#   Reduce memory load on the system
#   Increase physical memory or swap space
#   Check if swap backing store is full
#   Decrease Java heap size (-Xmx/-Xms)
#   Decrease number of Java threads
#   Decrease Java thread stack sizes (-Xss)
#   Set larger code cache with -XX:ReservedCodeCacheSize=
#   JVM is running with Unscaled Compressed Oops mode in which the Java heap is
#     placed in the first 4GB address space. The Java Heap base address is the
#     maximum limit for the native heap growth. Please use -XX:HeapBaseMinAddress
#     to set the Java Heap base and to place the Java Heap above 4GB virtual address.
# This output file may be truncated or incomplete.
#
#  Out of Memory Error (allocation.cpp:44), pid=17232, tid=10276
#
# JRE version: OpenJDK Runtime Environment Temurin-17.0.6+10 (17.0.6+10) (build 17.0.6+10)
# Java VM: OpenJDK 64-Bit Server VM Temurin-17.0.6+10 (17.0.6+10, mixed mode, emulated-client, tiered, compressed oops, compressed class ptrs, g1 gc, windows-amd64)
# No core dump will be written. Minidumps are not enabled by default on client versions of Windows
#

---------------  S U M M A R Y ------------

Command Line: -XX:+HeapDumpOnOutOfMemoryError -Xmx1024m -Dsts.lsp.client=vscode -Dsts.log.file=/dev/null -XX:TieredStopAtLevel=1 -Xlog:jni+resolve=off -Dspring.config.location=file:c:\Users\pharell\.vscode\extensions\vmware.vscode-spring-boot-1.44.0\language-server\BOOT-INF\classes\application.properties org.springframework.ide.vscode.boot.app.BootLanguageServerBootApp

Host: Intel(R) Core(TM) i3-8130U CPU @ 2.20GHz, 4 cores, 7G,  Windows 11 , 64 bit Build 22000 (10.0.22000.1516)
Time: Fri Mar 10 17:23:34 2023 Greenwich elapsed time: 7137.693677 seconds (0d 1h 58m 57s)

---------------  T H R E A D  ---------------

Current thread (0x00000184ddd8bec0):  VMThread "VM Thread" [stack: 0x0000003b68d00000,0x0000003b68e00000] [id=10276]

Stack: [0x0000003b68d00000,0x0000003b68e00000]
Native frames: (J=compiled Java code, j=interpreted, Vv=VM code, C=native code)
V  [jvm.dll+0x67741a]
V  [jvm.dll+0x834434]
V  [jvm.dll+0x835bde]
V  [jvm.dll+0x836243]
V  [jvm.dll+0x2457b5]
V  [jvm.dll+0xa626f]
V  [jvm.dll+0x2f5ad3]
V  [jvm.dll+0x2f17e0]
V  [jvm.dll+0x2d9ee7]
V  [jvm.dll+0x31ce67]
V  [jvm.dll+0x83a6eb]
V  [jvm.dll+0x83b424]
V  [jvm.dll+0x83b93c]
V  [jvm.dll+0x83bd14]
V  [jvm.dll+0x83bde0]
V  [jvm.dll+0x7e483a]
V  [jvm.dll+0x6762c5]
C  [ucrtbase.dll+0x26c0c]
C  [KERNEL32.DLL+0x155a0]
C  [ntdll.dll+0x485b]

VM_Operation (0x0000003b69ffef10): G1CollectFull, mode: safepoint, requested by thread 0x00000184dfb5c520


---------------  P R O C E S S  ---------------

Threads class SMR info:
_java_thread_list=0x00000184e0040030, length=18, elements={
0x00000184ddda4380, 0x00000184ddda4f30, 0x00000184dddd55b0, 0x00000184dddd5e70,
0x00000184dddd8740, 0x00000184dddd9000, 0x00000184ddddb8d0, 0x00000184ddddf6d0,
0x00000184de9ec920, 0x00000184de9ee120, 0x00000184df07eff0, 0x00000184dfb5c050,
0x00000184dfb5c520, 0x00000184dfb0cd30, 0x00000184d373b040, 0x00000184df27a010,
0x00000184dfe54520, 0x00000184dfe549f0
}

Java Threads: ( => current thread )
  0x00000184ddda4380 JavaThread "Reference Handler" daemon [_thread_blocked, id=10624, stack(0x0000003b68e00000,0x0000003b68f00000)]
  0x00000184ddda4f30 JavaThread "Finalizer" daemon [_thread_blocked, id=17416, stack(0x0000003b68f00000,0x0000003b69000000)]
  0x00000184dddd55b0 JavaThread "Signal Dispatcher" daemon [_thread_blocked, id=14652, stack(0x0000003b69000000,0x0000003b69100000)]
  0x00000184dddd5e70 JavaThread "Attach Listener" daemon [_thread_blocked, id=7024, stack(0x0000003b69100000,0x0000003b69200000)]
  0x00000184dddd8740 JavaThread "Service Thread" daemon [_thread_blocked, id=2524, stack(0x0000003b69200000,0x0000003b69300000)]
  0x00000184dddd9000 JavaThread "Monitor Deflation Thread" daemon [_thread_blocked, id=18684, stack(0x0000003b69300000,0x0000003b69400000)]
  0x00000184ddddb8d0 JavaThread "C1 CompilerThread0" daemon [_thread_blocked, id=14976, stack(0x0000003b69400000,0x0000003b69500000)]
  0x00000184ddddf6d0 JavaThread "Sweeper thread" daemon [_thread_blocked, id=19744, stack(0x0000003b69500000,0x0000003b69600000)]
  0x00000184de9ec920 JavaThread "Notification Thread" daemon [_thread_blocked, id=17208, stack(0x0000003b69700000,0x0000003b69800000)]
  0x00000184de9ee120 JavaThread "Common-Cleaner" daemon [_thread_blocked, id=4224, stack(0x0000003b69900000,0x0000003b69a00000)]
  0x00000184df07eff0 JavaThread "boundedElastic-evictor-1" daemon [_thread_blocked, id=16852, stack(0x0000003b69d00000,0x0000003b69e00000)]
  0x00000184dfb5c050 JavaThread "boundedElastic-evictor-2" daemon [_thread_blocked, id=20088, stack(0x0000003b69e00000,0x0000003b69f00000)]
  0x00000184dfb5c520 JavaThread "pool-10-thread-1" [_thread_blocked, id=15804, stack(0x0000003b69f00000,0x0000003b6a000000)]
  0x00000184dfb0cd30 JavaThread "LanguageServerApp-lifecycle" [_thread_blocked, id=444, stack(0x0000003b6a000000,0x0000003b6a100000)]
  0x00000184d373b040 JavaThread "DestroyJavaVM" [_thread_blocked, id=3720, stack(0x0000003b68700000,0x0000003b68800000)]
  0x00000184df27a010 JavaThread "pool-11-thread-1" [_thread_in_native, id=14640, stack(0x0000003b6a100000,0x0000003b6a200000)]
  0x00000184dfe54520 JavaThread "Simple-Language-Server main thread" daemon [_thread_blocked, id=17348, stack(0x0000003b6a200000,0x0000003b6a300000)]
  0x00000184dfe549f0 JavaThread "pool-6-thread-1" [_thread_blocked, id=17176, stack(0x0000003b6a300000,0x0000003b6a400000)]

Other Threads:
=>0x00000184ddd8bec0 VMThread "VM Thread" [stack: 0x0000003b68d00000,0x0000003b68e00000] [id=10276]
  0x00000184d3788580 WatcherThread [stack: 0x0000003b69800000,0x0000003b69900000] [id=10620]
  0x00000184d37782c0 GCTaskThread "GC Thread#0" [stack: 0x0000003b68800000,0x0000003b68900000] [id=12856]
  0x00000184dedc8760 GCTaskThread "GC Thread#1" [stack: 0x0000003b69a00000,0x0000003b69b00000] [id=15296]
  0x00000184dedc8a10 GCTaskThread "GC Thread#2" [stack: 0x0000003b69b00000,0x0000003b69c00000] [id=12564]
  0x00000184df3a6120 GCTaskThread "GC Thread#3" [stack: 0x0000003b69c00000,0x0000003b69d00000] [id=4684]
  0x00000184d3781360 ConcurrentGCThread "G1 Main Marker" [stack: 0x0000003b68900000,0x0000003b68a00000] [id=3104]
  0x00000184d3782510 ConcurrentGCThread "G1 Conc#0" [stack: 0x0000003b68a00000,0x0000003b68b00000] [id=20028]
  0x00000184ddc10090 ConcurrentGCThread "G1 Refine#0" [stack: 0x0000003b68b00000,0x0000003b68c00000] [id=5348]
  0x00000184dfce4310 ConcurrentGCThread "G1 Refine#1" [stack: 0x0000003b6ad00000,0x0000003b6ae00000] [id=15456]
  0x00000184dfce45f0 ConcurrentGCThread "G1 Refine#2" [stack: 0x0000003b6ae00000,0x0000003b6af00000] [id=11536]
  0x00000184df26b040 ConcurrentGCThread "G1 Refine#3" [stack: 0x0000003b6af00000,0x0000003b6b000000] [id=5728]
  0x00000184ddc10ab0 ConcurrentGCThread "G1 Service" [stack: 0x0000003b68c00000,0x0000003b68d00000] [id=4924]

Threads with active compile tasks:

VM state: at safepoint (normal execution)

VM Mutex/Monitor currently owned by a thread:  ([mutex/lock_event])
[0x00000184d15c24d0] Threads_lock - owner thread: 0x00000184ddd8bec0
[0x00000184d3738dc0] Heap_lock - owner thread: 0x00000184dfb5c520

Heap address: 0x00000000c0000000, size: 1024 MB, Compressed Oops mode: 32-bit

CDS archive(s) not mapped
Compressed class space mapped at: 0x0000000100000000-0x0000000140000000, reserved size: 1073741824
Narrow klass base: 0x0000000000000000, Narrow klass shift: 3, Narrow klass range: 0x140000000

GC Precious Log:
 CPUs: 4 total, 4 available
 Memory: 8026M
 Large Page Support: Disabled
 NUMA Support: Disabled
 Compressed Oops: Enabled (32-bit)
 Heap Region Size: 1M
 Heap Min Capacity: 8M
 Heap Initial Capacity: 126M
 Heap Max Capacity: 1G
 Pre-touch: Disabled
 Parallel Workers: 4
 Concurrent Workers: 1
 Concurrent Refinement Workers: 4
 Periodic GC: Disabled

Heap:
 garbage-first heap   total 86016K, used 25171K [0x00000000c0000000, 0x0000000100000000)
  region size 1024K, 1 young (1024K), 0 survivors (0K)
 Metaspace       used 44511K, committed 44864K, reserved 1089536K
  class space    used 6259K, committed 6400K, reserved 1048576K

Heap Regions: E=young(eden), S=young(survivor), O=old, HS=humongous(starts), HC=humongous(continues), CS=collection set, F=free, OA=open archive, CA=closed archive, TAMS=top-at-mark-start (previous, next)
|   0|0x00000000c0000000, 0x00000000c0100000, 0x00000000c0100000|100%| O|  |TAMS 0x00000000c0100000, 0x00000000c0000000| Untracked 
|   1|0x00000000c0100000, 0x00000000c01ffff0, 0x00000000c0200000| 99%| O|  |TAMS 0x00000000c01ffff0, 0x00000000c0100000| Untracked 
|   2|0x00000000c0200000, 0x00000000c0300000, 0x00000000c0300000|100%| O|  |TAMS 0x00000000c0300000, 0x00000000c0200000| Untracked 
|   3|0x00000000c0300000, 0x00000000c03ffff0, 0x00000000c0400000| 99%| O|  |TAMS 0x00000000c03ffff0, 0x00000000c0300000| Untracked 
|   4|0x00000000c0400000, 0x00000000c0500000, 0x00000000c0500000|100%| O|  |TAMS 0x00000000c0500000, 0x00000000c0400000| Untracked 
|   5|0x00000000c0500000, 0x00000000c05fffa8, 0x00000000c0600000| 99%| O|  |TAMS 0x00000000c05fffa8, 0x00000000c0500000| Untracked 
|   6|0x00000000c0600000, 0x00000000c06ffff8, 0x00000000c0700000| 99%| O|  |TAMS 0x00000000c06ffff8, 0x00000000c0600000| Untracked 
|   7|0x00000000c0700000, 0x00000000c07ffff0, 0x00000000c0800000| 99%| O|  |TAMS 0x00000000c07ffff0, 0x00000000c0700000| Untracked 
|   8|0x00000000c0800000, 0x00000000c08ffeb0, 0x00000000c0900000| 99%| O|  |TAMS 0x00000000c08ffeb0, 0x00000000c0800000| Untracked 
|   9|0x00000000c0900000, 0x00000000c09ffff8, 0x00000000c0a00000| 99%| O|  |TAMS 0x00000000c09ffff8, 0x00000000c0900000| Untracked 
|  10|0x00000000c0a00000, 0x00000000c0b00000, 0x00000000c0b00000|100%| O|  |TAMS 0x00000000c0b00000, 0x00000000c0a00000| Untracked 
|  11|0x00000000c0b00000, 0x00000000c0bfffe0, 0x00000000c0c00000| 99%| O|  |TAMS 0x00000000c0bfffe0, 0x00000000c0b00000| Untracked 
|  12|0x00000000c0c00000, 0x00000000c0cfffe0, 0x00000000c0d00000| 99%| O|  |TAMS 0x00000000c0cfffe0, 0x00000000c0c00000| Untracked 
|  13|0x00000000c0d00000, 0x00000000c0dffff0, 0x00000000c0e00000| 99%| O|  |TAMS 0x00000000c0dffff0, 0x00000000c0d00000| Untracked 
|  14|0x00000000c0e00000, 0x00000000c0f00000, 0x00000000c0f00000|100%| O|  |TAMS 0x00000000c0f00000, 0x00000000c0e00000| Untracked 
|  15|0x00000000c0f00000, 0x00000000c0ffffc8, 0x00000000c1000000| 99%| O|  |TAMS 0x00000000c0ffffc8, 0x00000000c0f00000| Untracked 
|  16|0x00000000c1000000, 0x00000000c1100000, 0x00000000c1100000|100%| O|  |TAMS 0x00000000c1100000, 0x00000000c1000000| Untracked 
|  17|0x00000000c1100000, 0x00000000c11fffe8, 0x00000000c1200000| 99%| O|  |TAMS 0x00000000c11fffe8, 0x00000000c1100000| Untracked 
|  18|0x00000000c1200000, 0x00000000c1300000, 0x00000000c1300000|100%| O|  |TAMS 0x00000000c1300000, 0x00000000c1200000| Untracked 
|  19|0x00000000c1300000, 0x00000000c1400000, 0x00000000c1400000|100%| O|  |TAMS 0x00000000c1400000, 0x00000000c1300000| Untracked 
|  20|0x00000000c1400000, 0x00000000c1494e80, 0x00000000c1500000| 58%| O|  |TAMS 0x00000000c1400000, 0x00000000c1400000| Untracked 
|  21|0x00000000c1500000, 0x00000000c15000f0, 0x00000000c1600000|  0%| O|  |TAMS 0x00000000c1500000, 0x00000000c1500000| Untracked 
|  22|0x00000000c1600000, 0x00000000c1600000, 0x00000000c1700000|  0%| F|  |TAMS 0x00000000c1600000, 0x00000000c1600000| Untracked 
|  23|0x00000000c1700000, 0x00000000c1700000, 0x00000000c1800000|  0%| F|  |TAMS 0x00000000c1700000, 0x00000000c1700000| Untracked 
|  24|0x00000000c1800000, 0x00000000c1800000, 0x00000000c1900000|  0%| F|  |TAMS 0x00000000c1800000, 0x00000000c1800000| Untracked 
|  25|0x00000000c1900000, 0x00000000c1900000, 0x00000000c1a00000|  0%| F|  |TAMS 0x00000000c1900000, 0x00000000c1900000| Untracked 
|  26|0x00000000c1a00000, 0x00000000c1a00000, 0x00000000c1b00000|  0%| F|  |TAMS 0x00000000c1a00000, 0x00000000c1a00000| Untracked 
|  27|0x00000000c1b00000, 0x00000000c1b00000, 0x00000000c1c00000|  0%| F|  |TAMS 0x00000000c1b00000, 0x00000000c1b00000| Untracked 
|  28|0x00000000c1c00000, 0x00000000c1c00000, 0x00000000c1d00000|  0%| F|  |TAMS 0x00000000c1c00000, 0x00000000c1c00000| Untracked 
|  29|0x00000000c1d00000, 0x00000000c1d00000, 0x00000000c1e00000|  0%| F|  |TAMS 0x00000000c1d00000, 0x00000000c1d00000| Untracked 
|  30|0x00000000c1e00000, 0x00000000c1e00000, 0x00000000c1f00000|  0%| F|  |TAMS 0x00000000c1e00000, 0x00000000c1e00000| Untracked 
|  31|0x00000000c1f00000, 0x00000000c1f00000, 0x00000000c2000000|  0%| F|  |TAMS 0x00000000c1f00000, 0x00000000c1f00000| Untracked 
|  32|0x00000000c2000000, 0x00000000c2000000, 0x00000000c2100000|  0%| F|  |TAMS 0x00000000c2000000, 0x00000000c2000000| Untracked 
|  33|0x00000000c2100000, 0x00000000c2200000, 0x00000000c2200000|100%| O|  |TAMS 0x00000000c2200000, 0x00000000c2100000| Untracked 
|  34|0x00000000c2200000, 0x00000000c2300000, 0x00000000c2300000|100%| O|  |TAMS 0x00000000c2300000, 0x00000000c2200000| Untracked 
|  35|0x00000000c2300000, 0x00000000c2400000, 0x00000000c2400000|100%| O|  |TAMS 0x00000000c2400000, 0x00000000c2300000| Untracked 
|  36|0x00000000c2400000, 0x00000000c2500000, 0x00000000c2500000|100%| O|  |TAMS 0x00000000c2500000, 0x00000000c2400000| Untracked 
|  37|0x00000000c2500000, 0x00000000c2500000, 0x00000000c2600000|  0%| F|  |TAMS 0x00000000c2500000, 0x00000000c2500000| Untracked 
|  38|0x00000000c2600000, 0x00000000c2600000, 0x00000000c2700000|  0%| F|  |TAMS 0x00000000c2600000, 0x00000000c2600000| Untracked 
|  39|0x00000000c2700000, 0x00000000c2700000, 0x00000000c2800000|  0%| F|  |TAMS 0x00000000c2700000, 0x00000000c2700000| Untracked 
|  40|0x00000000c2800000, 0x00000000c2800000, 0x00000000c2900000|  0%| F|  |TAMS 0x00000000c2800000, 0x00000000c2800000| Untracked 
|  41|0x00000000c2900000, 0x00000000c2900000, 0x00000000c2a00000|  0%| F|  |TAMS 0x00000000c2900000, 0x00000000c2900000| Untracked 
|  42|0x00000000c2a00000, 0x00000000c2a00000, 0x00000000c2b00000|  0%| F|  |TAMS 0x00000000c2a00000, 0x00000000c2a00000| Untracked 
|  43|0x00000000c2b00000, 0x00000000c2b00000, 0x00000000c2c00000|  0%| F|  |TAMS 0x00000000c2b00000, 0x00000000c2b00000| Untracked 
|  44|0x00000000c2c00000, 0x00000000c2c00000, 0x00000000c2d00000|  0%| F|  |TAMS 0x00000000c2c00000, 0x00000000c2c00000| Untracked 
|  45|0x00000000c2d00000, 0x00000000c2d00000, 0x00000000c2e00000|  0%| F|  |TAMS 0x00000000c2d00000, 0x00000000c2d00000| Untracked 
|  46|0x00000000c2e00000, 0x00000000c2e00000, 0x00000000c2f00000|  0%| F|  |TAMS 0x00000000c2e00000, 0x00000000c2e00000| Untracked 
|  47|0x00000000c2f00000, 0x00000000c2f00000, 0x00000000c3000000|  0%| F|  |TAMS 0x00000000c2f00000, 0x00000000c2f00000| Untracked 
|  48|0x00000000c3000000, 0x00000000c3000000, 0x00000000c3100000|  0%| F|  |TAMS 0x00000000c3000000, 0x00000000c3000000| Untracked 
|  49|0x00000000c3100000, 0x00000000c3100000, 0x00000000c3200000|  0%| F|  |TAMS 0x00000000c3100000, 0x00000000c3100000| Untracked 
|  50|0x00000000c3200000, 0x00000000c3200000, 0x00000000c3300000|  0%| F|  |TAMS 0x00000000c3200000, 0x00000000c3200000| Untracked 
|  51|0x00000000c3300000, 0x00000000c3300000, 0x00000000c3400000|  0%| F|  |TAMS 0x00000000c3300000, 0x00000000c3300000| Untracked 
|  52|0x00000000c3400000, 0x00000000c3400000, 0x00000000c3500000|  0%| F|  |TAMS 0x00000000c3400000, 0x00000000c3400000| Untracked 
|  53|0x00000000c3500000, 0x00000000c3500000, 0x00000000c3600000|  0%| F|  |TAMS 0x00000000c3500000, 0x00000000c3500000| Untracked 
|  54|0x00000000c3600000, 0x00000000c3600000, 0x00000000c3700000|  0%| F|  |TAMS 0x00000000c3600000, 0x00000000c3600000| Untracked 
|  55|0x00000000c3700000, 0x00000000c3700000, 0x00000000c3800000|  0%| F|  |TAMS 0x00000000c3700000, 0x00000000c3700000| Untracked 
|  56|0x00000000c3800000, 0x00000000c3800000, 0x00000000c3900000|  0%| F|  |TAMS 0x00000000c3800000, 0x00000000c3800000| Untracked 
|  57|0x00000000c3900000, 0x00000000c3900000, 0x00000000c3a00000|  0%| F|  |TAMS 0x00000000c3900000, 0x00000000c3900000| Untracked 
|  58|0x00000000c3a00000, 0x00000000c3a00000, 0x00000000c3b00000|  0%| F|  |TAMS 0x00000000c3a00000, 0x00000000c3a00000| Untracked 
|  59|0x00000000c3b00000, 0x00000000c3b00000, 0x00000000c3c00000|  0%| F|  |TAMS 0x00000000c3b00000, 0x00000000c3b00000| Untracked 
|  60|0x00000000c3c00000, 0x00000000c3c00000, 0x00000000c3d00000|  0%| F|  |TAMS 0x00000000c3c00000, 0x00000000c3c00000| Untracked 
|  61|0x00000000c3d00000, 0x00000000c3d00000, 0x00000000c3e00000|  0%| F|  |TAMS 0x00000000c3d00000, 0x00000000c3d00000| Untracked 
|  62|0x00000000c3e00000, 0x00000000c3e00000, 0x00000000c3f00000|  0%| F|  |TAMS 0x00000000c3e00000, 0x00000000c3e00000| Untracked 
|  63|0x00000000c3f00000, 0x00000000c3f00000, 0x00000000c4000000|  0%| F|  |TAMS 0x00000000c3f00000, 0x00000000c3f00000| Untracked 
|  64|0x00000000c4000000, 0x00000000c4000000, 0x00000000c4100000|  0%| F|  |TAMS 0x00000000c4000000, 0x00000000c4000000| Untracked 
|  65|0x00000000c4100000, 0x00000000c4100000, 0x00000000c4200000|  0%| F|  |TAMS 0x00000000c4100000, 0x00000000c4100000| Untracked 
|  66|0x00000000c4200000, 0x00000000c4200000, 0x00000000c4300000|  0%| F|  |TAMS 0x00000000c4200000, 0x00000000c4200000| Untracked 
|  67|0x00000000c4300000, 0x00000000c4300000, 0x00000000c4400000|  0%| F|  |TAMS 0x00000000c4300000, 0x00000000c4300000| Untracked 
|  68|0x00000000c4400000, 0x00000000c4400000, 0x00000000c4500000|  0%| F|  |TAMS 0x00000000c4400000, 0x00000000c4400000| Untracked 
|  69|0x00000000c4500000, 0x00000000c4500000, 0x00000000c4600000|  0%| F|  |TAMS 0x00000000c4500000, 0x00000000c4500000| Untracked 
|  70|0x00000000c4600000, 0x00000000c4600000, 0x00000000c4700000|  0%| F|  |TAMS 0x00000000c4600000, 0x00000000c4600000| Untracked 
|  71|0x00000000c4700000, 0x00000000c4700000, 0x00000000c4800000|  0%| F|  |TAMS 0x00000000c4700000, 0x00000000c4700000| Untracked 
|  72|0x00000000c4800000, 0x00000000c4800000, 0x00000000c4900000|  0%| F|  |TAMS 0x00000000c4800000, 0x00000000c4800000| Untracked 
|  73|0x00000000c4900000, 0x00000000c4900000, 0x00000000c4a00000|  0%| F|  |TAMS 0x00000000c4900000, 0x00000000c4900000| Untracked 
|  74|0x00000000c4a00000, 0x00000000c4a00000, 0x00000000c4b00000|  0%| F|  |TAMS 0x00000000c4a00000, 0x00000000c4a00000| Untracked 
|  75|0x00000000c4b00000, 0x00000000c4b00000, 0x00000000c4c00000|  0%| F|  |TAMS 0x00000000c4b00000, 0x00000000c4b00000| Untracked 
|  76|0x00000000c4c00000, 0x00000000c4c00000, 0x00000000c4d00000|  0%| F|  |TAMS 0x00000000c4c00000, 0x00000000c4c00000| Untracked 
|  77|0x00000000c4d00000, 0x00000000c4d00000, 0x00000000c4e00000|  0%| F|  |TAMS 0x00000000c4d00000, 0x00000000c4d00000| Untracked 
|  78|0x00000000c4e00000, 0x00000000c4e00000, 0x00000000c4f00000|  0%| F|  |TAMS 0x00000000c4e00000, 0x00000000c4e00000| Untracked 
|  79|0x00000000c4f00000, 0x00000000c4f00000, 0x00000000c5000000|  0%| F|  |TAMS 0x00000000c4f00000, 0x00000000c4f00000| Untracked 
|  80|0x00000000c5000000, 0x00000000c5000000, 0x00000000c5100000|  0%| F|  |TAMS 0x00000000c5000000, 0x00000000c5000000| Untracked 
|  81|0x00000000c5100000, 0x00000000c5100000, 0x00000000c5200000|  0%| F|  |TAMS 0x00000000c5100000, 0x00000000c5100000| Untracked 
|  82|0x00000000c5200000, 0x00000000c5200000, 0x00000000c5300000|  0%| F|  |TAMS 0x00000000c5200000, 0x00000000c5200000| Untracked 
|  83|0x00000000c5300000, 0x00000000c531ad58, 0x00000000c5400000| 10%| E|  |TAMS 0x00000000c5300000, 0x00000000c5300000| Complete 

Card table byte_map: [0x00000184d93c0000,0x00000184d95c0000] _byte_map_base: 0x00000184d8dc0000

Marking Bits (Prev, Next): (CMBitMap*) 0x00000184d3778910, (CMBitMap*) 0x00000184d37788d0
 Prev Bits: [0x00000184da7c0000, 0x00000184db7c0000)
 Next Bits: [0x00000184d97c0000, 0x00000184da7c0000)

Polling page: 0x00000184d2f00000

Metaspace:

Usage:
  Non-class:     37.35 MB used.
      Class:      6.11 MB used.
       Both:     43.47 MB used.

Virtual space:
  Non-class space:       40.00 MB reserved,      37.56 MB ( 94%) committed,  5 nodes.
      Class space:        1.00 GB reserved,       6.25 MB ( <1%) committed,  1 nodes.
             Both:        1.04 GB reserved,      43.81 MB (  4%) committed. 

Chunk freelists:
   Non-Class:  2.24 MB
       Class:  1.65 MB
        Both:  3.88 MB

MaxMetaspaceSize: unlimited
CompressedClassSpaceSize: 1.00 GB
Initial GC threshold: 21.00 MB
Current GC threshold: 72.81 MB
CDS: off
MetaspaceReclaimPolicy: balanced
 - commit_granule_bytes: 65536.
 - commit_granule_words: 8192.
 - virtual_space_node_default_size: 1048576.
 - enlarge_chunks_in_place: 1.
 - new_chunks_are_fully_committed: 0.
 - uncommit_free_chunks: 1.
 - use_allocation_guard: 0.
 - handle_deallocations: 1.


Internal statistics:

num_allocs_failed_limit: 3.
num_arena_births: 614.
num_arena_deaths: 180.
num_vsnodes_births: 6.
num_vsnodes_deaths: 0.
num_space_committed: 701.
num_space_uncommitted: 0.
num_chunks_returned_to_freelist: 215.
num_chunks_taken_from_freelist: 2067.
num_chunk_merges: 71.
num_chunk_splits: 1382.
num_chunks_enlarged: 1037.
num_purges: 10.
num_inconsistent_stats: 0.

CodeCache: size=49152Kb used=11941Kb max_used=12890Kb free=37210Kb
 bounds [0x00000184d63c0000, 0x00000184d70e0000, 0x00000184d93c0000]
 total_blobs=7031 nmethods=6472 adapters=486
 compilation: enabled
              stopped_count=0, restarted_count=0
 full_count=0

Compilation events (20 events):
Event: 4405.288 Thread 0x00000184ddddb8d0 6468       1       org.eclipse.lsp4j.jsonrpc.services.GenericEndpoint$$Lambda$576/0x0000000100439b48::apply (17 bytes)
Event: 4405.288 Thread 0x00000184ddddb8d0 nmethod 6468 0x00000184d6745e90 code [0x00000184d6746020, 0x00000184d6746128]
Event: 4405.288 Thread 0x00000184ddddb8d0 6469   !   1       org.eclipse.lsp4j.jsonrpc.services.GenericEndpoint::lambda$null$0 (39 bytes)
Event: 4405.289 Thread 0x00000184ddddb8d0 nmethod 6469 0x00000184d6745690 code [0x00000184d6745880, 0x00000184d6745b78]
Event: 4405.289 Thread 0x00000184ddddb8d0 6470       1       org.eclipse.lsp4j.jsonrpc.services.GenericEndpoint::getArguments (225 bytes)
Event: 4405.330 Thread 0x00000184ddddb8d0 nmethod 6470 0x00000184d6743210 code [0x00000184d6743680, 0x00000184d6744ba8]
Event: 5015.920 Thread 0x00000184ddddb8d0 6471   !   1       java.lang.ProcessImpl::start (733 bytes)
Event: 5015.924 Thread 0x00000184ddddb8d0 nmethod 6471 0x00000184d673da10 code [0x00000184d673dfe0, 0x00000184d6740f38]
Event: 5015.924 Thread 0x00000184ddddb8d0 6472       1       java.lang.ProcessEnvironment::toEnvironmentBlock (16 bytes)
Event: 5015.924 Thread 0x00000184ddddb8d0 nmethod 6472 0x00000184d673d690 code [0x00000184d673d820, 0x00000184d673d948]
Event: 5015.924 Thread 0x00000184ddddb8d0 6473   !   1       java.lang.ProcessImpl::<init> (327 bytes)
Event: 5016.047 Thread 0x00000184ddddb8d0 nmethod 6473 0x00000184d673a990 code [0x00000184d673ada0, 0x00000184d673c028]
Event: 6333.598 Thread 0x00000184ddddb8d0 6485       1       java.util.concurrent.CompletableFuture::thenApply (7 bytes)
Event: 6333.907 Thread 0x00000184ddddb8d0 nmethod 6485 0x00000184d673a290 code [0x00000184d673a420, 0x00000184d673a508]
Event: 6333.919 Thread 0x00000184ddddb8d0 6486       1       org.eclipse.lsp4j.CodeActionParams::getRange (5 bytes)
Event: 6334.593 Thread 0x00000184ddddb8d0 nmethod 6486 0x00000184d6739f90 code [0x00000184d673a120, 0x00000184d673a1f8]
Event: 6334.593 Thread 0x00000184ddddb8d0 6487  s    1       java.lang.StringBuffer::toString (59 bytes)
Event: 6334.661 Thread 0x00000184ddddb8d0 nmethod 6487 0x00000184d6739790 code [0x00000184d6739960, 0x00000184d6739df8]
Event: 6424.154 Thread 0x00000184ddddb8d0 6488       1       java.lang.ProcessImpl$2::run (242 bytes)
Event: 6424.269 Thread 0x00000184ddddb8d0 nmethod 6488 0x00000184d6738110 code [0x00000184d67383c0, 0x00000184d6739158]

GC Heap History (20 events):
Event: 7020.412 GC heap before
{Heap before GC invocations=608 (full 565):
 garbage-first heap   total 86016K, used 25171K [0x00000000c0000000, 0x0000000100000000)
  region size 1024K, 1 young (1024K), 0 survivors (0K)
 Metaspace       used 44511K, committed 44864K, reserved 1089536K
  class space    used 6259K, committed 6400K, reserved 1048576K
}
Event: 7020.449 GC heap after
{Heap after GC invocations=609 (full 566):
 garbage-first heap   total 86016K, used 25171K [0x00000000c0000000, 0x0000000100000000)
  region size 1024K, 0 young (0K), 0 survivors (0K)
 Metaspace       used 44511K, committed 44864K, reserved 1089536K
  class space    used 6259K, committed 6400K, reserved 1048576K
}
Event: 7031.754 GC heap before
{Heap before GC invocations=609 (full 566):
 garbage-first heap   total 86016K, used 25171K [0x00000000c0000000, 0x0000000100000000)
  region size 1024K, 1 young (1024K), 0 survivors (0K)
 Metaspace       used 44511K, committed 44864K, reserved 1089536K
  class space    used 6259K, committed 6400K, reserved 1048576K
}
Event: 7031.807 GC heap after
{Heap after GC invocations=610 (full 567):
 garbage-first heap   total 86016K, used 25171K [0x00000000c0000000, 0x0000000100000000)
  region size 1024K, 0 young (0K), 0 survivors (0K)
 Metaspace       used 44511K, committed 44864K, reserved 1089536K
  class space    used 6259K, committed 6400K, reserved 1048576K
}
Event: 7042.813 GC heap before
{Heap before GC invocations=610 (full 567):
 garbage-first heap   total 86016K, used 25171K [0x00000000c0000000, 0x0000000100000000)
  region size 1024K, 1 young (1024K), 0 survivors (0K)
 Metaspace       used 44511K, committed 44864K, reserved 1089536K
  class space    used 6259K, committed 6400K, reserved 1048576K
}
Event: 7042.870 GC heap after
{Heap after GC invocations=611 (full 568):
 garbage-first heap   total 86016K, used 25171K [0x00000000c0000000, 0x0000000100000000)
  region size 1024K, 0 young (0K), 0 survivors (0K)
 Metaspace       used 44511K, committed 44864K, reserved 1089536K
  class space    used 6259K, committed 6400K, reserved 1048576K
}
Event: 7057.248 GC heap before
{Heap before GC invocations=611 (full 568):
 garbage-first heap   total 86016K, used 25171K [0x00000000c0000000, 0x0000000100000000)
  region size 1024K, 1 young (1024K), 0 survivors (0K)
 Metaspace       used 44511K, committed 44864K, reserved 1089536K
  class space    used 6259K, committed 6400K, reserved 1048576K
}
Event: 7057.283 GC heap after
{Heap after GC invocations=612 (full 569):
 garbage-first heap   total 86016K, used 25171K [0x00000000c0000000, 0x0000000100000000)
  region size 1024K, 0 young (0K), 0 survivors (0K)
 Metaspace       used 44511K, committed 44864K, reserved 1089536K
  class space    used 6259K, committed 6400K, reserved 1048576K
}
Event: 7068.543 GC heap before
{Heap before GC invocations=612 (full 569):
 garbage-first heap   total 86016K, used 25171K [0x00000000c0000000, 0x0000000100000000)
  region size 1024K, 1 young (1024K), 0 survivors (0K)
 Metaspace       used 44511K, committed 44864K, reserved 1089536K
  class space    used 6259K, committed 6400K, reserved 1048576K
}
Event: 7068.578 GC heap after
{Heap after GC invocations=613 (full 570):
 garbage-first heap   total 86016K, used 25171K [0x00000000c0000000, 0x0000000100000000)
  region size 1024K, 0 young (0K), 0 survivors (0K)
 Metaspace       used 44511K, committed 44864K, reserved 1089536K
  class space    used 6259K, committed 6400K, reserved 1048576K
}
Event: 7084.233 GC heap before
{Heap before GC invocations=613 (full 570):
 garbage-first heap   total 86016K, used 25171K [0x00000000c0000000, 0x0000000100000000)
  region size 1024K, 1 young (1024K), 0 survivors (0K)
 Metaspace       used 44511K, committed 44864K, reserved 1089536K
  class space    used 6259K, committed 6400K, reserved 1048576K
}
Event: 7084.267 GC heap after
{Heap after GC invocations=614 (full 571):
 garbage-first heap   total 86016K, used 25171K [0x00000000c0000000, 0x0000000100000000)
  region size 1024K, 0 young (0K), 0 survivors (0K)
 Metaspace       used 44511K, committed 44864K, reserved 1089536K
  class space    used 6259K, committed 6400K, reserved 1048576K
}
Event: 7094.753 GC heap before
{Heap before GC invocations=614 (full 571):
 garbage-first heap   total 86016K, used 25171K [0x00000000c0000000, 0x0000000100000000)
  region size 1024K, 1 young (1024K), 0 survivors (0K)
 Metaspace       used 44511K, committed 44864K, reserved 1089536K
  class space    used 6259K, committed 6400K, reserved 1048576K
}
Event: 7094.795 GC heap after
{Heap after GC invocations=615 (full 572):
 garbage-first heap   total 86016K, used 25171K [0x00000000c0000000, 0x0000000100000000)
  region size 1024K, 0 young (0K), 0 survivors (0K)
 Metaspace       used 44511K, committed 44864K, reserved 1089536K
  class space    used 6259K, committed 6400K, reserved 1048576K
}
Event: 7105.758 GC heap before
{Heap before GC invocations=615 (full 572):
 garbage-first heap   total 86016K, used 25171K [0x00000000c0000000, 0x0000000100000000)
  region size 1024K, 1 young (1024K), 0 survivors (0K)
 Metaspace       used 44511K, committed 44864K, reserved 1089536K
  class space    used 6259K, committed 6400K, reserved 1048576K
}
Event: 7105.789 GC heap after
{Heap after GC invocations=616 (full 573):
 garbage-first heap   total 86016K, used 25171K [0x00000000c0000000, 0x0000000100000000)
  region size 1024K, 0 young (0K), 0 survivors (0K)
 Metaspace       used 44511K, committed 44864K, reserved 1089536K
  class space    used 6259K, committed 6400K, reserved 1048576K
}
Event: 7116.361 GC heap before
{Heap before GC invocations=616 (full 573):
 garbage-first heap   total 86016K, used 25171K [0x00000000c0000000, 0x0000000100000000)
  region size 1024K, 1 young (1024K), 0 survivors (0K)
 Metaspace       used 44511K, committed 44864K, reserved 1089536K
  class space    used 6259K, committed 6400K, reserved 1048576K
}
Event: 7116.414 GC heap after
{Heap after GC invocations=617 (full 574):
 garbage-first heap   total 86016K, used 25171K [0x00000000c0000000, 0x0000000100000000)
  region size 1024K, 0 young (0K), 0 survivors (0K)
 Metaspace       used 44511K, committed 44864K, reserved 1089536K
  class space    used 6259K, committed 6400K, reserved 1048576K
}
Event: 7127.339 GC heap before
{Heap before GC invocations=617 (full 574):
 garbage-first heap   total 86016K, used 25171K [0x00000000c0000000, 0x0000000100000000)
  region size 1024K, 1 young (1024K), 0 survivors (0K)
 Metaspace       used 44511K, committed 44864K, reserved 1089536K
  class space    used 6259K, committed 6400K, reserved 1048576K
}
Event: 7127.378 GC heap after
{Heap after GC invocations=618 (full 575):
 garbage-first heap   total 86016K, used 25171K [0x00000000c0000000, 0x0000000100000000)
  region size 1024K, 0 young (0K), 0 survivors (0K)
 Metaspace       used 44511K, committed 44864K, reserved 1089536K
  class space    used 6259K, committed 6400K, reserved 1048576K
}

Dll operation events (8 events):
Event: 0.412 Loaded shared library c:\Users\pharell\.vscode\extensions\redhat.java-1.15.0-win32-x64\jre\17.0.6-win32-x86_64\bin\java.dll
Event: 2.373 Loaded shared library C:\Users\pharell\.vscode\extensions\redhat.java-1.15.0-win32-x64\jre\17.0.6-win32-x86_64\bin\net.dll
Event: 2.377 Loaded shared library C:\Users\pharell\.vscode\extensions\redhat.java-1.15.0-win32-x64\jre\17.0.6-win32-x86_64\bin\nio.dll
Event: 2.492 Loaded shared library C:\Users\pharell\.vscode\extensions\redhat.java-1.15.0-win32-x64\jre\17.0.6-win32-x86_64\bin\zip.dll
Event: 28.916 Loaded shared library C:\Users\pharell\.vscode\extensions\redhat.java-1.15.0-win32-x64\jre\17.0.6-win32-x86_64\bin\jimage.dll
Event: 32.235 Loaded shared library c:\Users\pharell\.vscode\extensions\redhat.java-1.15.0-win32-x64\jre\17.0.6-win32-x86_64\bin\verify.dll
Event: 81.745 Loaded shared library C:\Users\pharell\.vscode\extensions\redhat.java-1.15.0-win32-x64\jre\17.0.6-win32-x86_64\bin\management.dll
Event: 81.823 Loaded shared library C:\Users\pharell\.vscode\extensions\redhat.java-1.15.0-win32-x64\jre\17.0.6-win32-x86_64\bin\management_ext.dll

Deoptimization events (20 events):
Event: 83.130 Thread 0x00000184df27a010 DEOPT PACKING pc=0x00000184d68bdc01 sp=0x0000003b6a1fe0d0
Event: 83.130 Thread 0x00000184df27a010 DEOPT UNPACKING pc=0x00000184d6417143 sp=0x0000003b6a1fd560 mode 3
Event: 83.134 Thread 0x00000184dfe549f0 DEOPT PACKING pc=0x00000184d68bb797 sp=0x0000003b6a3fecf0
Event: 83.134 Thread 0x00000184dfe549f0 DEOPT UNPACKING pc=0x00000184d6417143 sp=0x0000003b6a3fe148 mode 3
Event: 83.595 Thread 0x00000184dfd52430 DEOPT PACKING pc=0x00000184d69da6ab sp=0x0000003b6a4fe800
Event: 83.595 Thread 0x00000184dfd52430 DEOPT UNPACKING pc=0x00000184d6417143 sp=0x0000003b6a4fdd48 mode 3
Event: 109.849 Thread 0x00000184dfd52430 DEOPT PACKING pc=0x00000184d68a2552 sp=0x0000003b6a4fe100
Event: 109.849 Thread 0x00000184dfd52430 DEOPT UNPACKING pc=0x00000184d6417143 sp=0x0000003b6a4fd608 mode 3
Event: 110.436 Thread 0x00000184dfd52430 DEOPT PACKING pc=0x00000184d6f752f4 sp=0x0000003b6a4fe080
Event: 110.436 Thread 0x00000184dfd52430 DEOPT UNPACKING pc=0x00000184d6417143 sp=0x0000003b6a4fd5b0 mode 0
Event: 110.437 Thread 0x00000184dfd52430 DEOPT PACKING pc=0x00000184d6f20474 sp=0x0000003b6a4fe380
Event: 110.437 Thread 0x00000184dfd52430 DEOPT UNPACKING pc=0x00000184d6417143 sp=0x0000003b6a4fd878 mode 0
Event: 110.437 Thread 0x00000184dfd52430 DEOPT PACKING pc=0x00000184d6eeeaf4 sp=0x0000003b6a4fe450
Event: 110.437 Thread 0x00000184dfd52430 DEOPT UNPACKING pc=0x00000184d6417143 sp=0x0000003b6a4fd928 mode 0
Event: 110.437 Thread 0x00000184dfd52430 DEOPT PACKING pc=0x00000184d6eeae24 sp=0x0000003b6a4fe500
Event: 110.437 Thread 0x00000184dfd52430 DEOPT UNPACKING pc=0x00000184d6417143 sp=0x0000003b6a4fda80 mode 0
Event: 110.438 Thread 0x00000184dfd52430 DEOPT PACKING pc=0x00000184d6f384ac sp=0x0000003b6a4fe820
Event: 110.438 Thread 0x00000184dfd52430 DEOPT UNPACKING pc=0x00000184d6417143 sp=0x0000003b6a4fdcb0 mode 0
Event: 1791.643 Thread 0x00000184df27a010 DEOPT PACKING pc=0x00000184d681aed4 sp=0x0000003b6a1ff2c0
Event: 1791.643 Thread 0x00000184df27a010 DEOPT UNPACKING pc=0x00000184d6417143 sp=0x0000003b6a1fe768 mode 0

Classes unloaded (20 events):
Event: 182.046 Thread 0x00000184ddd8bec0 Unloading class 0x0000000100643c00 'java/lang/invoke/LambdaForm$MH+0x0000000100643c00'
Event: 182.046 Thread 0x00000184ddd8bec0 Unloading class 0x0000000100642c00 'jdk/internal/reflect/GeneratedConstructorAccessor29'
Event: 182.046 Thread 0x00000184ddd8bec0 Unloading class 0x0000000100642800 'jdk/internal/reflect/GeneratedConstructorAccessor28'
Event: 182.046 Thread 0x00000184ddd8bec0 Unloading class 0x0000000100642400 'jdk/internal/reflect/GeneratedConstructorAccessor27'
Event: 182.046 Thread 0x00000184ddd8bec0 Unloading class 0x0000000100642000 'jdk/internal/reflect/GeneratedConstructorAccessor26'
Event: 182.046 Thread 0x00000184ddd8bec0 Unloading class 0x0000000100641c00 'jdk/internal/reflect/GeneratedConstructorAccessor25'
Event: 182.046 Thread 0x00000184ddd8bec0 Unloading class 0x0000000100641800 'jdk/internal/reflect/GeneratedConstructorAccessor24'
Event: 182.046 Thread 0x00000184ddd8bec0 Unloading class 0x0000000100641400 'jdk/internal/reflect/GeneratedConstructorAccessor23'
Event: 182.046 Thread 0x00000184ddd8bec0 Unloading class 0x0000000100641000 'jdk/internal/reflect/GeneratedConstructorAccessor22'
Event: 182.046 Thread 0x00000184ddd8bec0 Unloading class 0x0000000100640c00 'jdk/internal/reflect/GeneratedConstructorAccessor21'
Event: 182.046 Thread 0x00000184ddd8bec0 Unloading class 0x0000000100640800 'jdk/internal/reflect/GeneratedConstructorAccessor20'
Event: 182.046 Thread 0x00000184ddd8bec0 Unloading class 0x0000000100640400 'jdk/internal/reflect/GeneratedConstructorAccessor19'
Event: 182.046 Thread 0x00000184ddd8bec0 Unloading class 0x0000000100604000 'jdk/internal/reflect/GeneratedMethodAccessor20'
Event: 1872.721 Thread 0x00000184ddd8bec0 Unloading class 0x0000000100653000 'java/lang/invoke/LambdaForm$MH+0x0000000100653000'
Event: 1872.721 Thread 0x00000184ddd8bec0 Unloading class 0x0000000100652c00 'java/lang/invoke/LambdaForm$MH+0x0000000100652c00'
Event: 1872.721 Thread 0x00000184ddd8bec0 Unloading class 0x0000000100652800 'java/lang/invoke/LambdaForm$MH+0x0000000100652800'
Event: 1872.721 Thread 0x00000184ddd8bec0 Unloading class 0x0000000100652400 'java/lang/invoke/LambdaForm$MH+0x0000000100652400'
Event: 1872.721 Thread 0x00000184ddd8bec0 Unloading class 0x00000001004bc000 'java/lang/invoke/LambdaForm$MH+0x00000001004bc000'
Event: 1872.721 Thread 0x00000184ddd8bec0 Unloading class 0x0000000100604000 'java/lang/invoke/LambdaForm$MH+0x0000000100604000'
Event: 1872.721 Thread 0x00000184ddd8bec0 Unloading class 0x0000000100643c00 'java/lang/invoke/LambdaForm$MH+0x0000000100643c00'

Classes redefined (0 events):
No events

Internal exceptions (20 events):
Event: 109.132 Thread 0x00000184dfe83700 Exception <a 'sun/nio/fs/WindowsException'{0x00000000d90eaed0}> (0x00000000d90eaed0) 
thrown [s\src\hotspot\share\prims\jni.cpp, line 516]
Event: 109.132 Thread 0x00000184dfe83700 Exception <a 'sun/nio/fs/WindowsException'{0x00000000d90eb8d0}> (0x00000000d90eb8d0) 
thrown [s\src\hotspot\share\prims\jni.cpp, line 516]
Event: 109.132 Thread 0x00000184dfe83700 Exception <a 'sun/nio/fs/WindowsException'{0x00000000d90ebc80}> (0x00000000d90ebc80) 
thrown [s\src\hotspot\share\prims\jni.cpp, line 516]
Event: 109.132 Thread 0x00000184dfe83700 Exception <a 'sun/nio/fs/WindowsException'{0x00000000d90ec688}> (0x00000000d90ec688) 
thrown [s\src\hotspot\share\prims\jni.cpp, line 516]
Event: 109.132 Thread 0x00000184dfe83700 Exception <a 'sun/nio/fs/WindowsException'{0x00000000d90eca48}> (0x00000000d90eca48) 
thrown [s\src\hotspot\share\prims\jni.cpp, line 516]
Event: 109.132 Thread 0x00000184dfe83700 Exception <a 'sun/nio/fs/WindowsException'{0x00000000d90ed448}> (0x00000000d90ed448) 
thrown [s\src\hotspot\share\prims\jni.cpp, line 516]
Event: 109.132 Thread 0x00000184dfe83700 Exception <a 'sun/nio/fs/WindowsException'{0x00000000d90ed7f8}> (0x00000000d90ed7f8) 
thrown [s\src\hotspot\share\prims\jni.cpp, line 516]
Event: 109.133 Thread 0x00000184dfe83700 Exception <a 'sun/nio/fs/WindowsException'{0x00000000d90ee200}> (0x00000000d90ee200) 
thrown [s\src\hotspot\share\prims\jni.cpp, line 516]
Event: 109.133 Thread 0x00000184dfe83700 Exception <a 'sun/nio/fs/WindowsException'{0x00000000d90ee5c0}> (0x00000000d90ee5c0) 
thrown [s\src\hotspot\share\prims\jni.cpp, line 516]
Event: 109.133 Thread 0x00000184dfe83700 Exception <a 'sun/nio/fs/WindowsException'{0x00000000d90eefe8}> (0x00000000d90eefe8) 
thrown [s\src\hotspot\share\prims\jni.cpp, line 516]
Event: 109.133 Thread 0x00000184dfe83700 Exception <a 'sun/nio/fs/WindowsException'{0x00000000d90ef3c8}> (0x00000000d90ef3c8) 
thrown [s\src\hotspot\share\prims\jni.cpp, line 516]
Event: 109.133 Thread 0x00000184dfe83230 Exception <a 'java/lang/NoSuchMethodError'{0x00000000d8f081a8}: 'java.lang.Object java.lang.invoke.Invokers$Holder.invoke_MT(java.lang.Object, java.lang.Object, java.lang.Object)'> (0x00000000d8f081a8) 
thrown [s\src\hotspot\share\interpreter\linkResolver.cpp, line 759]
Event: 109.134 Thread 0x00000184dfe83700 Exception <a 'sun/nio/fs/WindowsException'{0x00000000d90efe00}> (0x00000000d90efe00) 
thrown [s\src\hotspot\share\prims\jni.cpp, line 516]
Event: 109.136 Thread 0x00000184dfe83700 Exception <a 'sun/nio/fs/WindowsException'{0x00000000d90f01f0}> (0x00000000d90f01f0) 
thrown [s\src\hotspot\share\prims\jni.cpp, line 516]
Event: 109.137 Thread 0x00000184dfe83700 Exception <a 'sun/nio/fs/WindowsException'{0x00000000d90f0c20}> (0x00000000d90f0c20) 
thrown [s\src\hotspot\share\prims\jni.cpp, line 516]
Event: 109.137 Thread 0x00000184dfe83700 Exception <a 'sun/nio/fs/WindowsException'{0x00000000d90f1010}> (0x00000000d90f1010) 
thrown [s\src\hotspot\share\prims\jni.cpp, line 516]
Event: 109.412 Thread 0x00000184dfd52430 Exception <a 'java/lang/NoSuchMethodError'{0x00000000d9058e88}: 'void java.lang.invoke.DirectMethodHandle$Holder.invokeStatic(java.lang.Object, java.lang.Object, java.lang.Object, java.lang.Object, java.lang.Object, java.lang.Object, java.lang.Object)'> (0x00000000d9058e88) 
thrown [s\src\hotspot\share\interpreter\linkResolver.cpp, line 759]
Event: 142.073 Thread 0x00000184dfb5c520 Exception <a 'java/lang/NoSuchMethodError'{0x00000000d8fff0c0}: 'void java.lang.invoke.DirectMethodHandle$Holder.invokeStatic(java.lang.Object, long)'> (0x00000000d8fff0c0) 
thrown [s\src\hotspot\share\interpreter\linkResolver.cpp, line 759]
Event: 142.075 Thread 0x00000184dfb5c520 Exception <a 'java/lang/NoSuchMethodError'{0x00000000d8e044f0}: 'java.lang.Object java.lang.invoke.DirectMethodHandle$Holder.newInvokeSpecial(java.lang.Object, long)'> (0x00000000d8e044f0) 
thrown [s\src\hotspot\share\interpreter\linkResolver.cpp, line 759]
Event: 2794.287 Thread 0x00000184dfe83bd0 Exception <a 'java/lang/NoSuchMethodError'{0x00000000c52d3000}: 'java.lang.Object java.lang.invoke.DirectMethodHandle$Holder.invokeStatic(java.lang.Object, java.lang.Object, java.lang.Object, java.lang.Object, int)'> (0x00000000c52d3000) 
thrown [s\src\hotspot\share\interpreter\linkResolver.cpp, line 759]

VM Operations (20 events):
Event: 7020.450 Executing VM operation: G1CollectFull done
Event: 7031.753 Executing VM operation: G1CollectFull
Event: 7031.807 Executing VM operation: G1CollectFull done
Event: 7042.813 Executing VM operation: G1CollectFull
Event: 7042.870 Executing VM operation: G1CollectFull done
Event: 7057.248 Executing VM operation: G1CollectFull
Event: 7057.283 Executing VM operation: G1CollectFull done
Event: 7068.543 Executing VM operation: G1CollectFull
Event: 7068.578 Executing VM operation: G1CollectFull done
Event: 7084.232 Executing VM operation: G1CollectFull
Event: 7084.267 Executing VM operation: G1CollectFull done
Event: 7094.753 Executing VM operation: G1CollectFull
Event: 7094.796 Executing VM operation: G1CollectFull done
Event: 7105.758 Executing VM operation: G1CollectFull
Event: 7105.789 Executing VM operation: G1CollectFull done
Event: 7116.361 Executing VM operation: G1CollectFull
Event: 7116.414 Executing VM operation: G1CollectFull done
Event: 7127.339 Executing VM operation: G1CollectFull
Event: 7127.378 Executing VM operation: G1CollectFull done
Event: 7137.522 Executing VM operation: G1CollectFull

Events (20 events):
Event: 4118.808 Thread 0x00000184e0114ad0 Thread added: 0x00000184e0114ad0
Event: 4118.808 Thread 0x00000184df968350 Thread added: 0x00000184df968350
Event: 4123.864 Thread 0x00000184df968350 Thread exited: 0x00000184df968350
Event: 4130.182 Thread 0x00000184e0114ad0 Thread exited: 0x00000184e0114ad0
Event: 4250.046 Thread 0x00000184dfe83230 Thread exited: 0x00000184dfe83230
Event: 4250.046 Thread 0x00000184dfe83bd0 Thread exited: 0x00000184dfe83bd0
Event: 4326.530 Thread 0x00000184dfe840a0 Thread added: 0x00000184dfe840a0
Event: 4390.228 Thread 0x00000184dfe83bd0 Thread added: 0x00000184dfe83bd0
Event: 4404.952 Thread 0x00000184dfe83230 Thread added: 0x00000184dfe83230
Event: 4464.952 Thread 0x00000184dfe840a0 Thread exited: 0x00000184dfe840a0
Event: 4468.150 Thread 0x00000184dfe83bd0 Thread exited: 0x00000184dfe83bd0
Event: 4469.783 Thread 0x00000184dfe83230 Thread exited: 0x00000184dfe83230
Event: 4775.647 Thread 0x00000184dfe83230 Thread added: 0x00000184dfe83230
Event: 4835.673 Thread 0x00000184dfe83230 Thread exited: 0x00000184dfe83230
Event: 5016.047 Thread 0x00000184e268a2d0 Thread added: 0x00000184e268a2d0
Event: 5021.057 Thread 0x00000184e268a2d0 Thread exited: 0x00000184e268a2d0
Event: 6333.517 Thread 0x00000184dfe83bd0 Thread added: 0x00000184dfe83bd0
Event: 6333.820 Thread 0x00000184dfe840a0 Thread added: 0x00000184dfe840a0
Event: 6393.825 Thread 0x00000184dfe83bd0 Thread exited: 0x00000184dfe83bd0
Event: 6394.755 Thread 0x00000184dfe840a0 Thread exited: 0x00000184dfe840a0


Dynamic libraries:
0x00007ff7fd0f0000 - 0x00007ff7fd0fe000 	c:\Users\pharell\.vscode\extensions\redhat.java-1.15.0-win32-x64\jre\17.0.6-win32-x86_64\bin\java.exe
0x00007ffb3f0a0000 - 0x00007ffb3f2a9000 	C:\WINDOWS\SYSTEM32\ntdll.dll
0x00007ffb3dcd0000 - 0x00007ffb3dd8e000 	C:\WINDOWS\System32\KERNEL32.DLL
0x00007ffb3c690000 - 0x00007ffb3ca0c000 	C:\WINDOWS\System32\KERNELBASE.dll
0x00007ffb3cb00000 - 0x00007ffb3cc11000 	C:\WINDOWS\System32\ucrtbase.dll
0x00007ffb37310000 - 0x00007ffb37329000 	c:\Users\pharell\.vscode\extensions\redhat.java-1.15.0-win32-x64\jre\17.0.6-win32-x86_64\bin\VCRUNTIME140.dll
0x00007ffb2b560000 - 0x00007ffb2b577000 	c:\Users\pharell\.vscode\extensions\redhat.java-1.15.0-win32-x64\jre\17.0.6-win32-x86_64\bin\jli.dll
0x00007ffb3da00000 - 0x00007ffb3dbad000 	C:\WINDOWS\System32\USER32.dll
0x00007ffb3cad0000 - 0x00007ffb3caf6000 	C:\WINDOWS\System32\win32u.dll
0x00007ffb3d9d0000 - 0x00007ffb3d9f9000 	C:\WINDOWS\System32\GDI32.dll
0x00007ffb3c570000 - 0x00007ffb3c688000 	C:\WINDOWS\System32\gdi32full.dll
0x00007ffb3cca0000 - 0x00007ffb3cd3d000 	C:\WINDOWS\System32\msvcp_win.dll
0x00007ffb20b40000 - 0x00007ffb20de5000 	C:\WINDOWS\WinSxS\amd64_microsoft.windows.common-controls_6595b64144ccf1df_6.0.22000.120_none_9d947278b86cc467\COMCTL32.dll
0x00007ffb3d780000 - 0x00007ffb3d823000 	C:\WINDOWS\System32\msvcrt.dll
0x00007ffb3d410000 - 0x00007ffb3d442000 	C:\WINDOWS\System32\IMM32.DLL
0x00007ffb37420000 - 0x00007ffb3742c000 	c:\Users\pharell\.vscode\extensions\redhat.java-1.15.0-win32-x64\jre\17.0.6-win32-x86_64\bin\vcruntime140_1.dll
0x00007ffb28d10000 - 0x00007ffb28da1000 	c:\Users\pharell\.vscode\extensions\redhat.java-1.15.0-win32-x64\jre\17.0.6-win32-x86_64\bin\msvcp140.dll
0x00007ffac66f0000 - 0x00007ffac7337000 	c:\Users\pharell\.vscode\extensions\redhat.java-1.15.0-win32-x64\jre\17.0.6-win32-x86_64\bin\server\jvm.dll
0x00007ffb3dc20000 - 0x00007ffb3dcce000 	C:\WINDOWS\System32\ADVAPI32.dll
0x00007ffb3efc0000 - 0x00007ffb3f05e000 	C:\WINDOWS\System32\sechost.dll
0x00007ffb3e6d0000 - 0x00007ffb3e7f0000 	C:\WINDOWS\System32\RPCRT4.dll
0x00007ffb25b30000 - 0x00007ffb25b39000 	C:\WINDOWS\SYSTEM32\WSOCK32.dll
0x00007ffb2e010000 - 0x00007ffb2e043000 	C:\WINDOWS\SYSTEM32\WINMM.dll
0x00007ffb363b0000 - 0x00007ffb363ba000 	C:\WINDOWS\SYSTEM32\VERSION.dll
0x00007ffb3e4e0000 - 0x00007ffb3e54f000 	C:\WINDOWS\System32\WS2_32.dll
0x00007ffb3b620000 - 0x00007ffb3b638000 	C:\WINDOWS\SYSTEM32\kernel.appcore.dll
0x00007ffb2df50000 - 0x00007ffb2df5a000 	c:\Users\pharell\.vscode\extensions\redhat.java-1.15.0-win32-x64\jre\17.0.6-win32-x86_64\bin\jimage.dll
0x00007ffb39f70000 - 0x00007ffb3a191000 	C:\WINDOWS\SYSTEM32\DBGHELP.DLL
0x00007ffb24b50000 - 0x00007ffb24b81000 	C:\WINDOWS\SYSTEM32\dbgcore.DLL
0x00007ffb3cc20000 - 0x00007ffb3cc9f000 	C:\WINDOWS\System32\bcryptPrimitives.dll
0x00007ffb29ad0000 - 0x00007ffb29af5000 	c:\Users\pharell\.vscode\extensions\redhat.java-1.15.0-win32-x64\jre\17.0.6-win32-x86_64\bin\java.dll
0x00007ffb28cd0000 - 0x00007ffb28ce8000 	c:\Users\pharell\.vscode\extensions\redhat.java-1.15.0-win32-x64\jre\17.0.6-win32-x86_64\bin\zip.dll
0x00007ffb3e7f0000 - 0x00007ffb3efb5000 	C:\WINDOWS\System32\SHELL32.dll
0x00007ffb3a620000 - 0x00007ffb3ae85000 	C:\WINDOWS\SYSTEM32\windows.storage.dll
0x00007ffb3e050000 - 0x00007ffb3e3c8000 	C:\WINDOWS\System32\combase.dll
0x00007ffb3a4b0000 - 0x00007ffb3a616000 	C:\WINDOWS\SYSTEM32\wintypes.dll
0x00007ffb3e550000 - 0x00007ffb3e63a000 	C:\WINDOWS\System32\SHCORE.dll
0x00007ffb3e640000 - 0x00007ffb3e69d000 	C:\WINDOWS\System32\shlwapi.dll
0x00007ffb3c4a0000 - 0x00007ffb3c4c1000 	C:\WINDOWS\SYSTEM32\profapi.dll
0x00007ffb28cb0000 - 0x00007ffb28cc9000 	C:\Users\pharell\.vscode\extensions\redhat.java-1.15.0-win32-x64\jre\17.0.6-win32-x86_64\bin\net.dll
0x00007ffb36120000 - 0x00007ffb36234000 	C:\WINDOWS\SYSTEM32\WINHTTP.dll
0x00007ffb3bab0000 - 0x00007ffb3bb17000 	C:\WINDOWS\system32\mswsock.dll
0x00007ffb28c90000 - 0x00007ffb28ca5000 	C:\Users\pharell\.vscode\extensions\redhat.java-1.15.0-win32-x64\jre\17.0.6-win32-x86_64\bin\nio.dll
0x00007ffb29d60000 - 0x00007ffb29d70000 	c:\Users\pharell\.vscode\extensions\redhat.java-1.15.0-win32-x64\jre\17.0.6-win32-x86_64\bin\verify.dll
0x00007ffb3be10000 - 0x00007ffb3be28000 	C:\WINDOWS\SYSTEM32\CRYPTSP.dll
0x00007ffb3b580000 - 0x00007ffb3b5b5000 	C:\WINDOWS\system32\rsaenh.dll
0x00007ffb3bb50000 - 0x00007ffb3bb79000 	C:\WINDOWS\SYSTEM32\USERENV.dll
0x00007ffb3bf50000 - 0x00007ffb3bf77000 	C:\WINDOWS\SYSTEM32\bcrypt.dll
0x00007ffb3bca0000 - 0x00007ffb3bcac000 	C:\WINDOWS\SYSTEM32\CRYPTBASE.dll
0x00007ffb3b190000 - 0x00007ffb3b1bd000 	C:\WINDOWS\SYSTEM32\IPHLPAPI.DLL
0x00007ffb3d450000 - 0x00007ffb3d459000 	C:\WINDOWS\System32\NSI.dll
0x00007ffb363c0000 - 0x00007ffb363d9000 	C:\WINDOWS\SYSTEM32\dhcpcsvc6.DLL
0x00007ffb36530000 - 0x00007ffb3654e000 	C:\WINDOWS\SYSTEM32\dhcpcsvc.DLL
0x00007ffb3b1c0000 - 0x00007ffb3b2a8000 	C:\WINDOWS\SYSTEM32\DNSAPI.dll
0x00007ffb29ac0000 - 0x00007ffb29ac9000 	C:\Users\pharell\.vscode\extensions\redhat.java-1.15.0-win32-x64\jre\17.0.6-win32-x86_64\bin\management.dll
0x00007ffb28c80000 - 0x00007ffb28c8b000 	C:\Users\pharell\.vscode\extensions\redhat.java-1.15.0-win32-x64\jre\17.0.6-win32-x86_64\bin\management_ext.dll
0x00007ffb3d400000 - 0x00007ffb3d408000 	C:\WINDOWS\System32\PSAPI.DLL

dbghelp: loaded successfully - version: 4.0.5 - missing functions: none
symbol engine: initialized successfully - sym options: 0x614 - pdb path: .;c:\Users\pharell\.vscode\extensions\redhat.java-1.15.0-win32-x64\jre\17.0.6-win32-x86_64\bin;C:\WINDOWS\SYSTEM32;C:\WINDOWS\WinSxS\amd64_microsoft.windows.common-controls_6595b64144ccf1df_6.0.22000.120_none_9d947278b86cc467;c:\Users\pharell\.vscode\extensions\redhat.java-1.15.0-win32-x64\jre\17.0.6-win32-x86_64\bin\server

VM Arguments:
jvm_args: -XX:+HeapDumpOnOutOfMemoryError -Xmx1024m -Dsts.lsp.client=vscode -Dsts.log.file=/dev/null -XX:TieredStopAtLevel=1 -Xlog:jni+resolve=off -Dspring.config.location=file:c:\Users\pharell\.vscode\extensions\vmware.vscode-spring-boot-1.44.0\language-server\BOOT-INF\classes\application.properties 
java_command: org.springframework.ide.vscode.boot.app.BootLanguageServerBootApp
java_class_path (initial): c:\Users\pharell\.vscode\extensions\vmware.vscode-spring-boot-1.44.0\language-server\BOOT-INF\classes;c:\Users\pharell\.vscode\extensions\vmware.vscode-spring-boot-1.44.0\language-server\BOOT-INF\lib\annotations-24.0.0.jar;c:\Users\pharell\.vscode\extensions\vmware.vscode-spring-boot-1.44.0\language-server\BOOT-INF\lib\ant-1.10.13.jar;c:\Users\pharell\.vscode\extensions\vmware.vscode-spring-boot-1.44.0\language-server\BOOT-INF\lib\ant-launcher-1.10.13.jar;c:\Users\pharell\.vscode\extensions\vmware.vscode-spring-boot-1.44.0\language-server\BOOT-INF\lib\antlr-runtime-3.5.2.jar;c:\Users\pharell\.vscode\extensions\vmware.vscode-spring-boot-1.44.0\language-server\BOOT-INF\lib\antlr4-4.9.3.jar;c:\Users\pharell\.vscode\extensions\vmware.vscode-spring-boot-1.44.0\language-server\BOOT-INF\lib\antlr4-runtime-4.9.3.jar;c:\Users\pharell\.vscode\extensions\vmware.vscode-spring-boot-1.44.0\language-server\BOOT-INF\lib\apiguardian-api-1.1.2.jar;c:\Users\pharell\.vscode\extensions\vmware.vscode-spring-boot-1.44.0\language-server\BOOT-INF\lib\asm-9.4.jar;c:\Users\pharell\.vscode\extensions\vmware.vscode-spring-boot-1.44.0\language-server\BOOT-INF\lib\asm-analysis-9.4.jar;c:\Users\pharell\.vscode\extensions\vmware.vscode-spring-boot-1.44.0\language-server\BOOT-INF\lib\asm-tree-9.4.jar;c:\Users\pharell\.vscode\extensions\vmware.vscode-spring-boot-1.44.0\language-server\BOOT-INF\lib\asm-util-9.4.jar;c:\Users\pharell\.vscode\extensions\vmware.vscode-spring-boot-1.44.0\language-server\BOOT-INF\lib\caffeine-3.1.2.jar;c:\Users\pharell\.vscode\extensions\vmware.vscode-spring-boot-1.44.0\language-server\BOOT-INF\lib\checker-qual-3.12.0.jar;c:\Users\pharell\.vscode\extensions\vmware.vscode-spring-boot-1.44.0\language-server\BOOT-INF\lib\ci-environment-9.1.0.jar;c:\Users\pharell\.vscode\extensions\vmware.vscode-spring-boot-1.44.0\language-server\BOOT-INF\lib\classgraph-4.8.149.jar;c:\Users\pharell\.vscode\extensions\vmware.vscode-spring-boot-1.44.0\language-server\
Launcher Type: SUN_STANDARD

[Global flags]
     intx CICompilerCount                          = 3                                         {product} {ergonomic}
     uint ConcGCThreads                            = 1                                         {product} {ergonomic}
     uint G1ConcRefinementThreads                  = 4                                         {product} {ergonomic}
   size_t G1HeapRegionSize                         = 1048576                                   {product} {ergonomic}
    uintx GCDrainStackTargetSize                   = 64                                        {product} {ergonomic}
     bool HeapDumpOnOutOfMemoryError               = true                                   {manageable} {command line}
   size_t InitialHeapSize                          = 132120576                                 {product} {ergonomic}
   size_t MarkStackSize                            = 4194304                                   {product} {ergonomic}
   size_t MaxHeapSize                              = 1073741824                                {product} {command line}
   size_t MaxNewSize                               = 643825664                                 {product} {ergonomic}
   size_t MinHeapDeltaBytes                        = 1048576                                   {product} {ergonomic}
   size_t MinHeapSize                              = 8388608                                   {product} {ergonomic}
    uintx NonProfiledCodeHeapSize                  = 0                                      {pd product} {ergonomic}
     bool ProfileInterpreter                       = false                                  {pd product} {command line}
    uintx ProfiledCodeHeapSize                     = 0                                      {pd product} {ergonomic}
   size_t SoftMaxHeapSize                          = 1073741824                             {manageable} {ergonomic}
     intx TieredStopAtLevel                        = 1                                         {product} {command line}
     bool UseCompressedClassPointers               = true                           {product lp64_product} {ergonomic}
     bool UseCompressedOops                        = true                           {product lp64_product} {ergonomic}
     bool UseG1GC                                  = true                                      {product} {ergonomic}
     bool UseLargePagesIndividualAllocation        = false                                  {pd product} {ergonomic}

Logging:
Log output configuration:
 #0: stdout all=warning,jni+resolve=off uptime,level,tags
 #1: stderr all=off uptime,level,tags

Environment Variables:
JAVA_HOME=C:\Program Files\Java\jdk1.8.0_111
PATH=C:\Python311\Scripts\;C:\Python311\;C:\Program Files (x86)\Common Files\Oracle\Java\javapath;C:\ProgramData\Oracle\Java\javapath;C:\WINDOWS\system32;C:\WINDOWS;C:\WINDOWS\System32\Wbem;C:\WINDOWS\System32\WindowsPowerShell\v1.0\;C:\WINDOWS\System32\OpenSSH\;C:\Program Files\dotnet\;C:\Program Files\Java\jdk1.8.0_111\bin;C:\Program Files\nodejs\;C:\ProgramData\chocolatey\bin;C:\ApacheMaven\apache-maven-3.8.7\bin;D:\Programme  File\PostgreSQL\15\bin;C:\Program Files\Git\cmd;C:\Users\pharell\AppData\Local\Microsoft\WindowsApps;C:\Users\pharell\AppData\Local\Programs\Microsoft VS Code\bin;C:\Users\pharell\AppData\Local\JetBrains\Toolbox\scripts;C:\Users\pharell\AppData\Roaming\npm;D:\Programme  File\IntelliJ IDEA 2022.3.2\bin;;D:\Programme  File\PostgreSQL\15;
USERNAME=pharell
OS=Windows_NT
PROCESSOR_IDENTIFIER=Intel64 Family 6 Model 142 Stepping 10, GenuineIntel
TMP=C:\Users\pharell\AppData\Local\Temp
TEMP=C:\Users\pharell\AppData\Local\Temp



---------------  S Y S T E M  ---------------

OS:
 Windows 11 , 64 bit Build 22000 (10.0.22000.1516)
OS uptime: 0 days 5:27 hours
Hyper-V role detected

CPU: total 4 (initial active 4) (2 cores per cpu, 2 threads per core) family 6 model 142 stepping 10 microcode 0xe0, cx8, cmov, fxsr, ht, mmx, 3dnowpref, sse, sse2, sse3, ssse3, sse4.1, sse4.2, popcnt, lzcnt, tsc, tscinvbit, avx, avx2, aes, erms, clmul, bmi1, bmi2, adx, fma, vzeroupper, clflush, clflushopt, hv

Memory: 4k page, system-wide physical 8026M (546M free)
TotalPageFile size 14921M (AvailPageFile size 6M)
current process WorkingSet (physical memory assigned to process): 63M, peak: 638M
current process commit charge ("private bytes"): 221M, peak: 647M

vm_info: OpenJDK 64-Bit Server VM (17.0.6+10) for windows-amd64 JRE (17.0.6+10), built on Jan 18 2023 10:08:59 by "temurin" with MS VC++ 16.7 (VS2019)

END.
