#
# There is insufficient memory for the Java Runtime Environment to continue.
# Native memory allocation (mmap) failed to map 308281344 bytes for G1 virtual space
# Possible reasons:
#   The system is out of physical RAM or swap space
#   The process is running with CompressedOops enabled, and the Java Heap may be blocking the growth of the native heap
# Possible solutions:
#   Reduce memory load on the system
#   Increase physical memory or swap space
#   Check if swap backing store is full
#   Decrease Java heap size (-Xmx/-Xms)
#   Decrease number of Java threads
#   Decrease Java thread stack sizes (-Xss)
#   Set larger code cache with -XX:ReservedCodeCacheSize=
#   JVM is running with Unscaled Compressed Oops mode in which the Java heap is
#     placed in the first 4GB address space. The Java Heap base address is the
#     maximum limit for the native heap growth. Please use -XX:HeapBaseMinAddress
#     to set the Java Heap base and to place the Java Heap above 4GB virtual address.
# This output file may be truncated or incomplete.
#
#  Out of Memory Error (os_windows.cpp:3557), pid=21176, tid=11176
#
# JRE version: OpenJDK Runtime Environment Temurin-17.0.6+10 (17.0.6+10) (build 17.0.6+10)
# Java VM: OpenJDK 64-Bit Server VM Temurin-17.0.6+10 (17.0.6+10, mixed mode, emulated-client, tiered, compressed oops, compressed class ptrs, g1 gc, windows-amd64)
# No core dump will be written. Minidumps are not enabled by default on client versions of Windows
#

---------------  S U M M A R Y ------------

Command Line: -XX:+HeapDumpOnOutOfMemoryError -Xmx1024m -Dsts.lsp.client=vscode -Dsts.log.file=/dev/null -XX:TieredStopAtLevel=1 -Xlog:jni+resolve=off -Dspring.config.location=file:c:\Users\pharell\.vscode\extensions\vmware.vscode-spring-boot-1.44.0\language-server\BOOT-INF\classes\application.properties org.springframework.ide.vscode.boot.app.BootLanguageServerBootApp

Host: Intel(R) Core(TM) i3-8130U CPU @ 2.20GHz, 4 cores, 7G,  Windows 11 , 64 bit Build 22000 (10.0.22000.1516)
Time: Tue Mar 14 22:28:06 2023 Greenwich elapsed time: 5.406343 seconds (0d 0h 0m 5s)

---------------  T H R E A D  ---------------

Current thread (0x000001f5f9debaa0):  VMThread "VM Thread" [stack: 0x0000008227900000,0x0000008227a00000] [id=11176]

Stack: [0x0000008227900000,0x0000008227a00000]
Native frames: (J=compiled Java code, j=interpreted, Vv=VM code, C=native code)
V  [jvm.dll+0x67741a]
V  [jvm.dll+0x834434]
V  [jvm.dll+0x835bde]
V  [jvm.dll+0x836243]
V  [jvm.dll+0x2457b5]
V  [jvm.dll+0x674329]
V  [jvm.dll+0x6689da]
V  [jvm.dll+0x30489b]
V  [jvm.dll+0x30bd96]
V  [jvm.dll+0x35b57e]
V  [jvm.dll+0x35b7af]
V  [jvm.dll+0x2db778]
V  [jvm.dll+0x2d9a2c]
V  [jvm.dll+0x2d8ffc]
V  [jvm.dll+0x31cdcb]
V  [jvm.dll+0x83a6eb]
V  [jvm.dll+0x83b424]
V  [jvm.dll+0x83b93c]
V  [jvm.dll+0x83bd14]
V  [jvm.dll+0x83bde0]
V  [jvm.dll+0x7e483a]
V  [jvm.dll+0x6762c5]
C  [ucrtbase.dll+0x26c0c]
C  [KERNEL32.DLL+0x155a0]
C  [ntdll.dll+0x485b]

VM_Operation (0x00000082291fdb50): G1CollectForAllocation, mode: safepoint, requested by thread 0x000001f5fc0151e0


---------------  P R O C E S S  ---------------

Threads class SMR info:
_java_thread_list=0x000001f5fbd88360, length=28, elements={
0x000001f5f9e01380, 0x000001f5f9e021f0, 0x000001f5f9e43010, 0x000001f5f9e434e0,
0x000001f5f9e46160, 0x000001f5f9e48de0, 0x000001f5f9e58870, 0x000001f5f9e5bcd0,
0x000001f5faa01cf0, 0x000001f5faa06220, 0x000001f5faa0a740, 0x000001f5faa0c340,
0x000001f5fbe37b20, 0x000001f5fbe83040, 0x000001f5fbe83510, 0x000001f5fbf0b770,
0x000001f5ef8a9d50, 0x000001f5fbbdb580, 0x000001f5fbfd9430, 0x000001f5fbfd9900,
0x000001f5fc0151e0, 0x000001f5fc0169f0, 0x000001f5fc0156b0, 0x000001f5fc016520,
0x000001f5fc015b80, 0x000001f5fc016050, 0x000001f5fc068e20, 0x000001f5fc067fb0
}

Java Threads: ( => current thread )
  0x000001f5f9e01380 JavaThread "Reference Handler" daemon [_thread_blocked, id=1216, stack(0x0000008227a00000,0x0000008227b00000)]
  0x000001f5f9e021f0 JavaThread "Finalizer" daemon [_thread_blocked, id=7396, stack(0x0000008227b00000,0x0000008227c00000)]
  0x000001f5f9e43010 JavaThread "Signal Dispatcher" daemon [_thread_blocked, id=17060, stack(0x0000008227c00000,0x0000008227d00000)]
  0x000001f5f9e434e0 JavaThread "Attach Listener" daemon [_thread_blocked, id=22712, stack(0x0000008227d00000,0x0000008227e00000)]
  0x000001f5f9e46160 JavaThread "Service Thread" daemon [_thread_blocked, id=11548, stack(0x0000008227e00000,0x0000008227f00000)]
  0x000001f5f9e48de0 JavaThread "Monitor Deflation Thread" daemon [_thread_blocked, id=11936, stack(0x0000008227f00000,0x0000008228000000)]
  0x000001f5f9e58870 JavaThread "C1 CompilerThread0" daemon [_thread_blocked, id=9788, stack(0x0000008228000000,0x0000008228100000)]
  0x000001f5f9e5bcd0 JavaThread "Sweeper thread" daemon [_thread_blocked, id=18128, stack(0x0000008228100000,0x0000008228200000)]
  0x000001f5faa01cf0 JavaThread "C1 CompilerThread1" daemon [_thread_blocked, id=14284, stack(0x0000008228200000,0x0000008228300000)]
  0x000001f5faa06220 JavaThread "C1 CompilerThread2" daemon [_thread_blocked, id=22256, stack(0x0000008228300000,0x0000008228400000)]
  0x000001f5faa0a740 JavaThread "Notification Thread" daemon [_thread_blocked, id=22888, stack(0x0000008228400000,0x0000008228500000)]
  0x000001f5faa0c340 JavaThread "Common-Cleaner" daemon [_thread_blocked, id=23324, stack(0x0000008228600000,0x0000008228700000)]
  0x000001f5fbe37b20 JavaThread "boundedElastic-evictor-1" daemon [_thread_blocked, id=8032, stack(0x0000008228a00000,0x0000008228b00000)]
  0x000001f5fbe83040 JavaThread "boundedElastic-evictor-2" daemon [_thread_blocked, id=16224, stack(0x0000008228b00000,0x0000008228c00000)]
  0x000001f5fbe83510 JavaThread "pool-10-thread-1" [_thread_blocked, id=11212, stack(0x0000008228c00000,0x0000008228d00000)]
  0x000001f5fbf0b770 JavaThread "LanguageServerApp-lifecycle" [_thread_blocked, id=21508, stack(0x0000008228d00000,0x0000008228e00000)]
  0x000001f5ef8a9d50 JavaThread "DestroyJavaVM" [_thread_blocked, id=13940, stack(0x0000008227300000,0x0000008227400000)]
  0x000001f5fbbdb580 JavaThread "pool-11-thread-1" [_thread_in_native, id=15764, stack(0x0000008228e00000,0x0000008228f00000)]
  0x000001f5fbfd9430 JavaThread "Simple-Language-Server main thread" daemon [_thread_blocked, id=12680, stack(0x0000008228f00000,0x0000008229000000)]
  0x000001f5fbfd9900 JavaThread "ForkJoinPool.commonPool-worker-1" daemon [_thread_blocked, id=21676, stack(0x0000008229000000,0x0000008229100000)]
  0x000001f5fc0151e0 JavaThread "ClassGraph-worker-0" daemon [_thread_blocked, id=3264, stack(0x0000008229100000,0x0000008229200000)]
  0x000001f5fc0169f0 JavaThread "ClassGraph-worker-1" daemon [_thread_blocked, id=22936, stack(0x0000008229200000,0x0000008229300000)]
  0x000001f5fc0156b0 JavaThread "ClassGraph-worker-2" daemon [_thread_blocked, id=22200, stack(0x0000008229300000,0x0000008229400000)]
  0x000001f5fc016520 JavaThread "ClassGraph-worker-3" daemon [_thread_blocked, id=19584, stack(0x0000008229400000,0x0000008229500000)]
  0x000001f5fc015b80 JavaThread "ClassGraph-worker-4" daemon [_thread_blocked, id=18096, stack(0x0000008229500000,0x0000008229600000)]
  0x000001f5fc016050 JavaThread "ClassGraph-worker-5" daemon [_thread_blocked, id=19836, stack(0x0000008229600000,0x0000008229700000)]
  0x000001f5fc068e20 JavaThread "ClassGraph-worker-6" daemon [_thread_blocked, id=7440, stack(0x0000008229700000,0x0000008229800000)]
  0x000001f5fc067fb0 JavaThread "ClassGraph-worker-7" daemon [_thread_blocked, id=18040, stack(0x0000008229800000,0x0000008229900000)]

Other Threads:
=>0x000001f5f9debaa0 VMThread "VM Thread" [stack: 0x0000008227900000,0x0000008227a00000] [id=11176]
  0x000001f5faa0ac10 WatcherThread [stack: 0x0000008228500000,0x0000008228600000] [id=18176]
  0x000001f5ef8e7f80 GCTaskThread "GC Thread#0" [stack: 0x0000008227400000,0x0000008227500000] [id=16964]
  0x000001f5fb1bf9c0 GCTaskThread "GC Thread#1" [stack: 0x0000008228700000,0x0000008228800000] [id=20644]
  0x000001f5fb1bfc70 GCTaskThread "GC Thread#2" [stack: 0x0000008228800000,0x0000008228900000] [id=14408]
  0x000001f5fb58bf40 GCTaskThread "GC Thread#3" [stack: 0x0000008228900000,0x0000008228a00000] [id=2164]
  0x000001f5ef8f15e0 ConcurrentGCThread "G1 Main Marker" [stack: 0x0000008227500000,0x0000008227600000] [id=11280]
  0x000001f5ef8f2800 ConcurrentGCThread "G1 Conc#0" [stack: 0x0000008227600000,0x0000008227700000] [id=10140]
  0x000001f5ef96a1c0 ConcurrentGCThread "G1 Refine#0" [stack: 0x0000008227700000,0x0000008227800000] [id=5300]
  0x000001f5fbe9f490 ConcurrentGCThread "G1 Refine#1" [stack: 0x0000008229900000,0x0000008229a00000] [id=19148]
  0x000001f5fbe9fd30 ConcurrentGCThread "G1 Refine#2" [stack: 0x0000008229a00000,0x0000008229b00000] [id=20136]
  0x000001f5fbe9f1b0 ConcurrentGCThread "G1 Refine#3" [stack: 0x0000008229b00000,0x0000008229c00000] [id=13452]
  0x000001f5ef96c710 ConcurrentGCThread "G1 Service" [stack: 0x0000008227800000,0x0000008227900000] [id=17368]

Threads with active compile tasks:

VM state: at safepoint (normal execution)

VM Mutex/Monitor currently owned by a thread:  ([mutex/lock_event])
[0x000001f5ed6d0db0] Threads_lock - owner thread: 0x000001f5f9debaa0
[0x000001f5ef8a7020] Heap_lock - owner thread: 0x000001f5fc0151e0

Heap address: 0x00000000c0000000, size: 1024 MB, Compressed Oops mode: 32-bit

CDS archive(s) not mapped
Compressed class space mapped at: 0x0000000100000000-0x0000000140000000, reserved size: 1073741824
Narrow klass base: 0x0000000000000000, Narrow klass shift: 3, Narrow klass range: 0x140000000

GC Precious Log:
 CPUs: 4 total, 4 available
 Memory: 8026M
 Large Page Support: Disabled
 NUMA Support: Disabled
 Compressed Oops: Enabled (32-bit)
 Heap Region Size: 1M
 Heap Min Capacity: 8M
 Heap Initial Capacity: 126M
 Heap Max Capacity: 1G
 Pre-touch: Disabled
 Parallel Workers: 4
 Concurrent Workers: 1
 Concurrent Refinement Workers: 4
 Periodic GC: Disabled

Heap:
 garbage-first heap   total 275456K, used 87152K [0x00000000c0000000, 0x0000000100000000)
  region size 1024K, 11 young (11264K), 11 survivors (11264K)
 Metaspace       used 35419K, committed 35776K, reserved 1081344K
  class space    used 4592K, committed 4800K, reserved 1048576K

Heap Regions: E=young(eden), S=young(survivor), O=old, HS=humongous(starts), HC=humongous(continues), CS=collection set, F=free, OA=open archive, CA=closed archive, TAMS=top-at-mark-start (previous, next)
|   0|0x00000000c0000000, 0x00000000c0100000, 0x00000000c0100000|100%| O|  |TAMS 0x00000000c0100000, 0x00000000c0000000| Untracked 
|   1|0x00000000c0100000, 0x00000000c0200000, 0x00000000c0200000|100%| O|  |TAMS 0x00000000c0200000, 0x00000000c0100000| Untracked 
|   2|0x00000000c0200000, 0x00000000c0300000, 0x00000000c0300000|100%| O|  |TAMS 0x00000000c0300000, 0x00000000c0200000| Untracked 
|   3|0x00000000c0300000, 0x00000000c0400000, 0x00000000c0400000|100%| O|  |TAMS 0x00000000c0400000, 0x00000000c0300000| Untracked 
|   4|0x00000000c0400000, 0x00000000c0500000, 0x00000000c0500000|100%| O|  |TAMS 0x00000000c0500000, 0x00000000c0400000| Untracked 
|   5|0x00000000c0500000, 0x00000000c0600000, 0x00000000c0600000|100%| O|  |TAMS 0x00000000c0600000, 0x00000000c0500000| Untracked 
|   6|0x00000000c0600000, 0x00000000c0700000, 0x00000000c0700000|100%| O|  |TAMS 0x00000000c0700000, 0x00000000c0600000| Untracked 
|   7|0x00000000c0700000, 0x00000000c0800000, 0x00000000c0800000|100%| O|  |TAMS 0x00000000c0700000, 0x00000000c0700000| Untracked 
|   8|0x00000000c0800000, 0x00000000c0900000, 0x00000000c0900000|100%| O|  |TAMS 0x00000000c0900000, 0x00000000c0800000| Untracked 
|   9|0x00000000c0900000, 0x00000000c0a00000, 0x00000000c0a00000|100%| O|  |TAMS 0x00000000c0a00000, 0x00000000c0900000| Untracked 
|  10|0x00000000c0a00000, 0x00000000c0b00000, 0x00000000c0b00000|100%| O|  |TAMS 0x00000000c0b00000, 0x00000000c0a00000| Untracked 
|  11|0x00000000c0b00000, 0x00000000c0c00000, 0x00000000c0c00000|100%| O|  |TAMS 0x00000000c0c00000, 0x00000000c0b00000| Untracked 
|  12|0x00000000c0c00000, 0x00000000c0d00000, 0x00000000c0d00000|100%| O|  |TAMS 0x00000000c0d00000, 0x00000000c0c00000| Untracked 
|  13|0x00000000c0d00000, 0x00000000c0e00000, 0x00000000c0e00000|100%| O|  |TAMS 0x00000000c0e00000, 0x00000000c0d00000| Untracked 
|  14|0x00000000c0e00000, 0x00000000c0f00000, 0x00000000c0f00000|100%| O|  |TAMS 0x00000000c0f00000, 0x00000000c0e00000| Untracked 
|  15|0x00000000c0f00000, 0x00000000c1000000, 0x00000000c1000000|100%| O|  |TAMS 0x00000000c1000000, 0x00000000c0f00000| Untracked 
|  16|0x00000000c1000000, 0x00000000c1100000, 0x00000000c1100000|100%| O|  |TAMS 0x00000000c1100000, 0x00000000c1000000| Untracked 
|  17|0x00000000c1100000, 0x00000000c1200000, 0x00000000c1200000|100%| O|  |TAMS 0x00000000c1200000, 0x00000000c1100000| Untracked 
|  18|0x00000000c1200000, 0x00000000c1300000, 0x00000000c1300000|100%| O|  |TAMS 0x00000000c1300000, 0x00000000c1200000| Untracked 
|  19|0x00000000c1300000, 0x00000000c1400000, 0x00000000c1400000|100%| O|  |TAMS 0x00000000c1400000, 0x00000000c1300000| Untracked 
|  20|0x00000000c1400000, 0x00000000c1500000, 0x00000000c1500000|100%| O|  |TAMS 0x00000000c1500000, 0x00000000c1400000| Untracked 
|  21|0x00000000c1500000, 0x00000000c1600000, 0x00000000c1600000|100%| O|  |TAMS 0x00000000c1600000, 0x00000000c1500000| Untracked 
|  22|0x00000000c1600000, 0x00000000c1700000, 0x00000000c1700000|100%| O|  |TAMS 0x00000000c1700000, 0x00000000c1600000| Untracked 
|  23|0x00000000c1700000, 0x00000000c1800000, 0x00000000c1800000|100%| O|  |TAMS 0x00000000c1800000, 0x00000000c1700000| Untracked 
|  24|0x00000000c1800000, 0x00000000c1900000, 0x00000000c1900000|100%| O|  |TAMS 0x00000000c1900000, 0x00000000c1800000| Untracked 
|  25|0x00000000c1900000, 0x00000000c1a00000, 0x00000000c1a00000|100%| O|  |TAMS 0x00000000c1a00000, 0x00000000c1900000| Untracked 
|  26|0x00000000c1a00000, 0x00000000c1b00000, 0x00000000c1b00000|100%| O|  |TAMS 0x00000000c1b00000, 0x00000000c1a00000| Untracked 
|  27|0x00000000c1b00000, 0x00000000c1c00000, 0x00000000c1c00000|100%| O|  |TAMS 0x00000000c1c00000, 0x00000000c1b00000| Untracked 
|  28|0x00000000c1c00000, 0x00000000c1d00000, 0x00000000c1d00000|100%| O|  |TAMS 0x00000000c1d00000, 0x00000000c1c00000| Untracked 
|  29|0x00000000c1d00000, 0x00000000c1e00000, 0x00000000c1e00000|100%| O|  |TAMS 0x00000000c1e00000, 0x00000000c1d00000| Untracked 
|  30|0x00000000c1e00000, 0x00000000c1f00000, 0x00000000c1f00000|100%| O|  |TAMS 0x00000000c1f00000, 0x00000000c1e00000| Untracked 
|  31|0x00000000c1f00000, 0x00000000c2000000, 0x00000000c2000000|100%| O|  |TAMS 0x00000000c2000000, 0x00000000c1f00000| Untracked 
|  32|0x00000000c2000000, 0x00000000c2100000, 0x00000000c2100000|100%| O|  |TAMS 0x00000000c2100000, 0x00000000c2000000| Untracked 
|  33|0x00000000c2100000, 0x00000000c2200000, 0x00000000c2200000|100%| O|  |TAMS 0x00000000c2200000, 0x00000000c2100000| Untracked 
|  34|0x00000000c2200000, 0x00000000c2300000, 0x00000000c2300000|100%| O|  |TAMS 0x00000000c2300000, 0x00000000c2200000| Untracked 
|  35|0x00000000c2300000, 0x00000000c2400000, 0x00000000c2400000|100%| O|  |TAMS 0x00000000c2400000, 0x00000000c2300000| Untracked 
|  36|0x00000000c2400000, 0x00000000c2500000, 0x00000000c2500000|100%| O|  |TAMS 0x00000000c2500000, 0x00000000c2400000| Untracked 
|  37|0x00000000c2500000, 0x00000000c2600000, 0x00000000c2600000|100%| O|  |TAMS 0x00000000c2600000, 0x00000000c2500000| Untracked 
|  38|0x00000000c2600000, 0x00000000c2700000, 0x00000000c2700000|100%| O|  |TAMS 0x00000000c2700000, 0x00000000c2600000| Untracked 
|  39|0x00000000c2700000, 0x00000000c2800000, 0x00000000c2800000|100%| O|  |TAMS 0x00000000c2800000, 0x00000000c2700000| Untracked 
|  40|0x00000000c2800000, 0x00000000c2900000, 0x00000000c2900000|100%| O|  |TAMS 0x00000000c2900000, 0x00000000c2800000| Untracked 
|  41|0x00000000c2900000, 0x00000000c2a00000, 0x00000000c2a00000|100%| O|  |TAMS 0x00000000c2a00000, 0x00000000c2900000| Untracked 
|  42|0x00000000c2a00000, 0x00000000c2b00000, 0x00000000c2b00000|100%| O|  |TAMS 0x00000000c2a87a00, 0x00000000c2a00000| Untracked 
|  43|0x00000000c2b00000, 0x00000000c2c00000, 0x00000000c2c00000|100%| O|  |TAMS 0x00000000c2b00000, 0x00000000c2b00000| Untracked 
|  44|0x00000000c2c00000, 0x00000000c2d00000, 0x00000000c2d00000|100%| O|  |TAMS 0x00000000c2c00000, 0x00000000c2c00000| Untracked 
|  45|0x00000000c2d00000, 0x00000000c2e00000, 0x00000000c2e00000|100%| O|  |TAMS 0x00000000c2d00000, 0x00000000c2d00000| Untracked 
|  46|0x00000000c2e00000, 0x00000000c2f00000, 0x00000000c2f00000|100%| O|  |TAMS 0x00000000c2e00000, 0x00000000c2e00000| Untracked 
|  47|0x00000000c2f00000, 0x00000000c3000000, 0x00000000c3000000|100%|HS|  |TAMS 0x00000000c2f00000, 0x00000000c2f00000| Complete 
|  48|0x00000000c3000000, 0x00000000c3100000, 0x00000000c3100000|100%| O|  |TAMS 0x00000000c3000000, 0x00000000c3000000| Untracked 
|  49|0x00000000c3100000, 0x00000000c3200000, 0x00000000c3200000|100%| O|  |TAMS 0x00000000c3100000, 0x00000000c3100000| Untracked 
|  50|0x00000000c3200000, 0x00000000c3300000, 0x00000000c3300000|100%| O|  |TAMS 0x00000000c3200000, 0x00000000c3200000| Untracked 
|  51|0x00000000c3300000, 0x00000000c3400000, 0x00000000c3400000|100%| O|  |TAMS 0x00000000c3300000, 0x00000000c3300000| Untracked 
|  52|0x00000000c3400000, 0x00000000c3500000, 0x00000000c3500000|100%| O|  |TAMS 0x00000000c3400000, 0x00000000c3400000| Untracked 
|  53|0x00000000c3500000, 0x00000000c3600000, 0x00000000c3600000|100%| O|  |TAMS 0x00000000c3500000, 0x00000000c3500000| Untracked 
|  54|0x00000000c3600000, 0x00000000c3700000, 0x00000000c3700000|100%| O|  |TAMS 0x00000000c3600000, 0x00000000c3600000| Untracked 
|  55|0x00000000c3700000, 0x00000000c3800000, 0x00000000c3800000|100%| O|  |TAMS 0x00000000c3700000, 0x00000000c3700000| Untracked 
|  56|0x00000000c3800000, 0x00000000c3900000, 0x00000000c3900000|100%|HS|  |TAMS 0x00000000c3800000, 0x00000000c3800000| Complete 
|  57|0x00000000c3900000, 0x00000000c3a00000, 0x00000000c3a00000|100%| O|  |TAMS 0x00000000c3900000, 0x00000000c3900000| Untracked 
|  58|0x00000000c3a00000, 0x00000000c3b00000, 0x00000000c3b00000|100%| O|  |TAMS 0x00000000c3a00000, 0x00000000c3a00000| Untracked 
|  59|0x00000000c3b00000, 0x00000000c3c00000, 0x00000000c3c00000|100%| O|  |TAMS 0x00000000c3b00000, 0x00000000c3b00000| Untracked 
|  60|0x00000000c3c00000, 0x00000000c3d00000, 0x00000000c3d00000|100%| O|  |TAMS 0x00000000c3c00000, 0x00000000c3c00000| Untracked 
|  61|0x00000000c3d00000, 0x00000000c3e00000, 0x00000000c3e00000|100%| O|  |TAMS 0x00000000c3d00000, 0x00000000c3d00000| Untracked 
|  62|0x00000000c3e00000, 0x00000000c3f00000, 0x00000000c3f00000|100%| O|  |TAMS 0x00000000c3e00000, 0x00000000c3e00000| Untracked 
|  63|0x00000000c3f00000, 0x00000000c4000000, 0x00000000c4000000|100%| O|  |TAMS 0x00000000c3f00000, 0x00000000c3f00000| Untracked 
|  64|0x00000000c4000000, 0x00000000c4100000, 0x00000000c4100000|100%| O|  |TAMS 0x00000000c4000000, 0x00000000c4000000| Untracked 
|  65|0x00000000c4100000, 0x00000000c4200000, 0x00000000c4200000|100%| O|  |TAMS 0x00000000c4100000, 0x00000000c4100000| Untracked 
|  66|0x00000000c4200000, 0x00000000c4300000, 0x00000000c4300000|100%| O|  |TAMS 0x00000000c4200000, 0x00000000c4200000| Untracked 
|  67|0x00000000c4300000, 0x00000000c4400000, 0x00000000c4400000|100%| O|  |TAMS 0x00000000c4300000, 0x00000000c4300000| Untracked 
|  68|0x00000000c4400000, 0x00000000c4500000, 0x00000000c4500000|100%| O|  |TAMS 0x00000000c4400000, 0x00000000c4400000| Untracked 
|  69|0x00000000c4500000, 0x00000000c4600000, 0x00000000c4600000|100%| O|  |TAMS 0x00000000c4500000, 0x00000000c4500000| Untracked 
|  70|0x00000000c4600000, 0x00000000c4700000, 0x00000000c4700000|100%| O|  |TAMS 0x00000000c4600000, 0x00000000c4600000| Untracked 
|  71|0x00000000c4700000, 0x00000000c4800000, 0x00000000c4800000|100%| O|  |TAMS 0x00000000c4700000, 0x00000000c4700000| Untracked 
|  72|0x00000000c4800000, 0x00000000c4900000, 0x00000000c4900000|100%| O|  |TAMS 0x00000000c4800000, 0x00000000c4800000| Untracked 
|  73|0x00000000c4900000, 0x00000000c4a00000, 0x00000000c4a00000|100%| O|  |TAMS 0x00000000c4900000, 0x00000000c4900000| Untracked 
|  74|0x00000000c4a00000, 0x00000000c4a1c200, 0x00000000c4b00000| 10%| O|  |TAMS 0x00000000c4a00000, 0x00000000c4a00000| Untracked 
|  75|0x00000000c4b00000, 0x00000000c4b00000, 0x00000000c4c00000|  0%| F|  |TAMS 0x00000000c4b00000, 0x00000000c4b00000| Untracked 
|  76|0x00000000c4c00000, 0x00000000c4c00000, 0x00000000c4d00000|  0%| F|  |TAMS 0x00000000c4c00000, 0x00000000c4c00000| Untracked 
|  77|0x00000000c4d00000, 0x00000000c4d00000, 0x00000000c4e00000|  0%| F|  |TAMS 0x00000000c4d00000, 0x00000000c4d00000| Untracked 
|  78|0x00000000c4e00000, 0x00000000c4e00000, 0x00000000c4f00000|  0%| F|  |TAMS 0x00000000c4e00000, 0x00000000c4e00000| Untracked 
|  79|0x00000000c4f00000, 0x00000000c4f00000, 0x00000000c5000000|  0%| F|  |TAMS 0x00000000c4f00000, 0x00000000c4f00000| Untracked 
|  80|0x00000000c5000000, 0x00000000c5000000, 0x00000000c5100000|  0%| F|  |TAMS 0x00000000c5000000, 0x00000000c5000000| Untracked 
|  81|0x00000000c5100000, 0x00000000c5100000, 0x00000000c5200000|  0%| F|  |TAMS 0x00000000c5100000, 0x00000000c5100000| Untracked 
|  82|0x00000000c5200000, 0x00000000c5200000, 0x00000000c5300000|  0%| F|  |TAMS 0x00000000c5200000, 0x00000000c5200000| Untracked 
|  83|0x00000000c5300000, 0x00000000c5300000, 0x00000000c5400000|  0%| F|  |TAMS 0x00000000c5300000, 0x00000000c5300000| Untracked 
|  84|0x00000000c5400000, 0x00000000c5400000, 0x00000000c5500000|  0%| F|  |TAMS 0x00000000c5400000, 0x00000000c5400000| Untracked 
|  85|0x00000000c5500000, 0x00000000c5500000, 0x00000000c5600000|  0%| F|  |TAMS 0x00000000c5500000, 0x00000000c5500000| Untracked 
|  86|0x00000000c5600000, 0x00000000c5600000, 0x00000000c5700000|  0%| F|  |TAMS 0x00000000c5600000, 0x00000000c5600000| Untracked 
|  87|0x00000000c5700000, 0x00000000c5700000, 0x00000000c5800000|  0%| F|  |TAMS 0x00000000c5700000, 0x00000000c5700000| Untracked 
|  88|0x00000000c5800000, 0x00000000c5800000, 0x00000000c5900000|  0%| F|  |TAMS 0x00000000c5800000, 0x00000000c5800000| Untracked 
|  89|0x00000000c5900000, 0x00000000c5900000, 0x00000000c5a00000|  0%| F|  |TAMS 0x00000000c5900000, 0x00000000c5900000| Untracked 
|  90|0x00000000c5a00000, 0x00000000c5a00000, 0x00000000c5b00000|  0%| F|  |TAMS 0x00000000c5a00000, 0x00000000c5a00000| Untracked 
|  91|0x00000000c5b00000, 0x00000000c5b00000, 0x00000000c5c00000|  0%| F|  |TAMS 0x00000000c5b00000, 0x00000000c5b00000| Untracked 
|  92|0x00000000c5c00000, 0x00000000c5c00000, 0x00000000c5d00000|  0%| F|  |TAMS 0x00000000c5c00000, 0x00000000c5c00000| Untracked 
|  93|0x00000000c5d00000, 0x00000000c5d00000, 0x00000000c5e00000|  0%| F|  |TAMS 0x00000000c5d00000, 0x00000000c5d00000| Untracked 
|  94|0x00000000c5e00000, 0x00000000c5e00000, 0x00000000c5f00000|  0%| F|  |TAMS 0x00000000c5e00000, 0x00000000c5e00000| Untracked 
|  95|0x00000000c5f00000, 0x00000000c5f00000, 0x00000000c6000000|  0%| F|  |TAMS 0x00000000c5f00000, 0x00000000c5f00000| Untracked 
|  96|0x00000000c6000000, 0x00000000c6000000, 0x00000000c6100000|  0%| F|  |TAMS 0x00000000c6000000, 0x00000000c6000000| Untracked 
|  97|0x00000000c6100000, 0x00000000c6100000, 0x00000000c6200000|  0%| F|  |TAMS 0x00000000c6100000, 0x00000000c6100000| Untracked 
|  98|0x00000000c6200000, 0x00000000c6200000, 0x00000000c6300000|  0%| F|  |TAMS 0x00000000c6200000, 0x00000000c6200000| Untracked 
|  99|0x00000000c6300000, 0x00000000c6300000, 0x00000000c6400000|  0%| F|  |TAMS 0x00000000c6300000, 0x00000000c6300000| Untracked 
| 100|0x00000000c6400000, 0x00000000c6400000, 0x00000000c6500000|  0%| F|  |TAMS 0x00000000c6400000, 0x00000000c6400000| Untracked 
| 101|0x00000000c6500000, 0x00000000c6500000, 0x00000000c6600000|  0%| F|  |TAMS 0x00000000c6500000, 0x00000000c6500000| Untracked 
| 102|0x00000000c6600000, 0x00000000c6600000, 0x00000000c6700000|  0%| F|  |TAMS 0x00000000c6600000, 0x00000000c6600000| Untracked 
| 103|0x00000000c6700000, 0x00000000c6700000, 0x00000000c6800000|  0%| F|  |TAMS 0x00000000c6700000, 0x00000000c6700000| Untracked 
| 104|0x00000000c6800000, 0x00000000c6800000, 0x00000000c6900000|  0%| F|  |TAMS 0x00000000c6800000, 0x00000000c6800000| Untracked 
| 105|0x00000000c6900000, 0x00000000c6900000, 0x00000000c6a00000|  0%| F|  |TAMS 0x00000000c6900000, 0x00000000c6900000| Untracked 
| 106|0x00000000c6a00000, 0x00000000c6a00000, 0x00000000c6b00000|  0%| F|  |TAMS 0x00000000c6a00000, 0x00000000c6a00000| Untracked 
| 107|0x00000000c6b00000, 0x00000000c6b00000, 0x00000000c6c00000|  0%| F|  |TAMS 0x00000000c6b00000, 0x00000000c6b00000| Untracked 
| 108|0x00000000c6c00000, 0x00000000c6c00000, 0x00000000c6d00000|  0%| F|  |TAMS 0x00000000c6c00000, 0x00000000c6c00000| Untracked 
| 109|0x00000000c6d00000, 0x00000000c6d00000, 0x00000000c6e00000|  0%| F|  |TAMS 0x00000000c6d00000, 0x00000000c6d00000| Untracked 
| 110|0x00000000c6e00000, 0x00000000c6e00000, 0x00000000c6f00000|  0%| F|  |TAMS 0x00000000c6e00000, 0x00000000c6e00000| Untracked 
| 111|0x00000000c6f00000, 0x00000000c6f00000, 0x00000000c7000000|  0%| F|  |TAMS 0x00000000c6f00000, 0x00000000c6f00000| Untracked 
| 112|0x00000000c7000000, 0x00000000c7000000, 0x00000000c7100000|  0%| F|  |TAMS 0x00000000c7000000, 0x00000000c7000000| Untracked 
| 113|0x00000000c7100000, 0x00000000c7100000, 0x00000000c7200000|  0%| F|  |TAMS 0x00000000c7100000, 0x00000000c7100000| Untracked 
| 114|0x00000000c7200000, 0x00000000c7300000, 0x00000000c7300000|100%| S|CS|TAMS 0x00000000c7200000, 0x00000000c7200000| Complete 
| 115|0x00000000c7300000, 0x00000000c7400000, 0x00000000c7400000|100%| S|CS|TAMS 0x00000000c7300000, 0x00000000c7300000| Complete 
| 116|0x00000000c7400000, 0x00000000c7500000, 0x00000000c7500000|100%| S|CS|TAMS 0x00000000c7400000, 0x00000000c7400000| Complete 
| 117|0x00000000c7500000, 0x00000000c7600000, 0x00000000c7600000|100%| S|CS|TAMS 0x00000000c7500000, 0x00000000c7500000| Complete 
| 118|0x00000000c7600000, 0x00000000c7700000, 0x00000000c7700000|100%| S|CS|TAMS 0x00000000c7600000, 0x00000000c7600000| Complete 
| 119|0x00000000c7700000, 0x00000000c7800000, 0x00000000c7800000|100%| S|CS|TAMS 0x00000000c7700000, 0x00000000c7700000| Complete 
| 120|0x00000000c7800000, 0x00000000c7900000, 0x00000000c7900000|100%| S|CS|TAMS 0x00000000c7800000, 0x00000000c7800000| Complete 
| 121|0x00000000c7900000, 0x00000000c7900000, 0x00000000c7a00000|  0%| F|  |TAMS 0x00000000c7900000, 0x00000000c7900000| Untracked 
| 122|0x00000000c7a00000, 0x00000000c7a00000, 0x00000000c7b00000|  0%| F|  |TAMS 0x00000000c7a00000, 0x00000000c7a00000| Untracked 
| 123|0x00000000c7b00000, 0x00000000c7b00000, 0x00000000c7c00000|  0%| F|  |TAMS 0x00000000c7b00000, 0x00000000c7b00000| Untracked 
| 124|0x00000000c7c00000, 0x00000000c7c00000, 0x00000000c7d00000|  0%| F|  |TAMS 0x00000000c7c00000, 0x00000000c7c00000| Untracked 
| 125|0x00000000c7d00000, 0x00000000c7d00000, 0x00000000c7e00000|  0%| F|  |TAMS 0x00000000c7d00000, 0x00000000c7d00000| Untracked 
| 126|0x00000000c7e00000, 0x00000000c7e00000, 0x00000000c7f00000|  0%| F|  |TAMS 0x00000000c7e00000, 0x00000000c7e00000| Untracked 
| 127|0x00000000c7f00000, 0x00000000c7f00000, 0x00000000c8000000|  0%| F|  |TAMS 0x00000000c7f00000, 0x00000000c7f00000| Untracked 
| 128|0x00000000c8000000, 0x00000000c8000000, 0x00000000c8100000|  0%| F|  |TAMS 0x00000000c8000000, 0x00000000c8000000| Untracked 
| 129|0x00000000c8100000, 0x00000000c8100000, 0x00000000c8200000|  0%| F|  |TAMS 0x00000000c8100000, 0x00000000c8100000| Untracked 
| 130|0x00000000c8200000, 0x00000000c8200000, 0x00000000c8300000|  0%| F|  |TAMS 0x00000000c8200000, 0x00000000c8200000| Untracked 
| 131|0x00000000c8300000, 0x00000000c8300000, 0x00000000c8400000|  0%| F|  |TAMS 0x00000000c8300000, 0x00000000c8300000| Untracked 
| 132|0x00000000c8400000, 0x00000000c8500000, 0x00000000c8500000|100%| S|CS|TAMS 0x00000000c8400000, 0x00000000c8400000| Complete 
| 133|0x00000000c8500000, 0x00000000c8600000, 0x00000000c8600000|100%| S|CS|TAMS 0x00000000c8500000, 0x00000000c8500000| Complete 
| 134|0x00000000c8600000, 0x00000000c8700000, 0x00000000c8700000|100%| S|CS|TAMS 0x00000000c8600000, 0x00000000c8600000| Complete 
| 135|0x00000000c8700000, 0x00000000c8800000, 0x00000000c8800000|100%| S|CS|TAMS 0x00000000c8700000, 0x00000000c8700000| Complete 
| 136|0x00000000c8800000, 0x00000000c8800000, 0x00000000c8900000|  0%| F|  |TAMS 0x00000000c8800000, 0x00000000c8800000| Untracked 
| 137|0x00000000c8900000, 0x00000000c8900000, 0x00000000c8a00000|  0%| F|  |TAMS 0x00000000c8900000, 0x00000000c8900000| Untracked 
| 138|0x00000000c8a00000, 0x00000000c8a00000, 0x00000000c8b00000|  0%| F|  |TAMS 0x00000000c8a00000, 0x00000000c8a00000| Untracked 
| 139|0x00000000c8b00000, 0x00000000c8b00000, 0x00000000c8c00000|  0%| F|  |TAMS 0x00000000c8b00000, 0x00000000c8b00000| Untracked 
| 140|0x00000000c8c00000, 0x00000000c8c00000, 0x00000000c8d00000|  0%| F|  |TAMS 0x00000000c8c00000, 0x00000000c8c00000| Untracked 
| 141|0x00000000c8d00000, 0x00000000c8d00000, 0x00000000c8e00000|  0%| F|  |TAMS 0x00000000c8d00000, 0x00000000c8d00000| Untracked 
| 142|0x00000000c8e00000, 0x00000000c8e00000, 0x00000000c8f00000|  0%| F|  |TAMS 0x00000000c8e00000, 0x00000000c8e00000| Untracked 
| 143|0x00000000c8f00000, 0x00000000c8f00000, 0x00000000c9000000|  0%| F|  |TAMS 0x00000000c8f00000, 0x00000000c8f00000| Untracked 
| 144|0x00000000c9000000, 0x00000000c9000000, 0x00000000c9100000|  0%| F|  |TAMS 0x00000000c9000000, 0x00000000c9000000| Untracked 
| 145|0x00000000c9100000, 0x00000000c9100000, 0x00000000c9200000|  0%| F|  |TAMS 0x00000000c9100000, 0x00000000c9100000| Untracked 
| 146|0x00000000c9200000, 0x00000000c9200000, 0x00000000c9300000|  0%| F|  |TAMS 0x00000000c9200000, 0x00000000c9200000| Untracked 
| 147|0x00000000c9300000, 0x00000000c9300000, 0x00000000c9400000|  0%| F|  |TAMS 0x00000000c9300000, 0x00000000c9300000| Untracked 
| 148|0x00000000c9400000, 0x00000000c9400000, 0x00000000c9500000|  0%| F|  |TAMS 0x00000000c9400000, 0x00000000c9400000| Untracked 
| 149|0x00000000c9500000, 0x00000000c9500000, 0x00000000c9600000|  0%| F|  |TAMS 0x00000000c9500000, 0x00000000c9500000| Untracked 
| 150|0x00000000c9600000, 0x00000000c9600000, 0x00000000c9700000|  0%| F|  |TAMS 0x00000000c9600000, 0x00000000c9600000| Untracked 
| 151|0x00000000c9700000, 0x00000000c9700000, 0x00000000c9800000|  0%| F|  |TAMS 0x00000000c9700000, 0x00000000c9700000| Untracked 
| 152|0x00000000c9800000, 0x00000000c9800000, 0x00000000c9900000|  0%| F|  |TAMS 0x00000000c9800000, 0x00000000c9800000| Untracked 
| 153|0x00000000c9900000, 0x00000000c9900000, 0x00000000c9a00000|  0%| F|  |TAMS 0x00000000c9900000, 0x00000000c9900000| Untracked 
| 154|0x00000000c9a00000, 0x00000000c9a00000, 0x00000000c9b00000|  0%| F|  |TAMS 0x00000000c9a00000, 0x00000000c9a00000| Untracked 
| 155|0x00000000c9b00000, 0x00000000c9b00000, 0x00000000c9c00000|  0%| F|  |TAMS 0x00000000c9b00000, 0x00000000c9b00000| Untracked 
| 156|0x00000000c9c00000, 0x00000000c9c00000, 0x00000000c9d00000|  0%| F|  |TAMS 0x00000000c9c00000, 0x00000000c9c00000| Untracked 
| 157|0x00000000c9d00000, 0x00000000c9d00000, 0x00000000c9e00000|  0%| F|  |TAMS 0x00000000c9d00000, 0x00000000c9d00000| Untracked 
| 158|0x00000000c9e00000, 0x00000000c9e00000, 0x00000000c9f00000|  0%| F|  |TAMS 0x00000000c9e00000, 0x00000000c9e00000| Untracked 
| 159|0x00000000c9f00000, 0x00000000c9f00000, 0x00000000ca000000|  0%| F|  |TAMS 0x00000000c9f00000, 0x00000000c9f00000| Untracked 
| 160|0x00000000ca000000, 0x00000000ca000000, 0x00000000ca100000|  0%| F|  |TAMS 0x00000000ca000000, 0x00000000ca000000| Untracked 
| 161|0x00000000ca100000, 0x00000000ca100000, 0x00000000ca200000|  0%| F|  |TAMS 0x00000000ca100000, 0x00000000ca100000| Untracked 
| 162|0x00000000ca200000, 0x00000000ca200000, 0x00000000ca300000|  0%| F|  |TAMS 0x00000000ca200000, 0x00000000ca200000| Untracked 
| 163|0x00000000ca300000, 0x00000000ca300000, 0x00000000ca400000|  0%| F|  |TAMS 0x00000000ca300000, 0x00000000ca300000| Untracked 
| 164|0x00000000ca400000, 0x00000000ca400000, 0x00000000ca500000|  0%| F|  |TAMS 0x00000000ca400000, 0x00000000ca400000| Untracked 
| 165|0x00000000ca500000, 0x00000000ca500000, 0x00000000ca600000|  0%| F|  |TAMS 0x00000000ca500000, 0x00000000ca500000| Untracked 
| 166|0x00000000ca600000, 0x00000000ca600000, 0x00000000ca700000|  0%| F|  |TAMS 0x00000000ca600000, 0x00000000ca600000| Untracked 
| 167|0x00000000ca700000, 0x00000000ca700000, 0x00000000ca800000|  0%| F|  |TAMS 0x00000000ca700000, 0x00000000ca700000| Untracked 
| 168|0x00000000ca800000, 0x00000000ca800000, 0x00000000ca900000|  0%| F|  |TAMS 0x00000000ca800000, 0x00000000ca800000| Untracked 
| 169|0x00000000ca900000, 0x00000000ca900000, 0x00000000caa00000|  0%| F|  |TAMS 0x00000000ca900000, 0x00000000ca900000| Untracked 
| 170|0x00000000caa00000, 0x00000000caa00000, 0x00000000cab00000|  0%| F|  |TAMS 0x00000000caa00000, 0x00000000caa00000| Untracked 
| 171|0x00000000cab00000, 0x00000000cab00000, 0x00000000cac00000|  0%| F|  |TAMS 0x00000000cab00000, 0x00000000cab00000| Untracked 
| 172|0x00000000cac00000, 0x00000000cac00000, 0x00000000cad00000|  0%| F|  |TAMS 0x00000000cac00000, 0x00000000cac00000| Untracked 
| 173|0x00000000cad00000, 0x00000000cad00000, 0x00000000cae00000|  0%| F|  |TAMS 0x00000000cad00000, 0x00000000cad00000| Untracked 
| 174|0x00000000cae00000, 0x00000000cae00000, 0x00000000caf00000|  0%| F|  |TAMS 0x00000000cae00000, 0x00000000cae00000| Untracked 
| 175|0x00000000caf00000, 0x00000000caf00000, 0x00000000cb000000|  0%| F|  |TAMS 0x00000000caf00000, 0x00000000caf00000| Untracked 
| 176|0x00000000cb000000, 0x00000000cb000000, 0x00000000cb100000|  0%| F|  |TAMS 0x00000000cb000000, 0x00000000cb000000| Untracked 
| 177|0x00000000cb100000, 0x00000000cb100000, 0x00000000cb200000|  0%| F|  |TAMS 0x00000000cb100000, 0x00000000cb100000| Untracked 
| 178|0x00000000cb200000, 0x00000000cb200000, 0x00000000cb300000|  0%| F|  |TAMS 0x00000000cb200000, 0x00000000cb200000| Untracked 
| 179|0x00000000cb300000, 0x00000000cb300000, 0x00000000cb400000|  0%| F|  |TAMS 0x00000000cb300000, 0x00000000cb300000| Untracked 
| 180|0x00000000cb400000, 0x00000000cb400000, 0x00000000cb500000|  0%| F|  |TAMS 0x00000000cb400000, 0x00000000cb400000| Untracked 
| 181|0x00000000cb500000, 0x00000000cb500000, 0x00000000cb600000|  0%| F|  |TAMS 0x00000000cb500000, 0x00000000cb500000| Untracked 
| 182|0x00000000cb600000, 0x00000000cb600000, 0x00000000cb700000|  0%| F|  |TAMS 0x00000000cb600000, 0x00000000cb600000| Untracked 
| 183|0x00000000cb700000, 0x00000000cb700000, 0x00000000cb800000|  0%| F|  |TAMS 0x00000000cb700000, 0x00000000cb700000| Untracked 
| 184|0x00000000cb800000, 0x00000000cb800000, 0x00000000cb900000|  0%| F|  |TAMS 0x00000000cb800000, 0x00000000cb800000| Untracked 
| 185|0x00000000cb900000, 0x00000000cb900000, 0x00000000cba00000|  0%| F|  |TAMS 0x00000000cb900000, 0x00000000cb900000| Untracked 
| 186|0x00000000cba00000, 0x00000000cba00000, 0x00000000cbb00000|  0%| F|  |TAMS 0x00000000cba00000, 0x00000000cba00000| Untracked 
| 187|0x00000000cbb00000, 0x00000000cbb00000, 0x00000000cbc00000|  0%| F|  |TAMS 0x00000000cbb00000, 0x00000000cbb00000| Untracked 
| 188|0x00000000cbc00000, 0x00000000cbc00000, 0x00000000cbd00000|  0%| F|  |TAMS 0x00000000cbc00000, 0x00000000cbc00000| Untracked 
| 189|0x00000000cbd00000, 0x00000000cbd00000, 0x00000000cbe00000|  0%| F|  |TAMS 0x00000000cbd00000, 0x00000000cbd00000| Untracked 
| 190|0x00000000cbe00000, 0x00000000cbe00000, 0x00000000cbf00000|  0%| F|  |TAMS 0x00000000cbe00000, 0x00000000cbe00000| Untracked 
| 191|0x00000000cbf00000, 0x00000000cbf00000, 0x00000000cc000000|  0%| F|  |TAMS 0x00000000cbf00000, 0x00000000cbf00000| Untracked 
| 192|0x00000000cc000000, 0x00000000cc000000, 0x00000000cc100000|  0%| F|  |TAMS 0x00000000cc000000, 0x00000000cc000000| Untracked 
| 193|0x00000000cc100000, 0x00000000cc100000, 0x00000000cc200000|  0%| F|  |TAMS 0x00000000cc100000, 0x00000000cc100000| Untracked 
| 194|0x00000000cc200000, 0x00000000cc200000, 0x00000000cc300000|  0%| F|  |TAMS 0x00000000cc200000, 0x00000000cc200000| Untracked 
| 195|0x00000000cc300000, 0x00000000cc300000, 0x00000000cc400000|  0%| F|  |TAMS 0x00000000cc300000, 0x00000000cc300000| Untracked 
| 196|0x00000000cc400000, 0x00000000cc400000, 0x00000000cc500000|  0%| F|  |TAMS 0x00000000cc400000, 0x00000000cc400000| Untracked 
| 197|0x00000000cc500000, 0x00000000cc500000, 0x00000000cc600000|  0%| F|  |TAMS 0x00000000cc500000, 0x00000000cc500000| Untracked 
| 198|0x00000000cc600000, 0x00000000cc600000, 0x00000000cc700000|  0%| F|  |TAMS 0x00000000cc600000, 0x00000000cc600000| Untracked 
| 199|0x00000000cc700000, 0x00000000cc700000, 0x00000000cc800000|  0%| F|  |TAMS 0x00000000cc700000, 0x00000000cc700000| Untracked 
| 200|0x00000000cc800000, 0x00000000cc800000, 0x00000000cc900000|  0%| F|  |TAMS 0x00000000cc800000, 0x00000000cc800000| Untracked 
| 201|0x00000000cc900000, 0x00000000cc900000, 0x00000000cca00000|  0%| F|  |TAMS 0x00000000cc900000, 0x00000000cc900000| Untracked 
| 202|0x00000000cca00000, 0x00000000cca00000, 0x00000000ccb00000|  0%| F|  |TAMS 0x00000000cca00000, 0x00000000cca00000| Untracked 
| 203|0x00000000ccb00000, 0x00000000ccb00000, 0x00000000ccc00000|  0%| F|  |TAMS 0x00000000ccb00000, 0x00000000ccb00000| Untracked 
| 204|0x00000000ccc00000, 0x00000000ccc00000, 0x00000000ccd00000|  0%| F|  |TAMS 0x00000000ccc00000, 0x00000000ccc00000| Untracked 
| 205|0x00000000ccd00000, 0x00000000ccd00000, 0x00000000cce00000|  0%| F|  |TAMS 0x00000000ccd00000, 0x00000000ccd00000| Untracked 
| 206|0x00000000cce00000, 0x00000000cce00000, 0x00000000ccf00000|  0%| F|  |TAMS 0x00000000cce00000, 0x00000000cce00000| Untracked 
| 207|0x00000000ccf00000, 0x00000000ccf00000, 0x00000000cd000000|  0%| F|  |TAMS 0x00000000ccf00000, 0x00000000ccf00000| Untracked 
| 208|0x00000000cd000000, 0x00000000cd000000, 0x00000000cd100000|  0%| F|  |TAMS 0x00000000cd000000, 0x00000000cd000000| Untracked 
| 209|0x00000000cd100000, 0x00000000cd100000, 0x00000000cd200000|  0%| F|  |TAMS 0x00000000cd100000, 0x00000000cd100000| Untracked 
| 210|0x00000000cd200000, 0x00000000cd200000, 0x00000000cd300000|  0%| F|  |TAMS 0x00000000cd200000, 0x00000000cd200000| Untracked 
| 211|0x00000000cd300000, 0x00000000cd300000, 0x00000000cd400000|  0%| F|  |TAMS 0x00000000cd300000, 0x00000000cd300000| Untracked 
| 212|0x00000000cd400000, 0x00000000cd400000, 0x00000000cd500000|  0%| F|  |TAMS 0x00000000cd400000, 0x00000000cd400000| Untracked 
| 213|0x00000000cd500000, 0x00000000cd500000, 0x00000000cd600000|  0%| F|  |TAMS 0x00000000cd500000, 0x00000000cd500000| Untracked 
| 214|0x00000000cd600000, 0x00000000cd600000, 0x00000000cd700000|  0%| F|  |TAMS 0x00000000cd600000, 0x00000000cd600000| Untracked 
| 215|0x00000000cd700000, 0x00000000cd700000, 0x00000000cd800000|  0%| F|  |TAMS 0x00000000cd700000, 0x00000000cd700000| Untracked 
| 216|0x00000000cd800000, 0x00000000cd800000, 0x00000000cd900000|  0%| F|  |TAMS 0x00000000cd800000, 0x00000000cd800000| Untracked 
| 217|0x00000000cd900000, 0x00000000cd900000, 0x00000000cda00000|  0%| F|  |TAMS 0x00000000cd900000, 0x00000000cd900000| Untracked 
| 218|0x00000000cda00000, 0x00000000cda00000, 0x00000000cdb00000|  0%| F|  |TAMS 0x00000000cda00000, 0x00000000cda00000| Untracked 
| 219|0x00000000cdb00000, 0x00000000cdb00000, 0x00000000cdc00000|  0%| F|  |TAMS 0x00000000cdb00000, 0x00000000cdb00000| Untracked 
| 220|0x00000000cdc00000, 0x00000000cdc00000, 0x00000000cdd00000|  0%| F|  |TAMS 0x00000000cdc00000, 0x00000000cdc00000| Untracked 
| 221|0x00000000cdd00000, 0x00000000cdd00000, 0x00000000cde00000|  0%| F|  |TAMS 0x00000000cdd00000, 0x00000000cdd00000| Untracked 
| 222|0x00000000cde00000, 0x00000000cde00000, 0x00000000cdf00000|  0%| F|  |TAMS 0x00000000cde00000, 0x00000000cde00000| Untracked 
| 223|0x00000000cdf00000, 0x00000000cdf00000, 0x00000000ce000000|  0%| F|  |TAMS 0x00000000cdf00000, 0x00000000cdf00000| Untracked 
| 224|0x00000000ce000000, 0x00000000ce000000, 0x00000000ce100000|  0%| F|  |TAMS 0x00000000ce000000, 0x00000000ce000000| Untracked 
| 225|0x00000000ce100000, 0x00000000ce100000, 0x00000000ce200000|  0%| F|  |TAMS 0x00000000ce100000, 0x00000000ce100000| Untracked 
| 226|0x00000000ce200000, 0x00000000ce200000, 0x00000000ce300000|  0%| F|  |TAMS 0x00000000ce200000, 0x00000000ce200000| Untracked 
| 227|0x00000000ce300000, 0x00000000ce300000, 0x00000000ce400000|  0%| F|  |TAMS 0x00000000ce300000, 0x00000000ce300000| Untracked 
| 228|0x00000000ce400000, 0x00000000ce400000, 0x00000000ce500000|  0%| F|  |TAMS 0x00000000ce400000, 0x00000000ce400000| Untracked 
| 229|0x00000000ce500000, 0x00000000ce500000, 0x00000000ce600000|  0%| F|  |TAMS 0x00000000ce500000, 0x00000000ce500000| Untracked 
| 230|0x00000000ce600000, 0x00000000ce600000, 0x00000000ce700000|  0%| F|  |TAMS 0x00000000ce600000, 0x00000000ce600000| Untracked 
| 231|0x00000000ce700000, 0x00000000ce700000, 0x00000000ce800000|  0%| F|  |TAMS 0x00000000ce700000, 0x00000000ce700000| Untracked 
| 232|0x00000000ce800000, 0x00000000ce800000, 0x00000000ce900000|  0%| F|  |TAMS 0x00000000ce800000, 0x00000000ce800000| Untracked 
| 233|0x00000000ce900000, 0x00000000ce900000, 0x00000000cea00000|  0%| F|  |TAMS 0x00000000ce900000, 0x00000000ce900000| Untracked 
| 234|0x00000000cea00000, 0x00000000cea00000, 0x00000000ceb00000|  0%| F|  |TAMS 0x00000000cea00000, 0x00000000cea00000| Untracked 
| 235|0x00000000ceb00000, 0x00000000ceb00000, 0x00000000cec00000|  0%| F|  |TAMS 0x00000000ceb00000, 0x00000000ceb00000| Untracked 
| 236|0x00000000cec00000, 0x00000000cec00000, 0x00000000ced00000|  0%| F|  |TAMS 0x00000000cec00000, 0x00000000cec00000| Untracked 
| 237|0x00000000ced00000, 0x00000000ced00000, 0x00000000cee00000|  0%| F|  |TAMS 0x00000000ced00000, 0x00000000ced00000| Untracked 
| 238|0x00000000cee00000, 0x00000000cee00000, 0x00000000cef00000|  0%| F|  |TAMS 0x00000000cee00000, 0x00000000cee00000| Untracked 
| 239|0x00000000cef00000, 0x00000000cef00000, 0x00000000cf000000|  0%| F|  |TAMS 0x00000000cef00000, 0x00000000cef00000| Untracked 
| 240|0x00000000cf000000, 0x00000000cf000000, 0x00000000cf100000|  0%| F|  |TAMS 0x00000000cf000000, 0x00000000cf000000| Untracked 
| 241|0x00000000cf100000, 0x00000000cf100000, 0x00000000cf200000|  0%| F|  |TAMS 0x00000000cf100000, 0x00000000cf100000| Untracked 
| 242|0x00000000cf200000, 0x00000000cf200000, 0x00000000cf300000|  0%| F|  |TAMS 0x00000000cf200000, 0x00000000cf200000| Untracked 
| 243|0x00000000cf300000, 0x00000000cf300000, 0x00000000cf400000|  0%| F|  |TAMS 0x00000000cf300000, 0x00000000cf300000| Untracked 
| 244|0x00000000cf400000, 0x00000000cf400000, 0x00000000cf500000|  0%| F|  |TAMS 0x00000000cf400000, 0x00000000cf400000| Untracked 
| 245|0x00000000cf500000, 0x00000000cf500000, 0x00000000cf600000|  0%| F|  |TAMS 0x00000000cf500000, 0x00000000cf500000| Untracked 
| 246|0x00000000cf600000, 0x00000000cf600000, 0x00000000cf700000|  0%| F|  |TAMS 0x00000000cf600000, 0x00000000cf600000| Untracked 
| 247|0x00000000cf700000, 0x00000000cf700000, 0x00000000cf800000|  0%| F|  |TAMS 0x00000000cf700000, 0x00000000cf700000| Untracked 
| 248|0x00000000cf800000, 0x00000000cf800000, 0x00000000cf900000|  0%| F|  |TAMS 0x00000000cf800000, 0x00000000cf800000| Untracked 
| 249|0x00000000cf900000, 0x00000000cf900000, 0x00000000cfa00000|  0%| F|  |TAMS 0x00000000cf900000, 0x00000000cf900000| Untracked 
| 250|0x00000000cfa00000, 0x00000000cfa00000, 0x00000000cfb00000|  0%| F|  |TAMS 0x00000000cfa00000, 0x00000000cfa00000| Untracked 
| 251|0x00000000cfb00000, 0x00000000cfb00000, 0x00000000cfc00000|  0%| F|  |TAMS 0x00000000cfb00000, 0x00000000cfb00000| Untracked 
| 252|0x00000000cfc00000, 0x00000000cfc00000, 0x00000000cfd00000|  0%| F|  |TAMS 0x00000000cfc00000, 0x00000000cfc00000| Untracked 
| 253|0x00000000cfd00000, 0x00000000cfd00000, 0x00000000cfe00000|  0%| F|  |TAMS 0x00000000cfd00000, 0x00000000cfd00000| Untracked 
| 254|0x00000000cfe00000, 0x00000000cfe00000, 0x00000000cff00000|  0%| F|  |TAMS 0x00000000cfe00000, 0x00000000cfe00000| Untracked 
| 255|0x00000000cff00000, 0x00000000cff00000, 0x00000000d0000000|  0%| F|  |TAMS 0x00000000cff00000, 0x00000000cff00000| Untracked 
| 256|0x00000000d0000000, 0x00000000d0000000, 0x00000000d0100000|  0%| F|  |TAMS 0x00000000d0000000, 0x00000000d0000000| Untracked 
| 257|0x00000000d0100000, 0x00000000d0100000, 0x00000000d0200000|  0%| F|  |TAMS 0x00000000d0100000, 0x00000000d0100000| Untracked 
| 258|0x00000000d0200000, 0x00000000d0200000, 0x00000000d0300000|  0%| F|  |TAMS 0x00000000d0200000, 0x00000000d0200000| Untracked 
| 259|0x00000000d0300000, 0x00000000d0300000, 0x00000000d0400000|  0%| F|  |TAMS 0x00000000d0300000, 0x00000000d0300000| Untracked 
| 260|0x00000000d0400000, 0x00000000d0400000, 0x00000000d0500000|  0%| F|  |TAMS 0x00000000d0400000, 0x00000000d0400000| Untracked 
| 261|0x00000000d0500000, 0x00000000d0500000, 0x00000000d0600000|  0%| F|  |TAMS 0x00000000d0500000, 0x00000000d0500000| Untracked 
| 262|0x00000000d0600000, 0x00000000d0600000, 0x00000000d0700000|  0%| F|  |TAMS 0x00000000d0600000, 0x00000000d0600000| Untracked 
| 263|0x00000000d0700000, 0x00000000d0700000, 0x00000000d0800000|  0%| F|  |TAMS 0x00000000d0700000, 0x00000000d0700000| Untracked 
| 264|0x00000000d0800000, 0x00000000d0800000, 0x00000000d0900000|  0%| F|  |TAMS 0x00000000d0800000, 0x00000000d0800000| Untracked 
| 265|0x00000000d0900000, 0x00000000d0900000, 0x00000000d0a00000|  0%| F|  |TAMS 0x00000000d0900000, 0x00000000d0900000| Untracked 
| 266|0x00000000d0a00000, 0x00000000d0a00000, 0x00000000d0b00000|  0%| F|  |TAMS 0x00000000d0a00000, 0x00000000d0a00000| Untracked 
| 267|0x00000000d0b00000, 0x00000000d0b00000, 0x00000000d0c00000|  0%| F|  |TAMS 0x00000000d0b00000, 0x00000000d0b00000| Untracked 
| 268|0x00000000d0c00000, 0x00000000d0c00000, 0x00000000d0d00000|  0%| F|  |TAMS 0x00000000d0c00000, 0x00000000d0c00000| Untracked 

Card table byte_map: [0x000001f5f5530000,0x000001f5f5730000] _byte_map_base: 0x000001f5f4f30000

Marking Bits (Prev, Next): (CMBitMap*) 0x000001f5ef8e84e0, (CMBitMap*) 0x000001f5ef8e84a0
 Prev Bits: [0x000001f5f6930000, 0x000001f5f7930000)
 Next Bits: [0x000001f5f5930000, 0x000001f5f6930000)

Polling page: 0x000001f5ed7e0000

Metaspace:

Usage:
  Non-class:     30.10 MB used.
      Class:      4.48 MB used.
       Both:     34.59 MB used.

Virtual space:
  Non-class space:       32.00 MB reserved,      30.25 MB ( 95%) committed,  4 nodes.
      Class space:        1.00 GB reserved,       4.69 MB ( <1%) committed,  1 nodes.
             Both:        1.03 GB reserved,      34.94 MB (  3%) committed. 

Chunk freelists:
   Non-Class:  1.25 MB
       Class:  3.23 MB
        Both:  4.48 MB

MaxMetaspaceSize: unlimited
CompressedClassSpaceSize: 1.00 GB
Initial GC threshold: 21.00 MB
Current GC threshold: 58.12 MB
CDS: off
MetaspaceReclaimPolicy: balanced
 - commit_granule_bytes: 65536.
 - commit_granule_words: 8192.
 - virtual_space_node_default_size: 1048576.
 - enlarge_chunks_in_place: 1.
 - new_chunks_are_fully_committed: 0.
 - uncommit_free_chunks: 1.
 - use_allocation_guard: 0.
 - handle_deallocations: 1.


Internal statistics:

num_allocs_failed_limit: 3.
num_arena_births: 452.
num_arena_deaths: 0.
num_vsnodes_births: 5.
num_vsnodes_deaths: 0.
num_space_committed: 559.
num_space_uncommitted: 0.
num_chunks_returned_to_freelist: 3.
num_chunks_taken_from_freelist: 1494.
num_chunk_merges: 3.
num_chunk_splits: 1008.
num_chunks_enlarged: 743.
num_purges: 0.
num_inconsistent_stats: 0.

CodeCache: size=49152Kb used=8552Kb max_used=8552Kb free=40599Kb
 bounds [0x000001f5f2530000, 0x000001f5f2d90000, 0x000001f5f5530000]
 total_blobs=4299 nmethods=3760 adapters=464
 compilation: enabled
              stopped_count=0, restarted_count=0
 full_count=0

Compilation events (20 events):
Event: 5.073 Thread 0x000001f5faa01cf0 3741       1       io.github.classgraph.ModuleReaderProxy::open (72 bytes)
Event: 5.073 Thread 0x000001f5f9e58870 nmethod 3743 0x000001f5f2d83590 code [0x000001f5f2d83740, 0x000001f5f2d839c8]
Event: 5.074 Thread 0x000001f5f9e58870 3742       1       jdk.internal.jimage.BasicImageReader::findLocation (57 bytes)
Event: 5.074 Thread 0x000001f5faa01cf0 nmethod 3741 0x000001f5f2d83b90 code [0x000001f5f2d83da0, 0x000001f5f2d84288]
Event: 5.074 Thread 0x000001f5faa01cf0 3750   !   1       nonapi.io.github.classgraph.fileslice.reader.ClassfileReader::close (43 bytes)
Event: 5.074 Thread 0x000001f5f9e58870 nmethod 3742 0x000001f5f2d84490 code [0x000001f5f2d846a0, 0x000001f5f2d84bc8]
Event: 5.074 Thread 0x000001f5faa01cf0 nmethod 3750 0x000001f5f2d84e10 code [0x000001f5f2d84fc0, 0x000001f5f2d85198]
Event: 5.074 Thread 0x000001f5f9e58870 3755       1       nonapi.io.github.classgraph.utils.ProxyingInputStream::<init> (10 bytes)
Event: 5.074 Thread 0x000001f5faa01cf0 3752       1       jdk.internal.module.SystemModuleFinders$SystemModuleReader::open (15 bytes)
Event: 5.074 Thread 0x000001f5f9e58870 nmethod 3755 0x000001f5f2d85290 code [0x000001f5f2d85420, 0x000001f5f2d85538]
Event: 5.074 Thread 0x000001f5f9e58870 3756   !   1       jdk.internal.reflect.GeneratedMethodAccessor19::invoke (67 bytes)
Event: 5.075 Thread 0x000001f5f9e58870 nmethod 3756 0x000001f5f2d86910 code [0x000001f5f2d86b00, 0x000001f5f2d86f38]
Event: 5.075 Thread 0x000001f5faa06220 nmethod 3736 0x000001f5f2d85590 code [0x000001f5f2d85840, 0x000001f5f2d862f8]
Event: 5.075 Thread 0x000001f5faa01cf0 nmethod 3752 0x000001f5f2d87210 code [0x000001f5f2d87420, 0x000001f5f2d879e8]
Event: 5.075 Thread 0x000001f5faa01cf0 3757  s!   1       jdk.internal.loader.URLClassPath::getLoader (196 bytes)
Event: 5.077 Thread 0x000001f5faa01cf0 nmethod 3757 0x000001f5f2d87d10 code [0x000001f5f2d87fc0, 0x000001f5f2d889d8]
Event: 5.300 Thread 0x000001f5faa01cf0 3759       1       jdk.internal.misc.Unsafe::weakCompareAndSetLong (11 bytes)
Event: 5.300 Thread 0x000001f5faa01cf0 nmethod 3759 0x000001f5f2d89a90 code [0x000001f5f2d89c20, 0x000001f5f2d89cf8]
Event: 5.364 Thread 0x000001f5faa06220 3760       1       java.util.concurrent.locks.ReentrantLock$NonfairSync::tryAcquire (27 bytes)
Event: 5.364 Thread 0x000001f5faa06220 nmethod 3760 0x000001f5f2d89d90 code [0x000001f5f2d89f20, 0x000001f5f2d8a098]

GC Heap History (20 events):
Event: 4.270 GC heap after
{Heap after GC invocations=13 (full 0):
 garbage-first heap   total 77824K, used 34053K [0x00000000c0000000, 0x0000000100000000)
  region size 1024K, 2 young (2048K), 2 survivors (2048K)
 Metaspace       used 35264K, committed 35712K, reserved 1081344K
  class space    used 4568K, committed 4800K, reserved 1048576K
}
Event: 4.344 GC heap before
{Heap before GC invocations=14 (full 0):
 garbage-first heap   total 83968K, used 56581K [0x00000000c0000000, 0x0000000100000000)
  region size 1024K, 24 young (24576K), 2 survivors (2048K)
 Metaspace       used 35264K, committed 35712K, reserved 1081344K
  class space    used 4568K, committed 4800K, reserved 1048576K
}
Event: 4.351 GC heap after
{Heap after GC invocations=15 (full 0):
 garbage-first heap   total 83968K, used 38378K [0x00000000c0000000, 0x0000000100000000)
  region size 1024K, 3 young (3072K), 3 survivors (3072K)
 Metaspace       used 35264K, committed 35712K, reserved 1081344K
  class space    used 4568K, committed 4800K, reserved 1048576K
}
Event: 4.430 GC heap before
{Heap before GC invocations=15 (full 0):
 garbage-first heap   total 83968K, used 61930K [0x00000000c0000000, 0x0000000100000000)
  region size 1024K, 26 young (26624K), 3 survivors (3072K)
 Metaspace       used 35264K, committed 35712K, reserved 1081344K
  class space    used 4568K, committed 4800K, reserved 1048576K
}
Event: 4.444 GC heap after
{Heap after GC invocations=16 (full 0):
 garbage-first heap   total 83968K, used 46715K [0x00000000c0000000, 0x0000000100000000)
  region size 1024K, 4 young (4096K), 4 survivors (4096K)
 Metaspace       used 35264K, committed 35712K, reserved 1081344K
  class space    used 4568K, committed 4800K, reserved 1048576K
}
Event: 4.873 GC heap before
{Heap before GC invocations=16 (full 0):
 garbage-first heap   total 83968K, used 62075K [0x00000000c0000000, 0x0000000100000000)
  region size 1024K, 19 young (19456K), 4 survivors (4096K)
 Metaspace       used 35264K, committed 35712K, reserved 1081344K
  class space    used 4568K, committed 4800K, reserved 1048576K
}
Event: 4.881 GC heap after
{Heap after GC invocations=17 (full 0):
 garbage-first heap   total 83968K, used 50053K [0x00000000c0000000, 0x0000000100000000)
  region size 1024K, 3 young (3072K), 3 survivors (3072K)
 Metaspace       used 35264K, committed 35712K, reserved 1081344K
  class space    used 4568K, committed 4800K, reserved 1048576K
}
Event: 4.930 GC heap before
{Heap before GC invocations=17 (full 0):
 garbage-first heap   total 83968K, used 63365K [0x00000000c0000000, 0x0000000100000000)
  region size 1024K, 16 young (16384K), 3 survivors (3072K)
 Metaspace       used 35265K, committed 35712K, reserved 1081344K
  class space    used 4568K, committed 4800K, reserved 1048576K
}
Event: 4.941 GC heap after
{Heap after GC invocations=18 (full 0):
 garbage-first heap   total 83968K, used 57883K [0x00000000c0000000, 0x0000000100000000)
  region size 1024K, 2 young (2048K), 2 survivors (2048K)
 Metaspace       used 35265K, committed 35712K, reserved 1081344K
  class space    used 4568K, committed 4800K, reserved 1048576K
}
Event: 4.977 GC heap before
{Heap before GC invocations=18 (full 0):
 garbage-first heap   total 112640K, used 65051K [0x00000000c0000000, 0x0000000100000000)
  region size 1024K, 9 young (9216K), 2 survivors (2048K)
 Metaspace       used 35266K, committed 35712K, reserved 1081344K
  class space    used 4570K, committed 4800K, reserved 1048576K
}
Event: 4.988 GC heap after
{Heap after GC invocations=19 (full 0):
 garbage-first heap   total 275456K, used 63581K [0x00000000c0000000, 0x0000000100000000)
  region size 1024K, 2 young (2048K), 2 survivors (2048K)
 Metaspace       used 35266K, committed 35712K, reserved 1081344K
  class space    used 4570K, committed 4800K, reserved 1048576K
}
Event: 5.146 GC heap before
{Heap before GC invocations=20 (full 0):
 garbage-first heap   total 275456K, used 188509K [0x00000000c0000000, 0x0000000100000000)
  region size 1024K, 125 young (128000K), 2 survivors (2048K)
 Metaspace       used 35418K, committed 35776K, reserved 1081344K
  class space    used 4591K, committed 4800K, reserved 1048576K
}
Event: 5.162 GC heap after
{Heap after GC invocations=21 (full 0):
 garbage-first heap   total 275456K, used 71050K [0x00000000c0000000, 0x0000000100000000)
  region size 1024K, 10 young (10240K), 10 survivors (10240K)
 Metaspace       used 35418K, committed 35776K, reserved 1081344K
  class space    used 4591K, committed 4800K, reserved 1048576K
}
Event: 5.164 GC heap before
{Heap before GC invocations=21 (full 0):
 garbage-first heap   total 275456K, used 73098K [0x00000000c0000000, 0x0000000100000000)
  region size 1024K, 13 young (13312K), 10 survivors (10240K)
 Metaspace       used 35418K, committed 35776K, reserved 1081344K
  class space    used 4591K, committed 4800K, reserved 1048576K
}
Event: 5.181 GC heap after
{Heap after GC invocations=22 (full 0):
 garbage-first heap   total 275456K, used 72223K [0x00000000c0000000, 0x0000000100000000)
  region size 1024K, 2 young (2048K), 2 survivors (2048K)
 Metaspace       used 35418K, committed 35776K, reserved 1081344K
  class space    used 4591K, committed 4800K, reserved 1048576K
}
Event: 5.247 GC heap before
{Heap before GC invocations=22 (full 0):
 garbage-first heap   total 275456K, used 199199K [0x00000000c0000000, 0x0000000100000000)
  region size 1024K, 127 young (130048K), 2 survivors (2048K)
 Metaspace       used 35418K, committed 35776K, reserved 1081344K
  class space    used 4591K, committed 4800K, reserved 1048576K
}
Event: 5.253 GC heap after
{Heap after GC invocations=23 (full 0):
 garbage-first heap   total 275456K, used 76836K [0x00000000c0000000, 0x0000000100000000)
  region size 1024K, 6 young (6144K), 6 survivors (6144K)
 Metaspace       used 35418K, committed 35776K, reserved 1081344K
  class space    used 4591K, committed 4800K, reserved 1048576K
}
Event: 5.319 GC heap before
{Heap before GC invocations=23 (full 0):
 garbage-first heap   total 275456K, used 209956K [0x00000000c0000000, 0x0000000100000000)
  region size 1024K, 137 young (140288K), 6 survivors (6144K)
 Metaspace       used 35418K, committed 35776K, reserved 1081344K
  class space    used 4591K, committed 4800K, reserved 1048576K
}
Event: 5.327 GC heap after
{Heap after GC invocations=24 (full 0):
 garbage-first heap   total 275456K, used 81695K [0x00000000c0000000, 0x0000000100000000)
  region size 1024K, 11 young (11264K), 11 survivors (11264K)
 Metaspace       used 35418K, committed 35776K, reserved 1081344K
  class space    used 4591K, committed 4800K, reserved 1048576K
}
Event: 5.392 GC heap before
{Heap before GC invocations=24 (full 0):
 garbage-first heap   total 275456K, used 216863K [0x00000000c0000000, 0x0000000100000000)
  region size 1024K, 144 young (147456K), 11 survivors (11264K)
 Metaspace       used 35419K, committed 35776K, reserved 1081344K
  class space    used 4592K, committed 4800K, reserved 1048576K
}

Dll operation events (8 events):
Event: 0.013 Loaded shared library c:\Users\pharell\.vscode\extensions\redhat.java-1.15.0-win32-x64\jre\17.0.6-win32-x86_64\bin\java.dll
Event: 0.225 Loaded shared library C:\Users\pharell\.vscode\extensions\redhat.java-1.15.0-win32-x64\jre\17.0.6-win32-x86_64\bin\net.dll
Event: 0.227 Loaded shared library C:\Users\pharell\.vscode\extensions\redhat.java-1.15.0-win32-x64\jre\17.0.6-win32-x86_64\bin\nio.dll
Event: 0.236 Loaded shared library C:\Users\pharell\.vscode\extensions\redhat.java-1.15.0-win32-x64\jre\17.0.6-win32-x86_64\bin\zip.dll
Event: 0.484 Loaded shared library C:\Users\pharell\.vscode\extensions\redhat.java-1.15.0-win32-x64\jre\17.0.6-win32-x86_64\bin\jimage.dll
Event: 0.659 Loaded shared library c:\Users\pharell\.vscode\extensions\redhat.java-1.15.0-win32-x64\jre\17.0.6-win32-x86_64\bin\verify.dll
Event: 3.234 Loaded shared library C:\Users\pharell\.vscode\extensions\redhat.java-1.15.0-win32-x64\jre\17.0.6-win32-x86_64\bin\management.dll
Event: 3.237 Loaded shared library C:\Users\pharell\.vscode\extensions\redhat.java-1.15.0-win32-x64\jre\17.0.6-win32-x86_64\bin\management_ext.dll

Deoptimization events (10 events):
Event: 1.826 Thread 0x000001f5ef8a9d50 DEOPT PACKING pc=0x000001f5f2a2f619 sp=0x00000082273fd840
Event: 1.826 Thread 0x000001f5ef8a9d50 DEOPT UNPACKING pc=0x000001f5f2587143 sp=0x00000082273fcd20 mode 3
Event: 3.539 Thread 0x000001f5fbbdb580 DEOPT PACKING pc=0x000001f5f2c354b5 sp=0x0000008228efe830
Event: 3.539 Thread 0x000001f5fbbdb580 DEOPT UNPACKING pc=0x000001f5f2587143 sp=0x0000008228efdd48 mode 3
Event: 3.619 Thread 0x000001f5fbfd9900 DEOPT PACKING pc=0x000001f5f2c4b7ab sp=0x00000082290fe8d0
Event: 3.619 Thread 0x000001f5fbfd9900 DEOPT UNPACKING pc=0x000001f5f2587143 sp=0x00000082290fde18 mode 3
Event: 4.093 Thread 0x000001f5fc068e20 DEOPT PACKING pc=0x000001f5f2a30981 sp=0x00000082297fef60
Event: 4.093 Thread 0x000001f5fc068e20 DEOPT UNPACKING pc=0x000001f5f2587143 sp=0x00000082297fe3f0 mode 3
Event: 4.420 Thread 0x000001f5fc0169f0 DEOPT PACKING pc=0x000001f5f2a2c397 sp=0x00000082292fead0
Event: 4.420 Thread 0x000001f5fc0169f0 DEOPT UNPACKING pc=0x000001f5f2587143 sp=0x00000082292fdf28 mode 3

Classes unloaded (0 events):
No events

Classes redefined (0 events):
No events

Internal exceptions (20 events):
Event: 3.676 Thread 0x000001f5fc0169f0 Exception <a 'sun/nio/fs/WindowsException'{0x00000000c7d094b0}> (0x00000000c7d094b0) 
thrown [s\src\hotspot\share\prims\jni.cpp, line 516]
Event: 3.676 Thread 0x000001f5fc0169f0 Exception <a 'sun/nio/fs/WindowsException'{0x00000000c7d09890}> (0x00000000c7d09890) 
thrown [s\src\hotspot\share\prims\jni.cpp, line 516]
Event: 3.676 Thread 0x000001f5fc0169f0 Exception <a 'sun/nio/fs/WindowsException'{0x00000000c7d0a2e0}> (0x00000000c7d0a2e0) 
thrown [s\src\hotspot\share\prims\jni.cpp, line 516]
Event: 3.677 Thread 0x000001f5fc0169f0 Exception <a 'sun/nio/fs/WindowsException'{0x00000000c7d0a6f0}> (0x00000000c7d0a6f0) 
thrown [s\src\hotspot\share\prims\jni.cpp, line 516]
Event: 3.677 Thread 0x000001f5fc0169f0 Exception <a 'sun/nio/fs/WindowsException'{0x00000000c7d0b118}> (0x00000000c7d0b118) 
thrown [s\src\hotspot\share\prims\jni.cpp, line 516]
Event: 3.677 Thread 0x000001f5fc0169f0 Exception <a 'sun/nio/fs/WindowsException'{0x00000000c7d0b4f8}> (0x00000000c7d0b4f8) 
thrown [s\src\hotspot\share\prims\jni.cpp, line 516]
Event: 3.677 Thread 0x000001f5fc0169f0 Exception <a 'sun/nio/fs/WindowsException'{0x00000000c7d0bef8}> (0x00000000c7d0bef8) 
thrown [s\src\hotspot\share\prims\jni.cpp, line 516]
Event: 3.677 Thread 0x000001f5fc0169f0 Exception <a 'sun/nio/fs/WindowsException'{0x00000000c7d0c2a8}> (0x00000000c7d0c2a8) 
thrown [s\src\hotspot\share\prims\jni.cpp, line 516]
Event: 3.678 Thread 0x000001f5fc0169f0 Exception <a 'sun/nio/fs/WindowsException'{0x00000000c7d0ccb0}> (0x00000000c7d0ccb0) 
thrown [s\src\hotspot\share\prims\jni.cpp, line 516]
Event: 3.678 Thread 0x000001f5fc0169f0 Exception <a 'sun/nio/fs/WindowsException'{0x00000000c7d0d070}> (0x00000000c7d0d070) 
thrown [s\src\hotspot\share\prims\jni.cpp, line 516]
Event: 3.678 Thread 0x000001f5fc0169f0 Exception <a 'sun/nio/fs/WindowsException'{0x00000000c7d0da70}> (0x00000000c7d0da70) 
thrown [s\src\hotspot\share\prims\jni.cpp, line 516]
Event: 3.678 Thread 0x000001f5fc0169f0 Exception <a 'sun/nio/fs/WindowsException'{0x00000000c7d0de20}> (0x00000000c7d0de20) 
thrown [s\src\hotspot\share\prims\jni.cpp, line 516]
Event: 3.678 Thread 0x000001f5fc0169f0 Exception <a 'sun/nio/fs/WindowsException'{0x00000000c7d0e828}> (0x00000000c7d0e828) 
thrown [s\src\hotspot\share\prims\jni.cpp, line 516]
Event: 3.678 Thread 0x000001f5fc0169f0 Exception <a 'sun/nio/fs/WindowsException'{0x00000000c7d0ebe8}> (0x00000000c7d0ebe8) 
thrown [s\src\hotspot\share\prims\jni.cpp, line 516]
Event: 3.678 Thread 0x000001f5fc0169f0 Exception <a 'sun/nio/fs/WindowsException'{0x00000000c7d0f610}> (0x00000000c7d0f610) 
thrown [s\src\hotspot\share\prims\jni.cpp, line 516]
Event: 3.678 Thread 0x000001f5fc0169f0 Exception <a 'sun/nio/fs/WindowsException'{0x00000000c7d0f9f0}> (0x00000000c7d0f9f0) 
thrown [s\src\hotspot\share\prims\jni.cpp, line 516]
Event: 3.679 Thread 0x000001f5fc0169f0 Exception <a 'sun/nio/fs/WindowsException'{0x00000000c7dc7620}> (0x00000000c7dc7620) 
thrown [s\src\hotspot\share\prims\jni.cpp, line 516]
Event: 3.679 Thread 0x000001f5fc0169f0 Exception <a 'sun/nio/fs/WindowsException'{0x00000000c7dc7a10}> (0x00000000c7dc7a10) 
thrown [s\src\hotspot\share\prims\jni.cpp, line 516]
Event: 3.679 Thread 0x000001f5fc0169f0 Exception <a 'sun/nio/fs/WindowsException'{0x00000000c7dc8440}> (0x00000000c7dc8440) 
thrown [s\src\hotspot\share\prims\jni.cpp, line 516]
Event: 3.679 Thread 0x000001f5fc0169f0 Exception <a 'sun/nio/fs/WindowsException'{0x00000000c7dc8830}> (0x00000000c7dc8830) 
thrown [s\src\hotspot\share\prims\jni.cpp, line 516]

VM Operations (20 events):
Event: 5.070 Executing VM operation: HandshakeAllThreads done
Event: 5.145 Executing VM operation: G1CollectForAllocation
Event: 5.146 Executing VM operation: G1CollectForAllocation done
Event: 5.146 Executing VM operation: G1CollectForAllocation
Event: 5.162 Executing VM operation: G1CollectForAllocation done
Event: 5.164 Executing VM operation: G1CollectForAllocation
Event: 5.164 Executing VM operation: G1CollectForAllocation done
Event: 5.164 Executing VM operation: G1CollectForAllocation
Event: 5.181 Executing VM operation: G1CollectForAllocation done
Event: 5.246 Executing VM operation: G1CollectForAllocation
Event: 5.247 Executing VM operation: G1CollectForAllocation done
Event: 5.247 Executing VM operation: G1CollectForAllocation
Event: 5.253 Executing VM operation: G1CollectForAllocation done
Event: 5.319 Executing VM operation: G1CollectForAllocation
Event: 5.319 Executing VM operation: G1CollectForAllocation done
Event: 5.319 Executing VM operation: G1CollectForAllocation
Event: 5.327 Executing VM operation: G1CollectForAllocation done
Event: 5.392 Executing VM operation: G1CollectForAllocation
Event: 5.392 Executing VM operation: G1CollectForAllocation done
Event: 5.392 Executing VM operation: G1CollectForAllocation

Events (20 events):
Event: 4.101 loading class java/util/stream/Collectors$1PairBox
Event: 4.101 loading class java/util/stream/Collectors$1PairBox done
Event: 4.102 loading class java/util/concurrent/locks/AbstractQueuedSynchronizer$SharedNode
Event: 4.102 loading class java/util/concurrent/locks/AbstractQueuedSynchronizer$SharedNode done
Event: 4.102 loading class jdk/internal/module/SystemModuleFinders$ModuleContentSpliterator
Event: 4.102 loading class jdk/internal/module/SystemModuleFinders$ModuleContentSpliterator done
Event: 4.102 loading class jdk/internal/jimage/ImageReader$Directory
Event: 4.103 loading class jdk/internal/jimage/ImageReader$Node
Event: 4.103 loading class jdk/internal/jimage/ImageReader$Node done
Event: 4.103 loading class jdk/internal/jimage/ImageReader$Directory done
Event: 4.103 loading class jdk/internal/jimage/ImageReader$SharedImageReader$LocationVisitor
Event: 4.103 loading class jdk/internal/jimage/ImageReader$SharedImageReader$LocationVisitor done
Event: 4.103 loading class java/nio/ByteBufferAsIntBufferL
Event: 4.103 loading class java/nio/ByteBufferAsIntBufferL done
Event: 4.104 loading class jdk/internal/jimage/ImageReader$Resource
Event: 4.104 loading class jdk/internal/jimage/ImageReader$Resource done
Event: 4.105 loading class java/util/stream/LongStream
Event: 4.105 loading class java/util/stream/LongStream done
Event: 4.105 loading class java/util/stream/DoubleStream
Event: 4.105 loading class java/util/stream/DoubleStream done


Dynamic libraries:
0x00007ff7d3910000 - 0x00007ff7d391e000 	c:\Users\pharell\.vscode\extensions\redhat.java-1.15.0-win32-x64\jre\17.0.6-win32-x86_64\bin\java.exe
0x00007ffbe8b00000 - 0x00007ffbe8d09000 	C:\WINDOWS\SYSTEM32\ntdll.dll
0x00007ffbe6c50000 - 0x00007ffbe6d0e000 	C:\WINDOWS\System32\KERNEL32.DLL
0x00007ffbe62b0000 - 0x00007ffbe662c000 	C:\WINDOWS\System32\KERNELBASE.dll
0x00007ffbe6190000 - 0x00007ffbe62a1000 	C:\WINDOWS\System32\ucrtbase.dll
0x00007ffbd55f0000 - 0x00007ffbd5609000 	c:\Users\pharell\.vscode\extensions\redhat.java-1.15.0-win32-x64\jre\17.0.6-win32-x86_64\bin\VCRUNTIME140.dll
0x00007ffbd5610000 - 0x00007ffbd5627000 	c:\Users\pharell\.vscode\extensions\redhat.java-1.15.0-win32-x64\jre\17.0.6-win32-x86_64\bin\jli.dll
0x00007ffbe6f30000 - 0x00007ffbe70dd000 	C:\WINDOWS\System32\USER32.dll
0x00007ffbe6160000 - 0x00007ffbe6186000 	C:\WINDOWS\System32\win32u.dll
0x00007ffbe6980000 - 0x00007ffbe69a9000 	C:\WINDOWS\System32\GDI32.dll
0x00007ffbe6040000 - 0x00007ffbe6158000 	C:\WINDOWS\System32\gdi32full.dll
0x00007ffbcc8e0000 - 0x00007ffbccb85000 	C:\WINDOWS\WinSxS\amd64_microsoft.windows.common-controls_6595b64144ccf1df_6.0.22000.120_none_9d947278b86cc467\COMCTL32.dll
0x00007ffbe6820000 - 0x00007ffbe68bd000 	C:\WINDOWS\System32\msvcp_win.dll
0x00007ffbe7d10000 - 0x00007ffbe7db3000 	C:\WINDOWS\System32\msvcrt.dll
0x00007ffbe8a80000 - 0x00007ffbe8ab2000 	C:\WINDOWS\System32\IMM32.DLL
0x00007ffbd5b50000 - 0x00007ffbd5b5c000 	c:\Users\pharell\.vscode\extensions\redhat.java-1.15.0-win32-x64\jre\17.0.6-win32-x86_64\bin\vcruntime140_1.dll
0x00007ffbd42e0000 - 0x00007ffbd4371000 	c:\Users\pharell\.vscode\extensions\redhat.java-1.15.0-win32-x64\jre\17.0.6-win32-x86_64\bin\msvcp140.dll
0x00007ffb64160000 - 0x00007ffb64da7000 	c:\Users\pharell\.vscode\extensions\redhat.java-1.15.0-win32-x64\jre\17.0.6-win32-x86_64\bin\server\jvm.dll
0x00007ffbe7490000 - 0x00007ffbe753e000 	C:\WINDOWS\System32\ADVAPI32.dll
0x00007ffbe6e80000 - 0x00007ffbe6f1e000 	C:\WINDOWS\System32\sechost.dll
0x00007ffbe6b20000 - 0x00007ffbe6c40000 	C:\WINDOWS\System32\RPCRT4.dll
0x00007ffbbf310000 - 0x00007ffbbf343000 	C:\WINDOWS\SYSTEM32\WINMM.dll
0x00007ffbd5410000 - 0x00007ffbd5419000 	C:\WINDOWS\SYSTEM32\WSOCK32.dll
0x00007ffbe1390000 - 0x00007ffbe139a000 	C:\WINDOWS\SYSTEM32\VERSION.dll
0x00007ffbe83e0000 - 0x00007ffbe844f000 	C:\WINDOWS\System32\WS2_32.dll
0x00007ffbe5010000 - 0x00007ffbe5028000 	C:\WINDOWS\SYSTEM32\kernel.appcore.dll
0x00007ffbd55d0000 - 0x00007ffbd55da000 	c:\Users\pharell\.vscode\extensions\redhat.java-1.15.0-win32-x64\jre\17.0.6-win32-x86_64\bin\jimage.dll
0x00007ffbe3b70000 - 0x00007ffbe3d91000 	C:\WINDOWS\SYSTEM32\DBGHELP.DLL
0x00007ffbd1b00000 - 0x00007ffbd1b31000 	C:\WINDOWS\SYSTEM32\dbgcore.DLL
0x00007ffbe6630000 - 0x00007ffbe66af000 	C:\WINDOWS\System32\bcryptPrimitives.dll
0x00007ffbd4390000 - 0x00007ffbd43b5000 	c:\Users\pharell\.vscode\extensions\redhat.java-1.15.0-win32-x64\jre\17.0.6-win32-x86_64\bin\java.dll
0x00007ffbd42c0000 - 0x00007ffbd42d8000 	c:\Users\pharell\.vscode\extensions\redhat.java-1.15.0-win32-x64\jre\17.0.6-win32-x86_64\bin\zip.dll
0x00007ffbe7540000 - 0x00007ffbe7d05000 	C:\WINDOWS\System32\SHELL32.dll
0x00007ffbe4080000 - 0x00007ffbe48e5000 	C:\WINDOWS\SYSTEM32\windows.storage.dll
0x00007ffbe8450000 - 0x00007ffbe87c8000 	C:\WINDOWS\System32\combase.dll
0x00007ffbe3f10000 - 0x00007ffbe4076000 	C:\WINDOWS\SYSTEM32\wintypes.dll
0x00007ffbe69b0000 - 0x00007ffbe6a9a000 	C:\WINDOWS\System32\SHCORE.dll
0x00007ffbe6ac0000 - 0x00007ffbe6b1d000 	C:\WINDOWS\System32\shlwapi.dll
0x00007ffbe5f00000 - 0x00007ffbe5f21000 	C:\WINDOWS\SYSTEM32\profapi.dll
0x00007ffbd42a0000 - 0x00007ffbd42b9000 	C:\Users\pharell\.vscode\extensions\redhat.java-1.15.0-win32-x64\jre\17.0.6-win32-x86_64\bin\net.dll
0x00007ffbe0e60000 - 0x00007ffbe0f74000 	C:\WINDOWS\SYSTEM32\WINHTTP.dll
0x00007ffbe54a0000 - 0x00007ffbe5507000 	C:\WINDOWS\system32\mswsock.dll
0x00007ffbd3f10000 - 0x00007ffbd3f25000 	C:\Users\pharell\.vscode\extensions\redhat.java-1.15.0-win32-x64\jre\17.0.6-win32-x86_64\bin\nio.dll
0x00007ffbd5580000 - 0x00007ffbd5590000 	c:\Users\pharell\.vscode\extensions\redhat.java-1.15.0-win32-x64\jre\17.0.6-win32-x86_64\bin\verify.dll
0x00007ffbe5780000 - 0x00007ffbe5798000 	C:\WINDOWS\SYSTEM32\CRYPTSP.dll
0x00007ffbe4f70000 - 0x00007ffbe4fa5000 	C:\WINDOWS\system32\rsaenh.dll
0x00007ffbe5540000 - 0x00007ffbe5569000 	C:\WINDOWS\SYSTEM32\USERENV.dll
0x00007ffbe58a0000 - 0x00007ffbe58c7000 	C:\WINDOWS\SYSTEM32\bcrypt.dll
0x00007ffbe5690000 - 0x00007ffbe569c000 	C:\WINDOWS\SYSTEM32\CRYPTBASE.dll
0x00007ffbe4b30000 - 0x00007ffbe4b5d000 	C:\WINDOWS\SYSTEM32\IPHLPAPI.DLL
0x00007ffbe6f20000 - 0x00007ffbe6f29000 	C:\WINDOWS\System32\NSI.dll
0x00007ffbe0e40000 - 0x00007ffbe0e59000 	C:\WINDOWS\SYSTEM32\dhcpcsvc6.DLL
0x00007ffbe1170000 - 0x00007ffbe118e000 	C:\WINDOWS\SYSTEM32\dhcpcsvc.DLL
0x00007ffbe4b60000 - 0x00007ffbe4c48000 	C:\WINDOWS\SYSTEM32\DNSAPI.dll
0x00007ffbd3a00000 - 0x00007ffbd3a09000 	C:\Users\pharell\.vscode\extensions\redhat.java-1.15.0-win32-x64\jre\17.0.6-win32-x86_64\bin\management.dll
0x00007ffbd39f0000 - 0x00007ffbd39fb000 	C:\Users\pharell\.vscode\extensions\redhat.java-1.15.0-win32-x64\jre\17.0.6-win32-x86_64\bin\management_ext.dll
0x00007ffbe6c40000 - 0x00007ffbe6c48000 	C:\WINDOWS\System32\PSAPI.DLL

dbghelp: loaded successfully - version: 4.0.5 - missing functions: none
symbol engine: initialized successfully - sym options: 0x614 - pdb path: .;c:\Users\pharell\.vscode\extensions\redhat.java-1.15.0-win32-x64\jre\17.0.6-win32-x86_64\bin;C:\WINDOWS\SYSTEM32;C:\WINDOWS\WinSxS\amd64_microsoft.windows.common-controls_6595b64144ccf1df_6.0.22000.120_none_9d947278b86cc467;c:\Users\pharell\.vscode\extensions\redhat.java-1.15.0-win32-x64\jre\17.0.6-win32-x86_64\bin\server

VM Arguments:
jvm_args: -XX:+HeapDumpOnOutOfMemoryError -Xmx1024m -Dsts.lsp.client=vscode -Dsts.log.file=/dev/null -XX:TieredStopAtLevel=1 -Xlog:jni+resolve=off -Dspring.config.location=file:c:\Users\pharell\.vscode\extensions\vmware.vscode-spring-boot-1.44.0\language-server\BOOT-INF\classes\application.properties 
java_command: org.springframework.ide.vscode.boot.app.BootLanguageServerBootApp
java_class_path (initial): c:\Users\pharell\.vscode\extensions\vmware.vscode-spring-boot-1.44.0\language-server\BOOT-INF\classes;c:\Users\pharell\.vscode\extensions\vmware.vscode-spring-boot-1.44.0\language-server\BOOT-INF\lib\annotations-24.0.0.jar;c:\Users\pharell\.vscode\extensions\vmware.vscode-spring-boot-1.44.0\language-server\BOOT-INF\lib\ant-1.10.13.jar;c:\Users\pharell\.vscode\extensions\vmware.vscode-spring-boot-1.44.0\language-server\BOOT-INF\lib\ant-launcher-1.10.13.jar;c:\Users\pharell\.vscode\extensions\vmware.vscode-spring-boot-1.44.0\language-server\BOOT-INF\lib\antlr-runtime-3.5.2.jar;c:\Users\pharell\.vscode\extensions\vmware.vscode-spring-boot-1.44.0\language-server\BOOT-INF\lib\antlr4-4.9.3.jar;c:\Users\pharell\.vscode\extensions\vmware.vscode-spring-boot-1.44.0\language-server\BOOT-INF\lib\antlr4-runtime-4.9.3.jar;c:\Users\pharell\.vscode\extensions\vmware.vscode-spring-boot-1.44.0\language-server\BOOT-INF\lib\apiguardian-api-1.1.2.jar;c:\Users\pharell\.vscode\extensions\vmware.vscode-spring-boot-1.44.0\language-server\BOOT-INF\lib\asm-9.4.jar;c:\Users\pharell\.vscode\extensions\vmware.vscode-spring-boot-1.44.0\language-server\BOOT-INF\lib\asm-analysis-9.4.jar;c:\Users\pharell\.vscode\extensions\vmware.vscode-spring-boot-1.44.0\language-server\BOOT-INF\lib\asm-tree-9.4.jar;c:\Users\pharell\.vscode\extensions\vmware.vscode-spring-boot-1.44.0\language-server\BOOT-INF\lib\asm-util-9.4.jar;c:\Users\pharell\.vscode\extensions\vmware.vscode-spring-boot-1.44.0\language-server\BOOT-INF\lib\caffeine-3.1.2.jar;c:\Users\pharell\.vscode\extensions\vmware.vscode-spring-boot-1.44.0\language-server\BOOT-INF\lib\checker-qual-3.12.0.jar;c:\Users\pharell\.vscode\extensions\vmware.vscode-spring-boot-1.44.0\language-server\BOOT-INF\lib\ci-environment-9.1.0.jar;c:\Users\pharell\.vscode\extensions\vmware.vscode-spring-boot-1.44.0\language-server\BOOT-INF\lib\classgraph-4.8.149.jar;c:\Users\pharell\.vscode\extensions\vmware.vscode-spring-boot-1.44.0\language-server\
Launcher Type: SUN_STANDARD

[Global flags]
     intx CICompilerCount                          = 3                                         {product} {ergonomic}
     uint ConcGCThreads                            = 1                                         {product} {ergonomic}
     uint G1ConcRefinementThreads                  = 4                                         {product} {ergonomic}
   size_t G1HeapRegionSize                         = 1048576                                   {product} {ergonomic}
    uintx GCDrainStackTargetSize                   = 64                                        {product} {ergonomic}
     bool HeapDumpOnOutOfMemoryError               = true                                   {manageable} {command line}
   size_t InitialHeapSize                          = 132120576                                 {product} {ergonomic}
   size_t MarkStackSize                            = 4194304                                   {product} {ergonomic}
   size_t MaxHeapSize                              = 1073741824                                {product} {command line}
   size_t MaxNewSize                               = 643825664                                 {product} {ergonomic}
   size_t MinHeapDeltaBytes                        = 1048576                                   {product} {ergonomic}
   size_t MinHeapSize                              = 8388608                                   {product} {ergonomic}
    uintx NonProfiledCodeHeapSize                  = 0                                      {pd product} {ergonomic}
     bool ProfileInterpreter                       = false                                  {pd product} {command line}
    uintx ProfiledCodeHeapSize                     = 0                                      {pd product} {ergonomic}
   size_t SoftMaxHeapSize                          = 1073741824                             {manageable} {ergonomic}
     intx TieredStopAtLevel                        = 1                                         {product} {command line}
     bool UseCompressedClassPointers               = true                           {product lp64_product} {ergonomic}
     bool UseCompressedOops                        = true                           {product lp64_product} {ergonomic}
     bool UseG1GC                                  = true                                      {product} {ergonomic}
     bool UseLargePagesIndividualAllocation        = false                                  {pd product} {ergonomic}

Logging:
Log output configuration:
 #0: stdout all=warning,jni+resolve=off uptime,level,tags
 #1: stderr all=off uptime,level,tags

Environment Variables:
JAVA_HOME=C:\Program Files\Java\jdk1.8.0_111
PATH=C:\Python311\Scripts\;C:\Python311\;C:\Program Files (x86)\Common Files\Oracle\Java\javapath;C:\ProgramData\Oracle\Java\javapath;C:\WINDOWS\system32;C:\WINDOWS;C:\WINDOWS\System32\Wbem;C:\WINDOWS\System32\WindowsPowerShell\v1.0\;C:\WINDOWS\System32\OpenSSH\;C:\Program Files\dotnet\;C:\Program Files\Java\jdk1.8.0_111\bin;C:\Program Files\nodejs\;C:\ProgramData\chocolatey\bin;C:\ApacheMaven\apache-maven-3.8.7\bin;D:\Programme  File\PostgreSQL\15\bin;C:\Program Files\Git\cmd;C:\Users\pharell\AppData\Local\Microsoft\WindowsApps;C:\Users\pharell\AppData\Local\Programs\Microsoft VS Code\bin;C:\Users\pharell\AppData\Local\JetBrains\Toolbox\scripts;C:\Users\pharell\AppData\Roaming\npm;D:\Programme  File\IntelliJ IDEA 2022.3.2\bin;;D:\Programme  File\PostgreSQL\15;
USERNAME=pharell
OS=Windows_NT
PROCESSOR_IDENTIFIER=Intel64 Family 6 Model 142 Stepping 10, GenuineIntel
TMP=C:\Users\pharell\AppData\Local\Temp
TEMP=C:\Users\pharell\AppData\Local\Temp



---------------  S Y S T E M  ---------------

OS:
 Windows 11 , 64 bit Build 22000 (10.0.22000.1516)
OS uptime: 0 days 11:35 hours
Hyper-V role detected

CPU: total 4 (initial active 4) (2 cores per cpu, 2 threads per core) family 6 model 142 stepping 10 microcode 0xe0, cx8, cmov, fxsr, ht, mmx, 3dnowpref, sse, sse2, sse3, ssse3, sse4.1, sse4.2, popcnt, lzcnt, tsc, tscinvbit, avx, avx2, aes, erms, clmul, bmi1, bmi2, adx, fma, vzeroupper, clflush, clflushopt, hv

Memory: 4k page, system-wide physical 8026M (804M free)
TotalPageFile size 13937M (AvailPageFile size 24M)
current process WorkingSet (physical memory assigned to process): 339M, peak: 339M
current process commit charge ("private bytes"): 398M, peak: 692M

vm_info: OpenJDK 64-Bit Server VM (17.0.6+10) for windows-amd64 JRE (17.0.6+10), built on Jan 18 2023 10:08:59 by "temurin" with MS VC++ 16.7 (VS2019)

END.
