#
# There is insufficient memory for the Java Runtime Environment to continue.
# Native memory allocation (malloc) failed to allocate 2097152 bytes for AllocateHeap
# Possible reasons:
#   The system is out of physical RAM or swap space
#   The process is running with CompressedOops enabled, and the Java Heap may be blocking the growth of the native heap
# Possible solutions:
#   Reduce memory load on the system
#   Increase physical memory or swap space
#   Check if swap backing store is full
#   Decrease Java heap size (-Xmx/-Xms)
#   Decrease number of Java threads
#   Decrease Java thread stack sizes (-Xss)
#   Set larger code cache with -XX:ReservedCodeCacheSize=
#   JVM is running with Unscaled Compressed Oops mode in which the Java heap is
#     placed in the first 4GB address space. The Java Heap base address is the
#     maximum limit for the native heap growth. Please use -XX:HeapBaseMinAddress
#     to set the Java Heap base and to place the Java Heap above 4GB virtual address.
# This output file may be truncated or incomplete.
#
#  Out of Memory Error (allocation.cpp:44), pid=21420, tid=12752
#
# JRE version: OpenJDK Runtime Environment Temurin-17.0.6+10 (17.0.6+10) (build 17.0.6+10)
# Java VM: OpenJDK 64-Bit Server VM Temurin-17.0.6+10 (17.0.6+10, mixed mode, emulated-client, tiered, compressed oops, compressed class ptrs, g1 gc, windows-amd64)
# No core dump will be written. Minidumps are not enabled by default on client versions of Windows
#

---------------  S U M M A R Y ------------

Command Line: -XX:+HeapDumpOnOutOfMemoryError -Xmx1024m -Dsts.lsp.client=vscode -Dsts.log.file=/dev/null -XX:TieredStopAtLevel=1 -Xlog:jni+resolve=off -Dspring.config.location=file:c:\Users\pharell\.vscode\extensions\vmware.vscode-spring-boot-1.44.0\language-server\BOOT-INF\classes\application.properties org.springframework.ide.vscode.boot.app.BootLanguageServerBootApp

Host: Intel(R) Core(TM) i3-8130U CPU @ 2.20GHz, 4 cores, 7G,  Windows 11 , 64 bit Build 22000 (10.0.22000.1516)
Time: Tue Mar 14 22:26:49 2023 Greenwich elapsed time: 7711.725116 seconds (0d 2h 8m 31s)

---------------  T H R E A D  ---------------

Current thread (0x00000228a18d76e0):  VMThread "VM Thread" [stack: 0x00000035ce300000,0x00000035ce400000] [id=12752]

Stack: [0x00000035ce300000,0x00000035ce400000]
Native frames: (J=compiled Java code, j=interpreted, Vv=VM code, C=native code)
V  [jvm.dll+0x67741a]
V  [jvm.dll+0x834434]
V  [jvm.dll+0x835bde]
V  [jvm.dll+0x836243]
V  [jvm.dll+0x2457b5]
V  [jvm.dll+0xa626f]
V  [jvm.dll+0x2f5b61]
V  [jvm.dll+0x2f17e0]
V  [jvm.dll+0x2d9ee7]
V  [jvm.dll+0x31ce67]
V  [jvm.dll+0x83a6eb]
V  [jvm.dll+0x83b424]
V  [jvm.dll+0x83b93c]
V  [jvm.dll+0x83bd14]
V  [jvm.dll+0x83bde0]
V  [jvm.dll+0x7e483a]
V  [jvm.dll+0x6762c5]
C  [ucrtbase.dll+0x26c0c]
C  [KERNEL32.DLL+0x155a0]
C  [ntdll.dll+0x485b]

VM_Operation (0x00000035cf6fedc0): G1CollectFull, mode: safepoint, requested by thread 0x00000228a37f5ee0


---------------  P R O C E S S  ---------------

Threads class SMR info:
_java_thread_list=0x00000228a39eb520, length=17, elements={
0x00000228a1925380, 0x00000228a1925e40, 0x00000228a19537f0, 0x00000228a19540b0,
0x00000228a1954970, 0x00000228a1957240, 0x00000228a1959b10, 0x00000228a195f920,
0x00000228a26114c0, 0x00000228a2612e30, 0x00000228a3532020, 0x00000228a2c9d1c0,
0x00000228a37f5ee0, 0x00000228a3686830, 0x00000228973b9e40, 0x00000228a353bd60,
0x00000228a3612050
}

Java Threads: ( => current thread )
  0x00000228a1925380 JavaThread "Reference Handler" daemon [_thread_blocked, id=13300, stack(0x00000035ce400000,0x00000035ce500000)]
  0x00000228a1925e40 JavaThread "Finalizer" daemon [_thread_blocked, id=12320, stack(0x00000035ce500000,0x00000035ce600000)]
  0x00000228a19537f0 JavaThread "Signal Dispatcher" daemon [_thread_blocked, id=7424, stack(0x00000035ce600000,0x00000035ce700000)]
  0x00000228a19540b0 JavaThread "Attach Listener" daemon [_thread_blocked, id=21364, stack(0x00000035ce700000,0x00000035ce800000)]
  0x00000228a1954970 JavaThread "Service Thread" daemon [_thread_blocked, id=7940, stack(0x00000035ce800000,0x00000035ce900000)]
  0x00000228a1957240 JavaThread "Monitor Deflation Thread" daemon [_thread_blocked, id=23132, stack(0x00000035ce900000,0x00000035cea00000)]
  0x00000228a1959b10 JavaThread "C1 CompilerThread0" daemon [_thread_blocked, id=18112, stack(0x00000035cea00000,0x00000035ceb00000)]
  0x00000228a195f920 JavaThread "Sweeper thread" daemon [_thread_blocked, id=21188, stack(0x00000035ceb00000,0x00000035cec00000)]
  0x00000228a26114c0 JavaThread "Notification Thread" daemon [_thread_blocked, id=23012, stack(0x00000035cee00000,0x00000035cef00000)]
  0x00000228a2612e30 JavaThread "Common-Cleaner" daemon [_thread_blocked, id=11036, stack(0x00000035cf000000,0x00000035cf100000)]
  0x00000228a3532020 JavaThread "boundedElastic-evictor-1" daemon [_thread_blocked, id=16928, stack(0x00000035cf400000,0x00000035cf500000)]
  0x00000228a2c9d1c0 JavaThread "boundedElastic-evictor-2" daemon [_thread_blocked, id=20088, stack(0x00000035cf500000,0x00000035cf600000)]
  0x00000228a37f5ee0 JavaThread "pool-10-thread-1" [_thread_blocked, id=23788, stack(0x00000035cf600000,0x00000035cf700000)]
  0x00000228a3686830 JavaThread "LanguageServerApp-lifecycle" [_thread_blocked, id=17436, stack(0x00000035cf700000,0x00000035cf800000)]
  0x00000228973b9e40 JavaThread "DestroyJavaVM" [_thread_blocked, id=19996, stack(0x00000035cdd00000,0x00000035cde00000)]
  0x00000228a353bd60 JavaThread "pool-11-thread-1" [_thread_in_native, id=17276, stack(0x00000035cf800000,0x00000035cf900000)]
  0x00000228a3612050 JavaThread "Simple-Language-Server main thread" daemon [_thread_blocked, id=1616, stack(0x00000035cf900000,0x00000035cfa00000)]

Other Threads:
=>0x00000228a18d76e0 VMThread "VM Thread" [stack: 0x00000035ce300000,0x00000035ce400000] [id=12752]
  0x0000022897407b50 WatcherThread [stack: 0x00000035cef00000,0x00000035cf000000] [id=20120]
  0x00000228973f8070 GCTaskThread "GC Thread#0" [stack: 0x00000035cde00000,0x00000035cdf00000] [id=23144]
  0x00000228a2563950 GCTaskThread "GC Thread#1" [stack: 0x00000035cec00000,0x00000035ced00000] [id=7832]
  0x00000228a2cf6500 GCTaskThread "GC Thread#2" [stack: 0x00000035ced00000,0x00000035cee00000] [id=9300]
  0x00000228a2fe9030 GCTaskThread "GC Thread#3" [stack: 0x00000035cf200000,0x00000035cf300000] [id=11864]
  0x0000022897401020 ConcurrentGCThread "G1 Main Marker" [stack: 0x00000035cdf00000,0x00000035ce000000] [id=2824]
  0x0000022897401940 ConcurrentGCThread "G1 Conc#0" [stack: 0x00000035ce000000,0x00000035ce100000] [id=17624]
  0x000002289747c660 ConcurrentGCThread "G1 Refine#0" [stack: 0x00000035ce100000,0x00000035ce200000] [id=14616]
  0x00000228a3d9e110 ConcurrentGCThread "G1 Refine#1" [stack: 0x00000035d0300000,0x00000035d0400000] [id=23092]
  0x00000228a40e3fb0 ConcurrentGCThread "G1 Refine#2" [stack: 0x00000035cf300000,0x00000035cf400000] [id=17988]
  0x00000228a40e4b30 ConcurrentGCThread "G1 Refine#3" [stack: 0x00000035d0400000,0x00000035d0500000] [id=20316]
  0x000002289747de40 ConcurrentGCThread "G1 Service" [stack: 0x00000035ce200000,0x00000035ce300000] [id=21888]

Threads with active compile tasks:

VM state: at safepoint (normal execution)

VM Mutex/Monitor currently owned by a thread:  ([mutex/lock_event])
[0x00000228951235a0] Threads_lock - owner thread: 0x00000228a18d76e0
[0x00000228973b73b0] Heap_lock - owner thread: 0x00000228a37f5ee0

Heap address: 0x00000000c0000000, size: 1024 MB, Compressed Oops mode: 32-bit

CDS archive(s) not mapped
Compressed class space mapped at: 0x0000000100000000-0x0000000140000000, reserved size: 1073741824
Narrow klass base: 0x0000000000000000, Narrow klass shift: 3, Narrow klass range: 0x140000000

GC Precious Log:
 CPUs: 4 total, 4 available
 Memory: 8026M
 Large Page Support: Disabled
 NUMA Support: Disabled
 Compressed Oops: Enabled (32-bit)
 Heap Region Size: 1M
 Heap Min Capacity: 8M
 Heap Initial Capacity: 126M
 Heap Max Capacity: 1G
 Pre-touch: Disabled
 Parallel Workers: 4
 Concurrent Workers: 1
 Concurrent Refinement Workers: 4
 Periodic GC: Disabled

Heap:
 garbage-first heap   total 86016K, used 24743K [0x00000000c0000000, 0x0000000100000000)
  region size 1024K, 1 young (1024K), 0 survivors (0K)
 Metaspace       used 43990K, committed 44544K, reserved 1089536K
  class space    used 6166K, committed 6400K, reserved 1048576K

Heap Regions: E=young(eden), S=young(survivor), O=old, HS=humongous(starts), HC=humongous(continues), CS=collection set, F=free, OA=open archive, CA=closed archive, TAMS=top-at-mark-start (previous, next)
|   0|0x00000000c0000000, 0x00000000c0100000, 0x00000000c0100000|100%| O|  |TAMS 0x00000000c0100000, 0x00000000c0000000| Untracked 
|   1|0x00000000c0100000, 0x00000000c0200000, 0x00000000c0200000|100%| O|  |TAMS 0x00000000c0200000, 0x00000000c0100000| Untracked 
|   2|0x00000000c0200000, 0x00000000c0300000, 0x00000000c0300000|100%| O|  |TAMS 0x00000000c0300000, 0x00000000c0200000| Untracked 
|   3|0x00000000c0300000, 0x00000000c0400000, 0x00000000c0400000|100%| O|  |TAMS 0x00000000c0400000, 0x00000000c0300000| Untracked 
|   4|0x00000000c0400000, 0x00000000c0500000, 0x00000000c0500000|100%| O|  |TAMS 0x00000000c0500000, 0x00000000c0400000| Untracked 
|   5|0x00000000c0500000, 0x00000000c05ffff8, 0x00000000c0600000| 99%| O|  |TAMS 0x00000000c05ffff8, 0x00000000c0500000| Untracked 
|   6|0x00000000c0600000, 0x00000000c06fffd8, 0x00000000c0700000| 99%| O|  |TAMS 0x00000000c06fffd8, 0x00000000c0600000| Untracked 
|   7|0x00000000c0700000, 0x00000000c07ffff0, 0x00000000c0800000| 99%| O|  |TAMS 0x00000000c07ffff0, 0x00000000c0700000| Untracked 
|   8|0x00000000c0800000, 0x00000000c08ffff8, 0x00000000c0900000| 99%| O|  |TAMS 0x00000000c08ffff8, 0x00000000c0800000| Untracked 
|   9|0x00000000c0900000, 0x00000000c09ffff8, 0x00000000c0a00000| 99%| O|  |TAMS 0x00000000c09ffff8, 0x00000000c0900000| Untracked 
|  10|0x00000000c0a00000, 0x00000000c0affff8, 0x00000000c0b00000| 99%| O|  |TAMS 0x00000000c0affff8, 0x00000000c0a00000| Untracked 
|  11|0x00000000c0b00000, 0x00000000c0bfecd8, 0x00000000c0c00000| 99%| O|  |TAMS 0x00000000c0bfecd8, 0x00000000c0b00000| Untracked 
|  12|0x00000000c0c00000, 0x00000000c0cffff0, 0x00000000c0d00000| 99%| O|  |TAMS 0x00000000c0cffff0, 0x00000000c0c00000| Untracked 
|  13|0x00000000c0d00000, 0x00000000c0e00000, 0x00000000c0e00000|100%| O|  |TAMS 0x00000000c0e00000, 0x00000000c0d00000| Untracked 
|  14|0x00000000c0e00000, 0x00000000c0f00000, 0x00000000c0f00000|100%| O|  |TAMS 0x00000000c0f00000, 0x00000000c0e00000| Untracked 
|  15|0x00000000c0f00000, 0x00000000c0ffffa8, 0x00000000c1000000| 99%| O|  |TAMS 0x00000000c0ffffa8, 0x00000000c0f00000| Untracked 
|  16|0x00000000c1000000, 0x00000000c10fffa8, 0x00000000c1100000| 99%| O|  |TAMS 0x00000000c10fffa8, 0x00000000c1000000| Untracked 
|  17|0x00000000c1100000, 0x00000000c11fffe8, 0x00000000c1200000| 99%| O|  |TAMS 0x00000000c11fffe8, 0x00000000c1100000| Untracked 
|  18|0x00000000c1200000, 0x00000000c12ffff8, 0x00000000c1300000| 99%| O|  |TAMS 0x00000000c12ffff8, 0x00000000c1200000| Untracked 
|  19|0x00000000c1300000, 0x00000000c13fffe8, 0x00000000c1400000| 99%| O|  |TAMS 0x00000000c13fffe8, 0x00000000c1300000| Untracked 
|  20|0x00000000c1400000, 0x00000000c14ffff8, 0x00000000c1500000| 99%| O|  |TAMS 0x00000000c14ffff8, 0x00000000c1400000| Untracked 
|  21|0x00000000c1500000, 0x00000000c152b3c0, 0x00000000c1600000| 16%| O|  |TAMS 0x00000000c1500000, 0x00000000c1500000| Untracked 
|  22|0x00000000c1600000, 0x00000000c1600088, 0x00000000c1700000|  0%| O|  |TAMS 0x00000000c1600000, 0x00000000c1600000| Untracked 
|  23|0x00000000c1700000, 0x00000000c1700000, 0x00000000c1800000|  0%| F|  |TAMS 0x00000000c1700000, 0x00000000c1700000| Untracked 
|  24|0x00000000c1800000, 0x00000000c1800000, 0x00000000c1900000|  0%| F|  |TAMS 0x00000000c1800000, 0x00000000c1800000| Untracked 
|  25|0x00000000c1900000, 0x00000000c1900000, 0x00000000c1a00000|  0%| F|  |TAMS 0x00000000c1900000, 0x00000000c1900000| Untracked 
|  26|0x00000000c1a00000, 0x00000000c1a00000, 0x00000000c1b00000|  0%| F|  |TAMS 0x00000000c1a00000, 0x00000000c1a00000| Untracked 
|  27|0x00000000c1b00000, 0x00000000c1bffff8, 0x00000000c1c00000| 99%| O|  |TAMS 0x00000000c1bffff8, 0x00000000c1b00000| Untracked 
|  28|0x00000000c1c00000, 0x00000000c1c00000, 0x00000000c1d00000|  0%| F|  |TAMS 0x00000000c1c00000, 0x00000000c1c00000| Untracked 
|  29|0x00000000c1d00000, 0x00000000c1dffff0, 0x00000000c1e00000| 99%| O|  |TAMS 0x00000000c1dffff0, 0x00000000c1d00000| Untracked 
|  30|0x00000000c1e00000, 0x00000000c1e00000, 0x00000000c1f00000|  0%| F|  |TAMS 0x00000000c1e00000, 0x00000000c1e00000| Untracked 
|  31|0x00000000c1f00000, 0x00000000c1f00000, 0x00000000c2000000|  0%| F|  |TAMS 0x00000000c1f00000, 0x00000000c1f00000| Untracked 
|  32|0x00000000c2000000, 0x00000000c20ffff8, 0x00000000c2100000| 99%| O|  |TAMS 0x00000000c20ffff8, 0x00000000c2000000| Untracked 
|  33|0x00000000c2100000, 0x00000000c2100000, 0x00000000c2200000|  0%| F|  |TAMS 0x00000000c2100000, 0x00000000c2100000| Untracked 
|  34|0x00000000c2200000, 0x00000000c2200000, 0x00000000c2300000|  0%| F|  |TAMS 0x00000000c2200000, 0x00000000c2200000| Untracked 
|  35|0x00000000c2300000, 0x00000000c2300000, 0x00000000c2400000|  0%| F|  |TAMS 0x00000000c2300000, 0x00000000c2300000| Untracked 
|  36|0x00000000c2400000, 0x00000000c2400000, 0x00000000c2500000|  0%| F|  |TAMS 0x00000000c2400000, 0x00000000c2400000| Untracked 
|  37|0x00000000c2500000, 0x00000000c2500000, 0x00000000c2600000|  0%| F|  |TAMS 0x00000000c2500000, 0x00000000c2500000| Untracked 
|  38|0x00000000c2600000, 0x00000000c2600000, 0x00000000c2700000|  0%| F|  |TAMS 0x00000000c2600000, 0x00000000c2600000| Untracked 
|  39|0x00000000c2700000, 0x00000000c2700000, 0x00000000c2800000|  0%| F|  |TAMS 0x00000000c2700000, 0x00000000c2700000| Untracked 
|  40|0x00000000c2800000, 0x00000000c2800000, 0x00000000c2900000|  0%| F|  |TAMS 0x00000000c2800000, 0x00000000c2800000| Untracked 
|  41|0x00000000c2900000, 0x00000000c2900000, 0x00000000c2a00000|  0%| F|  |TAMS 0x00000000c2900000, 0x00000000c2900000| Untracked 
|  42|0x00000000c2a00000, 0x00000000c2a00000, 0x00000000c2b00000|  0%| F|  |TAMS 0x00000000c2a00000, 0x00000000c2a00000| Untracked 
|  43|0x00000000c2b00000, 0x00000000c2b00000, 0x00000000c2c00000|  0%| F|  |TAMS 0x00000000c2b00000, 0x00000000c2b00000| Untracked 
|  44|0x00000000c2c00000, 0x00000000c2c00000, 0x00000000c2d00000|  0%| F|  |TAMS 0x00000000c2c00000, 0x00000000c2c00000| Untracked 
|  45|0x00000000c2d00000, 0x00000000c2d00000, 0x00000000c2e00000|  0%| F|  |TAMS 0x00000000c2d00000, 0x00000000c2d00000| Untracked 
|  46|0x00000000c2e00000, 0x00000000c2e00000, 0x00000000c2f00000|  0%| F|  |TAMS 0x00000000c2e00000, 0x00000000c2e00000| Untracked 
|  47|0x00000000c2f00000, 0x00000000c2f00000, 0x00000000c3000000|  0%| F|  |TAMS 0x00000000c2f00000, 0x00000000c2f00000| Untracked 
|  48|0x00000000c3000000, 0x00000000c3000000, 0x00000000c3100000|  0%| F|  |TAMS 0x00000000c3000000, 0x00000000c3000000| Untracked 
|  49|0x00000000c3100000, 0x00000000c3100000, 0x00000000c3200000|  0%| F|  |TAMS 0x00000000c3100000, 0x00000000c3100000| Untracked 
|  50|0x00000000c3200000, 0x00000000c3200000, 0x00000000c3300000|  0%| F|  |TAMS 0x00000000c3200000, 0x00000000c3200000| Untracked 
|  51|0x00000000c3300000, 0x00000000c3300000, 0x00000000c3400000|  0%| F|  |TAMS 0x00000000c3300000, 0x00000000c3300000| Untracked 
|  52|0x00000000c3400000, 0x00000000c3400000, 0x00000000c3500000|  0%| F|  |TAMS 0x00000000c3400000, 0x00000000c3400000| Untracked 
|  53|0x00000000c3500000, 0x00000000c3500000, 0x00000000c3600000|  0%| F|  |TAMS 0x00000000c3500000, 0x00000000c3500000| Untracked 
|  54|0x00000000c3600000, 0x00000000c3600000, 0x00000000c3700000|  0%| F|  |TAMS 0x00000000c3600000, 0x00000000c3600000| Untracked 
|  55|0x00000000c3700000, 0x00000000c3700000, 0x00000000c3800000|  0%| F|  |TAMS 0x00000000c3700000, 0x00000000c3700000| Untracked 
|  56|0x00000000c3800000, 0x00000000c3800000, 0x00000000c3900000|  0%| F|  |TAMS 0x00000000c3800000, 0x00000000c3800000| Untracked 
|  57|0x00000000c3900000, 0x00000000c3900000, 0x00000000c3a00000|  0%| F|  |TAMS 0x00000000c3900000, 0x00000000c3900000| Untracked 
|  58|0x00000000c3a00000, 0x00000000c3a00000, 0x00000000c3b00000|  0%| F|  |TAMS 0x00000000c3a00000, 0x00000000c3a00000| Untracked 
|  59|0x00000000c3b00000, 0x00000000c3b00000, 0x00000000c3c00000|  0%| F|  |TAMS 0x00000000c3b00000, 0x00000000c3b00000| Untracked 
|  60|0x00000000c3c00000, 0x00000000c3c00000, 0x00000000c3d00000|  0%| F|  |TAMS 0x00000000c3c00000, 0x00000000c3c00000| Untracked 
|  61|0x00000000c3d00000, 0x00000000c3d00000, 0x00000000c3e00000|  0%| F|  |TAMS 0x00000000c3d00000, 0x00000000c3d00000| Untracked 
|  62|0x00000000c3e00000, 0x00000000c3e00000, 0x00000000c3f00000|  0%| F|  |TAMS 0x00000000c3e00000, 0x00000000c3e00000| Untracked 
|  63|0x00000000c3f00000, 0x00000000c3f00000, 0x00000000c4000000|  0%| F|  |TAMS 0x00000000c3f00000, 0x00000000c3f00000| Untracked 
|  64|0x00000000c4000000, 0x00000000c4000000, 0x00000000c4100000|  0%| F|  |TAMS 0x00000000c4000000, 0x00000000c4000000| Untracked 
|  65|0x00000000c4100000, 0x00000000c4100000, 0x00000000c4200000|  0%| F|  |TAMS 0x00000000c4100000, 0x00000000c4100000| Untracked 
|  66|0x00000000c4200000, 0x00000000c4200000, 0x00000000c4300000|  0%| F|  |TAMS 0x00000000c4200000, 0x00000000c4200000| Untracked 
|  67|0x00000000c4300000, 0x00000000c4300000, 0x00000000c4400000|  0%| F|  |TAMS 0x00000000c4300000, 0x00000000c4300000| Untracked 
|  68|0x00000000c4400000, 0x00000000c4400000, 0x00000000c4500000|  0%| F|  |TAMS 0x00000000c4400000, 0x00000000c4400000| Untracked 
|  69|0x00000000c4500000, 0x00000000c4500000, 0x00000000c4600000|  0%| F|  |TAMS 0x00000000c4500000, 0x00000000c4500000| Untracked 
|  70|0x00000000c4600000, 0x00000000c4600000, 0x00000000c4700000|  0%| F|  |TAMS 0x00000000c4600000, 0x00000000c4600000| Untracked 
|  71|0x00000000c4700000, 0x00000000c4700000, 0x00000000c4800000|  0%| F|  |TAMS 0x00000000c4700000, 0x00000000c4700000| Untracked 
|  72|0x00000000c4800000, 0x00000000c4800000, 0x00000000c4900000|  0%| F|  |TAMS 0x00000000c4800000, 0x00000000c4800000| Untracked 
|  73|0x00000000c4900000, 0x00000000c4900000, 0x00000000c4a00000|  0%| F|  |TAMS 0x00000000c4900000, 0x00000000c4900000| Untracked 
|  74|0x00000000c4a00000, 0x00000000c4a00000, 0x00000000c4b00000|  0%| F|  |TAMS 0x00000000c4a00000, 0x00000000c4a00000| Untracked 
|  75|0x00000000c4b00000, 0x00000000c4b00000, 0x00000000c4c00000|  0%| F|  |TAMS 0x00000000c4b00000, 0x00000000c4b00000| Untracked 
|  76|0x00000000c4c00000, 0x00000000c4c00000, 0x00000000c4d00000|  0%| F|  |TAMS 0x00000000c4c00000, 0x00000000c4c00000| Untracked 
|  77|0x00000000c4d00000, 0x00000000c4d00000, 0x00000000c4e00000|  0%| F|  |TAMS 0x00000000c4d00000, 0x00000000c4d00000| Untracked 
|  78|0x00000000c4e00000, 0x00000000c4e00000, 0x00000000c4f00000|  0%| F|  |TAMS 0x00000000c4e00000, 0x00000000c4e00000| Untracked 
|  79|0x00000000c4f00000, 0x00000000c4f00000, 0x00000000c5000000|  0%| F|  |TAMS 0x00000000c4f00000, 0x00000000c4f00000| Untracked 
|  80|0x00000000c5000000, 0x00000000c5000000, 0x00000000c5100000|  0%| F|  |TAMS 0x00000000c5000000, 0x00000000c5000000| Untracked 
|  81|0x00000000c5100000, 0x00000000c5100000, 0x00000000c5200000|  0%| F|  |TAMS 0x00000000c5100000, 0x00000000c5100000| Untracked 
|  82|0x00000000c5200000, 0x00000000c5200000, 0x00000000c5300000|  0%| F|  |TAMS 0x00000000c5200000, 0x00000000c5200000| Untracked 
|  83|0x00000000c5300000, 0x00000000c53124c0, 0x00000000c5400000|  7%| E|  |TAMS 0x00000000c5300000, 0x00000000c5300000| Complete 

Card table byte_map: [0x000002289d040000,0x000002289d240000] _byte_map_base: 0x000002289ca40000

Marking Bits (Prev, Next): (CMBitMap*) 0x00000228973f85d0, (CMBitMap*) 0x00000228973f8590
 Prev Bits: [0x000002289e440000, 0x000002289f440000)
 Next Bits: [0x000002289d440000, 0x000002289e440000)

Polling page: 0x0000022895330000

Metaspace:

Usage:
  Non-class:     36.94 MB used.
      Class:      6.02 MB used.
       Both:     42.96 MB used.

Virtual space:
  Non-class space:       40.00 MB reserved,      37.25 MB ( 93%) committed,  5 nodes.
      Class space:        1.00 GB reserved,       6.25 MB ( <1%) committed,  1 nodes.
             Both:        1.04 GB reserved,      43.50 MB (  4%) committed. 

Chunk freelists:
   Non-Class:  2.65 MB
       Class:  1.75 MB
        Both:  4.41 MB

MaxMetaspaceSize: unlimited
CompressedClassSpaceSize: 1.00 GB
Initial GC threshold: 21.00 MB
Current GC threshold: 72.50 MB
CDS: off
MetaspaceReclaimPolicy: balanced
 - commit_granule_bytes: 65536.
 - commit_granule_words: 8192.
 - virtual_space_node_default_size: 1048576.
 - enlarge_chunks_in_place: 1.
 - new_chunks_are_fully_committed: 0.
 - uncommit_free_chunks: 1.
 - use_allocation_guard: 0.
 - handle_deallocations: 1.


Internal statistics:

num_allocs_failed_limit: 3.
num_arena_births: 510.
num_arena_deaths: 134.
num_vsnodes_births: 6.
num_vsnodes_deaths: 0.
num_space_committed: 696.
num_space_uncommitted: 0.
num_chunks_returned_to_freelist: 164.
num_chunks_taken_from_freelist: 1855.
num_chunk_merges: 53.
num_chunk_splits: 1315.
num_chunks_enlarged: 1006.
num_purges: 6.
num_inconsistent_stats: 0.

CodeCache: size=49152Kb used=11318Kb max_used=12430Kb free=37833Kb
 bounds [0x000002289a040000, 0x000002289acc0000, 0x000002289d040000]
 total_blobs=6621 nmethods=6066 adapters=482
 compilation: enabled
              stopped_count=0, restarted_count=0
 full_count=0

Compilation events (20 events):
Event: 2701.731 Thread 0x00000228a1959b10 6053       1       java.lang.ProcessBuilder::environment (147 bytes)
Event: 2701.861 Thread 0x00000228a1959b10 nmethod 6053 0x000002289a249110 code [0x000002289a249360, 0x000002289a2498a8]
Event: 2701.937 Thread 0x00000228a1959b10 6060   !   1       java.io.FilterOutputStream::close (183 bytes)
Event: 2701.993 Thread 0x00000228a1959b10 nmethod 6060 0x000002289a248390 code [0x000002289a2485a0, 0x000002289a248a78]
Event: 2701.993 Thread 0x00000228a1959b10 6065       1       java.lang.ProcessImpl$$Lambda$672/0x000000010045c5e8::run (8 bytes)
Event: 2701.993 Thread 0x00000228a1959b10 nmethod 6065 0x000002289a248090 code [0x000002289a248220, 0x000002289a248308]
Event: 2701.993 Thread 0x00000228a1959b10 6066       1       java.lang.ProcessImpl::lambda$new$0 (6 bytes)
Event: 2701.993 Thread 0x00000228a1959b10 nmethod 6066 0x000002289a247d90 code [0x000002289a247f20, 0x000002289a247fe8]
Event: 2701.993 Thread 0x00000228a1959b10 6061   !   1       java.io.FileOutputStream::close (69 bytes)
Event: 2702.027 Thread 0x00000228a1959b10 nmethod 6061 0x000002289a247710 code [0x000002289a2478e0, 0x000002289a247c58]
Event: 2702.027 Thread 0x00000228a1959b10 6062       1       java.io.FileOutputStream$1::<init> (10 bytes)
Event: 2702.027 Thread 0x00000228a1959b10 nmethod 6062 0x000002289a247410 code [0x000002289a2475a0, 0x000002289a2476b8]
Event: 2702.027 Thread 0x00000228a1959b10 6063       1       java.io.FileOutputStream$1::close (11 bytes)
Event: 2702.027 Thread 0x00000228a1959b10 nmethod 6063 0x000002289a246d90 code [0x000002289a246f40, 0x000002289a247258]
Event: 4015.729 Thread 0x00000228a1959b10 6067   !   1       java.lang.ProcessImpl::start (733 bytes)
Event: 4015.801 Thread 0x00000228a1959b10 nmethod 6067 0x000002289a240d90 code [0x000002289a241360, 0x000002289a2442b8]
Event: 5352.543 Thread 0x00000228a1959b10 6083   !   1       java.lang.ProcessImpl::<init> (327 bytes)
Event: 5353.422 Thread 0x00000228a1959b10 nmethod 6083 0x000002289a23e490 code [0x000002289a23e8a0, 0x000002289a23fb28]
Event: 6683.405 Thread 0x00000228a1959b10 6094       1       java.lang.ProcessImpl$2::run (242 bytes)
Event: 6683.505 Thread 0x00000228a1959b10 nmethod 6094 0x000002289a23ce10 code [0x000002289a23d0c0, 0x000002289a23de58]

GC Heap History (20 events):
Event: 7607.090 GC heap before
{Heap before GC invocations=788 (full 728):
 garbage-first heap   total 86016K, used 24743K [0x00000000c0000000, 0x0000000100000000)
  region size 1024K, 1 young (1024K), 0 survivors (0K)
 Metaspace       used 43990K, committed 44544K, reserved 1089536K
  class space    used 6166K, committed 6400K, reserved 1048576K
}
Event: 7607.119 GC heap after
{Heap after GC invocations=789 (full 729):
 garbage-first heap   total 86016K, used 24743K [0x00000000c0000000, 0x0000000100000000)
  region size 1024K, 0 young (0K), 0 survivors (0K)
 Metaspace       used 43990K, committed 44544K, reserved 1089536K
  class space    used 6166K, committed 6400K, reserved 1048576K
}
Event: 7617.272 GC heap before
{Heap before GC invocations=789 (full 729):
 garbage-first heap   total 86016K, used 24743K [0x00000000c0000000, 0x0000000100000000)
  region size 1024K, 1 young (1024K), 0 survivors (0K)
 Metaspace       used 43990K, committed 44544K, reserved 1089536K
  class space    used 6166K, committed 6400K, reserved 1048576K
}
Event: 7617.307 GC heap after
{Heap after GC invocations=790 (full 730):
 garbage-first heap   total 86016K, used 24743K [0x00000000c0000000, 0x0000000100000000)
  region size 1024K, 0 young (0K), 0 survivors (0K)
 Metaspace       used 43990K, committed 44544K, reserved 1089536K
  class space    used 6166K, committed 6400K, reserved 1048576K
}
Event: 7627.447 GC heap before
{Heap before GC invocations=790 (full 730):
 garbage-first heap   total 86016K, used 24743K [0x00000000c0000000, 0x0000000100000000)
  region size 1024K, 1 young (1024K), 0 survivors (0K)
 Metaspace       used 43990K, committed 44544K, reserved 1089536K
  class space    used 6166K, committed 6400K, reserved 1048576K
}
Event: 7627.487 GC heap after
{Heap after GC invocations=791 (full 731):
 garbage-first heap   total 86016K, used 24743K [0x00000000c0000000, 0x0000000100000000)
  region size 1024K, 0 young (0K), 0 survivors (0K)
 Metaspace       used 43990K, committed 44544K, reserved 1089536K
  class space    used 6166K, committed 6400K, reserved 1048576K
}
Event: 7637.622 GC heap before
{Heap before GC invocations=791 (full 731):
 garbage-first heap   total 86016K, used 24743K [0x00000000c0000000, 0x0000000100000000)
  region size 1024K, 1 young (1024K), 0 survivors (0K)
 Metaspace       used 43990K, committed 44544K, reserved 1089536K
  class space    used 6166K, committed 6400K, reserved 1048576K
}
Event: 7637.657 GC heap after
{Heap after GC invocations=792 (full 732):
 garbage-first heap   total 86016K, used 24743K [0x00000000c0000000, 0x0000000100000000)
  region size 1024K, 0 young (0K), 0 survivors (0K)
 Metaspace       used 43990K, committed 44544K, reserved 1089536K
  class space    used 6166K, committed 6400K, reserved 1048576K
}
Event: 7647.793 GC heap before
{Heap before GC invocations=792 (full 732):
 garbage-first heap   total 86016K, used 24743K [0x00000000c0000000, 0x0000000100000000)
  region size 1024K, 1 young (1024K), 0 survivors (0K)
 Metaspace       used 43990K, committed 44544K, reserved 1089536K
  class space    used 6166K, committed 6400K, reserved 1048576K
}
Event: 7647.826 GC heap after
{Heap after GC invocations=793 (full 733):
 garbage-first heap   total 86016K, used 24743K [0x00000000c0000000, 0x0000000100000000)
  region size 1024K, 0 young (0K), 0 survivors (0K)
 Metaspace       used 43990K, committed 44544K, reserved 1089536K
  class space    used 6166K, committed 6400K, reserved 1048576K
}
Event: 7657.969 GC heap before
{Heap before GC invocations=793 (full 733):
 garbage-first heap   total 86016K, used 24743K [0x00000000c0000000, 0x0000000100000000)
  region size 1024K, 1 young (1024K), 0 survivors (0K)
 Metaspace       used 43990K, committed 44544K, reserved 1089536K
  class space    used 6166K, committed 6400K, reserved 1048576K
}
Event: 7658.004 GC heap after
{Heap after GC invocations=794 (full 734):
 garbage-first heap   total 86016K, used 24743K [0x00000000c0000000, 0x0000000100000000)
  region size 1024K, 0 young (0K), 0 survivors (0K)
 Metaspace       used 43990K, committed 44544K, reserved 1089536K
  class space    used 6166K, committed 6400K, reserved 1048576K
}
Event: 7668.137 GC heap before
{Heap before GC invocations=794 (full 734):
 garbage-first heap   total 86016K, used 24743K [0x00000000c0000000, 0x0000000100000000)
  region size 1024K, 1 young (1024K), 0 survivors (0K)
 Metaspace       used 43990K, committed 44544K, reserved 1089536K
  class space    used 6166K, committed 6400K, reserved 1048576K
}
Event: 7668.166 GC heap after
{Heap after GC invocations=795 (full 735):
 garbage-first heap   total 86016K, used 24743K [0x00000000c0000000, 0x0000000100000000)
  region size 1024K, 0 young (0K), 0 survivors (0K)
 Metaspace       used 43990K, committed 44544K, reserved 1089536K
  class space    used 6166K, committed 6400K, reserved 1048576K
}
Event: 7678.315 GC heap before
{Heap before GC invocations=795 (full 735):
 garbage-first heap   total 86016K, used 24743K [0x00000000c0000000, 0x0000000100000000)
  region size 1024K, 1 young (1024K), 0 survivors (0K)
 Metaspace       used 43990K, committed 44544K, reserved 1089536K
  class space    used 6166K, committed 6400K, reserved 1048576K
}
Event: 7678.350 GC heap after
{Heap after GC invocations=796 (full 736):
 garbage-first heap   total 86016K, used 24743K [0x00000000c0000000, 0x0000000100000000)
  region size 1024K, 0 young (0K), 0 survivors (0K)
 Metaspace       used 43990K, committed 44544K, reserved 1089536K
  class space    used 6166K, committed 6400K, reserved 1048576K
}
Event: 7688.485 GC heap before
{Heap before GC invocations=796 (full 736):
 garbage-first heap   total 86016K, used 24743K [0x00000000c0000000, 0x0000000100000000)
  region size 1024K, 1 young (1024K), 0 survivors (0K)
 Metaspace       used 43990K, committed 44544K, reserved 1089536K
  class space    used 6166K, committed 6400K, reserved 1048576K
}
Event: 7688.523 GC heap after
{Heap after GC invocations=797 (full 737):
 garbage-first heap   total 86016K, used 24743K [0x00000000c0000000, 0x0000000100000000)
  region size 1024K, 0 young (0K), 0 survivors (0K)
 Metaspace       used 43990K, committed 44544K, reserved 1089536K
  class space    used 6166K, committed 6400K, reserved 1048576K
}
Event: 7698.691 GC heap before
{Heap before GC invocations=797 (full 737):
 garbage-first heap   total 86016K, used 24743K [0x00000000c0000000, 0x0000000100000000)
  region size 1024K, 1 young (1024K), 0 survivors (0K)
 Metaspace       used 43990K, committed 44544K, reserved 1089536K
  class space    used 6166K, committed 6400K, reserved 1048576K
}
Event: 7698.729 GC heap after
{Heap after GC invocations=798 (full 738):
 garbage-first heap   total 86016K, used 24743K [0x00000000c0000000, 0x0000000100000000)
  region size 1024K, 0 young (0K), 0 survivors (0K)
 Metaspace       used 43990K, committed 44544K, reserved 1089536K
  class space    used 6166K, committed 6400K, reserved 1048576K
}

Dll operation events (8 events):
Event: 0.262 Loaded shared library c:\Users\pharell\.vscode\extensions\redhat.java-1.15.0-win32-x64\jre\17.0.6-win32-x86_64\bin\java.dll
Event: 1.098 Loaded shared library C:\Users\pharell\.vscode\extensions\redhat.java-1.15.0-win32-x64\jre\17.0.6-win32-x86_64\bin\net.dll
Event: 1.100 Loaded shared library C:\Users\pharell\.vscode\extensions\redhat.java-1.15.0-win32-x64\jre\17.0.6-win32-x86_64\bin\nio.dll
Event: 1.214 Loaded shared library C:\Users\pharell\.vscode\extensions\redhat.java-1.15.0-win32-x64\jre\17.0.6-win32-x86_64\bin\zip.dll
Event: 5.594 Loaded shared library C:\Users\pharell\.vscode\extensions\redhat.java-1.15.0-win32-x64\jre\17.0.6-win32-x86_64\bin\jimage.dll
Event: 7.578 Loaded shared library c:\Users\pharell\.vscode\extensions\redhat.java-1.15.0-win32-x64\jre\17.0.6-win32-x86_64\bin\verify.dll
Event: 20.284 Loaded shared library C:\Users\pharell\.vscode\extensions\redhat.java-1.15.0-win32-x64\jre\17.0.6-win32-x86_64\bin\management.dll
Event: 20.339 Loaded shared library C:\Users\pharell\.vscode\extensions\redhat.java-1.15.0-win32-x64\jre\17.0.6-win32-x86_64\bin\management_ext.dll

Deoptimization events (20 events):
Event: 21.307 Thread 0x00000228a353bd60 DEOPT PACKING pc=0x000002289a7434b5 sp=0x00000035cf8fe3b0
Event: 21.308 Thread 0x00000228a353bd60 DEOPT UNPACKING pc=0x000002289a097143 sp=0x00000035cf8fd8c8 mode 3
Event: 21.454 Thread 0x00000228a3612520 DEOPT PACKING pc=0x000002289a7594ab sp=0x00000035cfafe700
Event: 21.454 Thread 0x00000228a3612520 DEOPT UNPACKING pc=0x000002289a097143 sp=0x00000035cfafdc48 mode 3
Event: 21.858 Thread 0x00000228a373a850 DEOPT PACKING pc=0x000002289a536a81 sp=0x00000035cfbfef20
Event: 21.858 Thread 0x00000228a373a850 DEOPT UNPACKING pc=0x000002289a097143 sp=0x00000035cfbfe3b0 mode 3
Event: 23.218 Thread 0x00000228a3c91b70 DEOPT PACKING pc=0x000002289a532e17 sp=0x00000035d01fec40
Event: 23.218 Thread 0x00000228a3c91b70 DEOPT UNPACKING pc=0x000002289a097143 sp=0x00000035d01fe098 mode 3
Event: 41.329 Thread 0x00000228a3612520 DEOPT PACKING pc=0x000002289a51bed2 sp=0x00000035cfafe000
Event: 41.329 Thread 0x00000228a3612520 DEOPT UNPACKING pc=0x000002289a097143 sp=0x00000035cfafd508 mode 3
Event: 41.860 Thread 0x00000228a3612520 DEOPT PACKING pc=0x000002289abeb6f4 sp=0x00000035cfafdf80
Event: 41.860 Thread 0x00000228a3612520 DEOPT UNPACKING pc=0x000002289a097143 sp=0x00000035cfafd4b0 mode 0
Event: 41.860 Thread 0x00000228a3612520 DEOPT PACKING pc=0x000002289ab981f4 sp=0x00000035cfafe280
Event: 41.860 Thread 0x00000228a3612520 DEOPT UNPACKING pc=0x000002289a097143 sp=0x00000035cfafd778 mode 0
Event: 41.860 Thread 0x00000228a3612520 DEOPT PACKING pc=0x000002289ab639f4 sp=0x00000035cfafe350
Event: 41.860 Thread 0x00000228a3612520 DEOPT UNPACKING pc=0x000002289a097143 sp=0x00000035cfafd828 mode 0
Event: 41.860 Thread 0x00000228a3612520 DEOPT PACKING pc=0x000002289ab5f724 sp=0x00000035cfafe400
Event: 41.860 Thread 0x00000228a3612520 DEOPT UNPACKING pc=0x000002289a097143 sp=0x00000035cfafd980 mode 0
Event: 41.861 Thread 0x00000228a3612520 DEOPT PACKING pc=0x000002289abb08ac sp=0x00000035cfafe720
Event: 41.861 Thread 0x00000228a3612520 DEOPT UNPACKING pc=0x000002289a097143 sp=0x00000035cfafdbb0 mode 0

Classes unloaded (20 events):
Event: 121.611 Thread 0x00000228a18d76e0 Unloading class 0x0000000100642400 'jdk/internal/reflect/GeneratedConstructorAccessor27'
Event: 121.611 Thread 0x00000228a18d76e0 Unloading class 0x0000000100642000 'jdk/internal/reflect/GeneratedConstructorAccessor26'
Event: 121.611 Thread 0x00000228a18d76e0 Unloading class 0x0000000100641c00 'jdk/internal/reflect/GeneratedConstructorAccessor25'
Event: 121.611 Thread 0x00000228a18d76e0 Unloading class 0x0000000100641800 'jdk/internal/reflect/GeneratedConstructorAccessor24'
Event: 121.611 Thread 0x00000228a18d76e0 Unloading class 0x0000000100641400 'jdk/internal/reflect/GeneratedConstructorAccessor23'
Event: 121.611 Thread 0x00000228a18d76e0 Unloading class 0x0000000100641000 'jdk/internal/reflect/GeneratedConstructorAccessor22'
Event: 121.611 Thread 0x00000228a18d76e0 Unloading class 0x0000000100640c00 'jdk/internal/reflect/GeneratedConstructorAccessor21'
Event: 121.611 Thread 0x00000228a18d76e0 Unloading class 0x0000000100640800 'jdk/internal/reflect/GeneratedConstructorAccessor20'
Event: 121.611 Thread 0x00000228a18d76e0 Unloading class 0x0000000100640400 'jdk/internal/reflect/GeneratedConstructorAccessor19'
Event: 121.611 Thread 0x00000228a18d76e0 Unloading class 0x0000000100604400 'jdk/internal/reflect/GeneratedMethodAccessor20'
Event: 121.611 Thread 0x00000228a18d76e0 Unloading class 0x00000001000cb800 'java/lang/invoke/LambdaForm$MH+0x00000001000cb800'
Event: 121.611 Thread 0x00000228a18d76e0 Unloading class 0x00000001000cb400 'java/lang/invoke/LambdaForm$MH+0x00000001000cb400'
Event: 121.611 Thread 0x00000228a18d76e0 Unloading class 0x00000001000cb000 'java/lang/invoke/LambdaForm$MH+0x00000001000cb000'
Event: 121.611 Thread 0x00000228a18d76e0 Unloading class 0x00000001000cac00 'java/lang/invoke/LambdaForm$MH+0x00000001000cac00'
Event: 121.611 Thread 0x00000228a18d76e0 Unloading class 0x00000001000ca800 'java/lang/invoke/LambdaForm$MH+0x00000001000ca800'
Event: 121.611 Thread 0x00000228a18d76e0 Unloading class 0x00000001000ca400 'java/lang/invoke/LambdaForm$MH+0x00000001000ca400'
Event: 121.611 Thread 0x00000228a18d76e0 Unloading class 0x00000001000c9c00 'java/lang/invoke/LambdaForm$MH+0x00000001000c9c00'
Event: 121.611 Thread 0x00000228a18d76e0 Unloading class 0x00000001000c9400 'java/lang/invoke/LambdaForm$MH+0x00000001000c9400'
Event: 121.611 Thread 0x00000228a18d76e0 Unloading class 0x00000001000c8c00 'java/lang/invoke/LambdaForm$MH+0x00000001000c8c00'
Event: 121.611 Thread 0x00000228a18d76e0 Unloading class 0x00000001000c8400 'java/lang/invoke/LambdaForm$MH+0x00000001000c8400'

Classes redefined (0 events):
No events

Internal exceptions (20 events):
Event: 40.556 Thread 0x00000228a3c91b70 Exception <a 'sun/nio/fs/WindowsException'{0x00000000d9894310}> (0x00000000d9894310) 
thrown [s\src\hotspot\share\prims\jni.cpp, line 516]
Event: 40.556 Thread 0x00000228a3c91b70 Exception <a 'sun/nio/fs/WindowsException'{0x00000000d98946f0}> (0x00000000d98946f0) 
thrown [s\src\hotspot\share\prims\jni.cpp, line 516]
Event: 40.556 Thread 0x00000228a3c91b70 Exception <a 'sun/nio/fs/WindowsException'{0x00000000d98950f0}> (0x00000000d98950f0) 
thrown [s\src\hotspot\share\prims\jni.cpp, line 516]
Event: 40.556 Thread 0x00000228a3c91b70 Exception <a 'sun/nio/fs/WindowsException'{0x00000000d98954a0}> (0x00000000d98954a0) 
thrown [s\src\hotspot\share\prims\jni.cpp, line 516]
Event: 40.556 Thread 0x00000228a3c91b70 Exception <a 'sun/nio/fs/WindowsException'{0x00000000d9895ea8}> (0x00000000d9895ea8) 
thrown [s\src\hotspot\share\prims\jni.cpp, line 516]
Event: 40.556 Thread 0x00000228a3c91b70 Exception <a 'sun/nio/fs/WindowsException'{0x00000000d9896268}> (0x00000000d9896268) 
thrown [s\src\hotspot\share\prims\jni.cpp, line 516]
Event: 40.557 Thread 0x00000228a3c91b70 Exception <a 'sun/nio/fs/WindowsException'{0x00000000d9896c68}> (0x00000000d9896c68) 
thrown [s\src\hotspot\share\prims\jni.cpp, line 516]
Event: 40.557 Thread 0x00000228a3c91b70 Exception <a 'sun/nio/fs/WindowsException'{0x00000000d9897018}> (0x00000000d9897018) 
thrown [s\src\hotspot\share\prims\jni.cpp, line 516]
Event: 40.557 Thread 0x00000228a3c91b70 Exception <a 'sun/nio/fs/WindowsException'{0x00000000d9897a20}> (0x00000000d9897a20) 
thrown [s\src\hotspot\share\prims\jni.cpp, line 516]
Event: 40.557 Thread 0x00000228a3c91b70 Exception <a 'sun/nio/fs/WindowsException'{0x00000000d9897de0}> (0x00000000d9897de0) 
thrown [s\src\hotspot\share\prims\jni.cpp, line 516]
Event: 40.557 Thread 0x00000228a3c91b70 Exception <a 'sun/nio/fs/WindowsException'{0x00000000d9898808}> (0x00000000d9898808) 
thrown [s\src\hotspot\share\prims\jni.cpp, line 516]
Event: 40.557 Thread 0x00000228a3c91b70 Exception <a 'sun/nio/fs/WindowsException'{0x00000000d9898be8}> (0x00000000d9898be8) 
thrown [s\src\hotspot\share\prims\jni.cpp, line 516]
Event: 40.557 Thread 0x00000228a3c8fe90 Exception <a 'java/lang/NoSuchMethodError'{0x00000000d9708940}: 'java.lang.Object java.lang.invoke.Invokers$Holder.invoke_MT(java.lang.Object, java.lang.Object, java.lang.Object)'> (0x00000000d9708940) 
thrown [s\src\hotspot\share\interpreter\linkResolver.cpp, line 759]
Event: 40.558 Thread 0x00000228a3c91b70 Exception <a 'sun/nio/fs/WindowsException'{0x00000000d9899620}> (0x00000000d9899620) 
thrown [s\src\hotspot\share\prims\jni.cpp, line 516]
Event: 40.558 Thread 0x00000228a3c91b70 Exception <a 'sun/nio/fs/WindowsException'{0x00000000d9899a10}> (0x00000000d9899a10) 
thrown [s\src\hotspot\share\prims\jni.cpp, line 516]
Event: 40.558 Thread 0x00000228a3c91b70 Exception <a 'sun/nio/fs/WindowsException'{0x00000000d989a440}> (0x00000000d989a440) 
thrown [s\src\hotspot\share\prims\jni.cpp, line 516]
Event: 40.558 Thread 0x00000228a3c91b70 Exception <a 'sun/nio/fs/WindowsException'{0x00000000d989a830}> (0x00000000d989a830) 
thrown [s\src\hotspot\share\prims\jni.cpp, line 516]
Event: 40.949 Thread 0x00000228a3612520 Exception <a 'java/lang/NoSuchMethodError'{0x00000000e7614870}: 'void java.lang.invoke.DirectMethodHandle$Holder.invokeStatic(java.lang.Object, java.lang.Object, java.lang.Object, java.lang.Object, java.lang.Object, java.lang.Object, java.lang.Object)'> (0x00000000e7614870) 
thrown [s\src\hotspot\share\interpreter\linkResolver.cpp, line 759]
Event: 80.100 Thread 0x00000228a37f5ee0 Exception <a 'java/lang/NoSuchMethodError'{0x00000000df839b60}: 'void java.lang.invoke.DirectMethodHandle$Holder.invokeStatic(java.lang.Object, long)'> (0x00000000df839b60) 
thrown [s\src\hotspot\share\interpreter\linkResolver.cpp, line 759]
Event: 80.101 Thread 0x00000228a37f5ee0 Exception <a 'java/lang/NoSuchMethodError'{0x00000000df83ef08}: 'java.lang.Object java.lang.invoke.DirectMethodHandle$Holder.newInvokeSpecial(java.lang.Object, long)'> (0x00000000df83ef08) 
thrown [s\src\hotspot\share\interpreter\linkResolver.cpp, line 759]

VM Operations (20 events):
Event: 7607.119 Executing VM operation: G1CollectFull done
Event: 7617.272 Executing VM operation: G1CollectFull
Event: 7617.308 Executing VM operation: G1CollectFull done
Event: 7627.447 Executing VM operation: G1CollectFull
Event: 7627.488 Executing VM operation: G1CollectFull done
Event: 7637.622 Executing VM operation: G1CollectFull
Event: 7637.657 Executing VM operation: G1CollectFull done
Event: 7647.793 Executing VM operation: G1CollectFull
Event: 7647.826 Executing VM operation: G1CollectFull done
Event: 7657.969 Executing VM operation: G1CollectFull
Event: 7658.004 Executing VM operation: G1CollectFull done
Event: 7668.137 Executing VM operation: G1CollectFull
Event: 7668.166 Executing VM operation: G1CollectFull done
Event: 7678.315 Executing VM operation: G1CollectFull
Event: 7678.350 Executing VM operation: G1CollectFull done
Event: 7688.485 Executing VM operation: G1CollectFull
Event: 7688.523 Executing VM operation: G1CollectFull done
Event: 7698.690 Executing VM operation: G1CollectFull
Event: 7698.729 Executing VM operation: G1CollectFull done
Event: 7709.094 Executing VM operation: G1CollectFull

Events (20 events):
Event: 80.093 loading class java/lang/ProcessBuilder done
Event: 80.093 loading class java/lang/ProcessImpl
Event: 80.093 loading class java/lang/Process
Event: 80.093 loading class java/lang/Process done
Event: 80.093 loading class java/lang/ProcessImpl done
Event: 80.101 loading class java/lang/ProcessImpl$2
Event: 80.101 loading class java/lang/ProcessImpl$2 done
Event: 80.101 loading class java/lang/Process$PipeInputStream
Event: 80.101 loading class java/lang/Process$PipeInputStream done
Event: 80.103 loading class jdk/internal/event/ProcessStartEvent
Event: 80.103 loading class jdk/internal/event/ProcessStartEvent done
Event: 80.848 loading class java/io/FileOutputStream$1
Event: 80.848 loading class java/io/FileOutputStream$1 done
Event: 102.440 Thread 0x00000228a3612520 Thread exited: 0x00000228a3612520
Event: 4015.836 Thread 0x00000228a3b4df50 Thread added: 0x00000228a3b4df50
Event: 4015.856 Thread 0x00000228a6153540 Thread added: 0x00000228a6153540
Event: 4021.028 Thread 0x00000228a6153540 Thread exited: 0x00000228a6153540
Event: 4026.028 Thread 0x00000228a3b4df50 Thread exited: 0x00000228a3b4df50
Event: 5353.423 Thread 0x00000228a6153540 Thread added: 0x00000228a6153540
Event: 5358.430 Thread 0x00000228a6153540 Thread exited: 0x00000228a6153540


Dynamic libraries:
0x00007ff7d3910000 - 0x00007ff7d391e000 	c:\Users\pharell\.vscode\extensions\redhat.java-1.15.0-win32-x64\jre\17.0.6-win32-x86_64\bin\java.exe
0x00007ffbe8b00000 - 0x00007ffbe8d09000 	C:\WINDOWS\SYSTEM32\ntdll.dll
0x00007ffbe6c50000 - 0x00007ffbe6d0e000 	C:\WINDOWS\System32\KERNEL32.DLL
0x00007ffbe62b0000 - 0x00007ffbe662c000 	C:\WINDOWS\System32\KERNELBASE.dll
0x00007ffbe6190000 - 0x00007ffbe62a1000 	C:\WINDOWS\System32\ucrtbase.dll
0x00007ffbd55f0000 - 0x00007ffbd5609000 	c:\Users\pharell\.vscode\extensions\redhat.java-1.15.0-win32-x64\jre\17.0.6-win32-x86_64\bin\VCRUNTIME140.dll
0x00007ffbd5610000 - 0x00007ffbd5627000 	c:\Users\pharell\.vscode\extensions\redhat.java-1.15.0-win32-x64\jre\17.0.6-win32-x86_64\bin\jli.dll
0x00007ffbe6f30000 - 0x00007ffbe70dd000 	C:\WINDOWS\System32\USER32.dll
0x00007ffbe6160000 - 0x00007ffbe6186000 	C:\WINDOWS\System32\win32u.dll
0x00007ffbe6980000 - 0x00007ffbe69a9000 	C:\WINDOWS\System32\GDI32.dll
0x00007ffbe6040000 - 0x00007ffbe6158000 	C:\WINDOWS\System32\gdi32full.dll
0x00007ffbcc8e0000 - 0x00007ffbccb85000 	C:\WINDOWS\WinSxS\amd64_microsoft.windows.common-controls_6595b64144ccf1df_6.0.22000.120_none_9d947278b86cc467\COMCTL32.dll
0x00007ffbe6820000 - 0x00007ffbe68bd000 	C:\WINDOWS\System32\msvcp_win.dll
0x00007ffbe7d10000 - 0x00007ffbe7db3000 	C:\WINDOWS\System32\msvcrt.dll
0x00007ffbe8a80000 - 0x00007ffbe8ab2000 	C:\WINDOWS\System32\IMM32.DLL
0x00007ffbd5b50000 - 0x00007ffbd5b5c000 	c:\Users\pharell\.vscode\extensions\redhat.java-1.15.0-win32-x64\jre\17.0.6-win32-x86_64\bin\vcruntime140_1.dll
0x00007ffbd42e0000 - 0x00007ffbd4371000 	c:\Users\pharell\.vscode\extensions\redhat.java-1.15.0-win32-x64\jre\17.0.6-win32-x86_64\bin\msvcp140.dll
0x00007ffb64160000 - 0x00007ffb64da7000 	c:\Users\pharell\.vscode\extensions\redhat.java-1.15.0-win32-x64\jre\17.0.6-win32-x86_64\bin\server\jvm.dll
0x00007ffbe7490000 - 0x00007ffbe753e000 	C:\WINDOWS\System32\ADVAPI32.dll
0x00007ffbe6e80000 - 0x00007ffbe6f1e000 	C:\WINDOWS\System32\sechost.dll
0x00007ffbe6b20000 - 0x00007ffbe6c40000 	C:\WINDOWS\System32\RPCRT4.dll
0x00007ffbd5410000 - 0x00007ffbd5419000 	C:\WINDOWS\SYSTEM32\WSOCK32.dll
0x00007ffbbf310000 - 0x00007ffbbf343000 	C:\WINDOWS\SYSTEM32\WINMM.dll
0x00007ffbe83e0000 - 0x00007ffbe844f000 	C:\WINDOWS\System32\WS2_32.dll
0x00007ffbe1390000 - 0x00007ffbe139a000 	C:\WINDOWS\SYSTEM32\VERSION.dll
0x00007ffbe5010000 - 0x00007ffbe5028000 	C:\WINDOWS\SYSTEM32\kernel.appcore.dll
0x00007ffbd55d0000 - 0x00007ffbd55da000 	c:\Users\pharell\.vscode\extensions\redhat.java-1.15.0-win32-x64\jre\17.0.6-win32-x86_64\bin\jimage.dll
0x00007ffbe3b70000 - 0x00007ffbe3d91000 	C:\WINDOWS\SYSTEM32\DBGHELP.DLL
0x00007ffbd1b00000 - 0x00007ffbd1b31000 	C:\WINDOWS\SYSTEM32\dbgcore.DLL
0x00007ffbe6630000 - 0x00007ffbe66af000 	C:\WINDOWS\System32\bcryptPrimitives.dll
0x00007ffbd4390000 - 0x00007ffbd43b5000 	c:\Users\pharell\.vscode\extensions\redhat.java-1.15.0-win32-x64\jre\17.0.6-win32-x86_64\bin\java.dll
0x00007ffbd42c0000 - 0x00007ffbd42d8000 	c:\Users\pharell\.vscode\extensions\redhat.java-1.15.0-win32-x64\jre\17.0.6-win32-x86_64\bin\zip.dll
0x00007ffbe7540000 - 0x00007ffbe7d05000 	C:\WINDOWS\System32\SHELL32.dll
0x00007ffbe4080000 - 0x00007ffbe48e5000 	C:\WINDOWS\SYSTEM32\windows.storage.dll
0x00007ffbe8450000 - 0x00007ffbe87c8000 	C:\WINDOWS\System32\combase.dll
0x00007ffbe3f10000 - 0x00007ffbe4076000 	C:\WINDOWS\SYSTEM32\wintypes.dll
0x00007ffbe69b0000 - 0x00007ffbe6a9a000 	C:\WINDOWS\System32\SHCORE.dll
0x00007ffbe6ac0000 - 0x00007ffbe6b1d000 	C:\WINDOWS\System32\shlwapi.dll
0x00007ffbe5f00000 - 0x00007ffbe5f21000 	C:\WINDOWS\SYSTEM32\profapi.dll
0x00007ffbd42a0000 - 0x00007ffbd42b9000 	C:\Users\pharell\.vscode\extensions\redhat.java-1.15.0-win32-x64\jre\17.0.6-win32-x86_64\bin\net.dll
0x00007ffbe0e60000 - 0x00007ffbe0f74000 	C:\WINDOWS\SYSTEM32\WINHTTP.dll
0x00007ffbe54a0000 - 0x00007ffbe5507000 	C:\WINDOWS\system32\mswsock.dll
0x00007ffbd3f10000 - 0x00007ffbd3f25000 	C:\Users\pharell\.vscode\extensions\redhat.java-1.15.0-win32-x64\jre\17.0.6-win32-x86_64\bin\nio.dll
0x00007ffbd5580000 - 0x00007ffbd5590000 	c:\Users\pharell\.vscode\extensions\redhat.java-1.15.0-win32-x64\jre\17.0.6-win32-x86_64\bin\verify.dll
0x00007ffbe5780000 - 0x00007ffbe5798000 	C:\WINDOWS\SYSTEM32\CRYPTSP.dll
0x00007ffbe4f70000 - 0x00007ffbe4fa5000 	C:\WINDOWS\system32\rsaenh.dll
0x00007ffbe5540000 - 0x00007ffbe5569000 	C:\WINDOWS\SYSTEM32\USERENV.dll
0x00007ffbe58a0000 - 0x00007ffbe58c7000 	C:\WINDOWS\SYSTEM32\bcrypt.dll
0x00007ffbe5690000 - 0x00007ffbe569c000 	C:\WINDOWS\SYSTEM32\CRYPTBASE.dll
0x00007ffbe4b30000 - 0x00007ffbe4b5d000 	C:\WINDOWS\SYSTEM32\IPHLPAPI.DLL
0x00007ffbe6f20000 - 0x00007ffbe6f29000 	C:\WINDOWS\System32\NSI.dll
0x00007ffbe0e40000 - 0x00007ffbe0e59000 	C:\WINDOWS\SYSTEM32\dhcpcsvc6.DLL
0x00007ffbe1170000 - 0x00007ffbe118e000 	C:\WINDOWS\SYSTEM32\dhcpcsvc.DLL
0x00007ffbe4b60000 - 0x00007ffbe4c48000 	C:\WINDOWS\SYSTEM32\DNSAPI.dll
0x00007ffbd3a00000 - 0x00007ffbd3a09000 	C:\Users\pharell\.vscode\extensions\redhat.java-1.15.0-win32-x64\jre\17.0.6-win32-x86_64\bin\management.dll
0x00007ffbd39f0000 - 0x00007ffbd39fb000 	C:\Users\pharell\.vscode\extensions\redhat.java-1.15.0-win32-x64\jre\17.0.6-win32-x86_64\bin\management_ext.dll
0x00007ffbe6c40000 - 0x00007ffbe6c48000 	C:\WINDOWS\System32\PSAPI.DLL

dbghelp: loaded successfully - version: 4.0.5 - missing functions: none
symbol engine: initialized successfully - sym options: 0x614 - pdb path: .;c:\Users\pharell\.vscode\extensions\redhat.java-1.15.0-win32-x64\jre\17.0.6-win32-x86_64\bin;C:\WINDOWS\SYSTEM32;C:\WINDOWS\WinSxS\amd64_microsoft.windows.common-controls_6595b64144ccf1df_6.0.22000.120_none_9d947278b86cc467;c:\Users\pharell\.vscode\extensions\redhat.java-1.15.0-win32-x64\jre\17.0.6-win32-x86_64\bin\server

VM Arguments:
jvm_args: -XX:+HeapDumpOnOutOfMemoryError -Xmx1024m -Dsts.lsp.client=vscode -Dsts.log.file=/dev/null -XX:TieredStopAtLevel=1 -Xlog:jni+resolve=off -Dspring.config.location=file:c:\Users\pharell\.vscode\extensions\vmware.vscode-spring-boot-1.44.0\language-server\BOOT-INF\classes\application.properties 
java_command: org.springframework.ide.vscode.boot.app.BootLanguageServerBootApp
java_class_path (initial): c:\Users\pharell\.vscode\extensions\vmware.vscode-spring-boot-1.44.0\language-server\BOOT-INF\classes;c:\Users\pharell\.vscode\extensions\vmware.vscode-spring-boot-1.44.0\language-server\BOOT-INF\lib\annotations-24.0.0.jar;c:\Users\pharell\.vscode\extensions\vmware.vscode-spring-boot-1.44.0\language-server\BOOT-INF\lib\ant-1.10.13.jar;c:\Users\pharell\.vscode\extensions\vmware.vscode-spring-boot-1.44.0\language-server\BOOT-INF\lib\ant-launcher-1.10.13.jar;c:\Users\pharell\.vscode\extensions\vmware.vscode-spring-boot-1.44.0\language-server\BOOT-INF\lib\antlr-runtime-3.5.2.jar;c:\Users\pharell\.vscode\extensions\vmware.vscode-spring-boot-1.44.0\language-server\BOOT-INF\lib\antlr4-4.9.3.jar;c:\Users\pharell\.vscode\extensions\vmware.vscode-spring-boot-1.44.0\language-server\BOOT-INF\lib\antlr4-runtime-4.9.3.jar;c:\Users\pharell\.vscode\extensions\vmware.vscode-spring-boot-1.44.0\language-server\BOOT-INF\lib\apiguardian-api-1.1.2.jar;c:\Users\pharell\.vscode\extensions\vmware.vscode-spring-boot-1.44.0\language-server\BOOT-INF\lib\asm-9.4.jar;c:\Users\pharell\.vscode\extensions\vmware.vscode-spring-boot-1.44.0\language-server\BOOT-INF\lib\asm-analysis-9.4.jar;c:\Users\pharell\.vscode\extensions\vmware.vscode-spring-boot-1.44.0\language-server\BOOT-INF\lib\asm-tree-9.4.jar;c:\Users\pharell\.vscode\extensions\vmware.vscode-spring-boot-1.44.0\language-server\BOOT-INF\lib\asm-util-9.4.jar;c:\Users\pharell\.vscode\extensions\vmware.vscode-spring-boot-1.44.0\language-server\BOOT-INF\lib\caffeine-3.1.2.jar;c:\Users\pharell\.vscode\extensions\vmware.vscode-spring-boot-1.44.0\language-server\BOOT-INF\lib\checker-qual-3.12.0.jar;c:\Users\pharell\.vscode\extensions\vmware.vscode-spring-boot-1.44.0\language-server\BOOT-INF\lib\ci-environment-9.1.0.jar;c:\Users\pharell\.vscode\extensions\vmware.vscode-spring-boot-1.44.0\language-server\BOOT-INF\lib\classgraph-4.8.149.jar;c:\Users\pharell\.vscode\extensions\vmware.vscode-spring-boot-1.44.0\language-server\
Launcher Type: SUN_STANDARD

[Global flags]
     intx CICompilerCount                          = 3                                         {product} {ergonomic}
     uint ConcGCThreads                            = 1                                         {product} {ergonomic}
     uint G1ConcRefinementThreads                  = 4                                         {product} {ergonomic}
   size_t G1HeapRegionSize                         = 1048576                                   {product} {ergonomic}
    uintx GCDrainStackTargetSize                   = 64                                        {product} {ergonomic}
     bool HeapDumpOnOutOfMemoryError               = true                                   {manageable} {command line}
   size_t InitialHeapSize                          = 132120576                                 {product} {ergonomic}
   size_t MarkStackSize                            = 4194304                                   {product} {ergonomic}
   size_t MaxHeapSize                              = 1073741824                                {product} {command line}
   size_t MaxNewSize                               = 643825664                                 {product} {ergonomic}
   size_t MinHeapDeltaBytes                        = 1048576                                   {product} {ergonomic}
   size_t MinHeapSize                              = 8388608                                   {product} {ergonomic}
    uintx NonProfiledCodeHeapSize                  = 0                                      {pd product} {ergonomic}
     bool ProfileInterpreter                       = false                                  {pd product} {command line}
    uintx ProfiledCodeHeapSize                     = 0                                      {pd product} {ergonomic}
   size_t SoftMaxHeapSize                          = 1073741824                             {manageable} {ergonomic}
     intx TieredStopAtLevel                        = 1                                         {product} {command line}
     bool UseCompressedClassPointers               = true                           {product lp64_product} {ergonomic}
     bool UseCompressedOops                        = true                           {product lp64_product} {ergonomic}
     bool UseG1GC                                  = true                                      {product} {ergonomic}
     bool UseLargePagesIndividualAllocation        = false                                  {pd product} {ergonomic}

Logging:
Log output configuration:
 #0: stdout all=warning,jni+resolve=off uptime,level,tags
 #1: stderr all=off uptime,level,tags

Environment Variables:
JAVA_HOME=C:\Program Files\Java\jdk1.8.0_111
PATH=C:\Python311\Scripts\;C:\Python311\;C:\Program Files (x86)\Common Files\Oracle\Java\javapath;C:\ProgramData\Oracle\Java\javapath;C:\WINDOWS\system32;C:\WINDOWS;C:\WINDOWS\System32\Wbem;C:\WINDOWS\System32\WindowsPowerShell\v1.0\;C:\WINDOWS\System32\OpenSSH\;C:\Program Files\dotnet\;C:\Program Files\Java\jdk1.8.0_111\bin;C:\Program Files\nodejs\;C:\ProgramData\chocolatey\bin;C:\ApacheMaven\apache-maven-3.8.7\bin;D:\Programme  File\PostgreSQL\15\bin;C:\Program Files\Git\cmd;C:\Users\pharell\AppData\Local\Microsoft\WindowsApps;C:\Users\pharell\AppData\Local\Programs\Microsoft VS Code\bin;C:\Users\pharell\AppData\Local\JetBrains\Toolbox\scripts;C:\Users\pharell\AppData\Roaming\npm;D:\Programme  File\IntelliJ IDEA 2022.3.2\bin;;D:\Programme  File\PostgreSQL\15;
USERNAME=pharell
OS=Windows_NT
PROCESSOR_IDENTIFIER=Intel64 Family 6 Model 142 Stepping 10, GenuineIntel
TMP=C:\Users\pharell\AppData\Local\Temp
TEMP=C:\Users\pharell\AppData\Local\Temp



---------------  S Y S T E M  ---------------

OS:
 Windows 11 , 64 bit Build 22000 (10.0.22000.1516)
OS uptime: 0 days 11:34 hours
Hyper-V role detected

CPU: total 4 (initial active 4) (2 cores per cpu, 2 threads per core) family 6 model 142 stepping 10 microcode 0xe0, cx8, cmov, fxsr, ht, mmx, 3dnowpref, sse, sse2, sse3, ssse3, sse4.1, sse4.2, popcnt, lzcnt, tsc, tscinvbit, avx, avx2, aes, erms, clmul, bmi1, bmi2, adx, fma, vzeroupper, clflush, clflushopt, hv

Memory: 4k page, system-wide physical 8026M (484M free)
TotalPageFile size 13937M (AvailPageFile size 15M)
current process WorkingSet (physical memory assigned to process): 66M, peak: 739M
current process commit charge ("private bytes"): 223M, peak: 807M

vm_info: OpenJDK 64-Bit Server VM (17.0.6+10) for windows-amd64 JRE (17.0.6+10), built on Jan 18 2023 10:08:59 by "temurin" with MS VC++ 16.7 (VS2019)

END.
