#
# There is insufficient memory for the Java Runtime Environment to continue.
# Native memory allocation (malloc) failed to allocate 2097152 bytes for AllocateHeap
# Possible reasons:
#   The system is out of physical RAM or swap space
#   The process is running with CompressedOops enabled, and the Java Heap may be blocking the growth of the native heap
# Possible solutions:
#   Reduce memory load on the system
#   Increase physical memory or swap space
#   Check if swap backing store is full
#   Decrease Java heap size (-Xmx/-Xms)
#   Decrease number of Java threads
#   Decrease Java thread stack sizes (-Xss)
#   Set larger code cache with -XX:ReservedCodeCacheSize=
#   JVM is running with Unscaled Compressed Oops mode in which the Java heap is
#     placed in the first 4GB address space. The Java Heap base address is the
#     maximum limit for the native heap growth. Please use -XX:HeapBaseMinAddress
#     to set the Java Heap base and to place the Java Heap above 4GB virtual address.
# This output file may be truncated or incomplete.
#
#  Out of Memory Error (allocation.cpp:44), pid=14372, tid=10564
#
# JRE version: OpenJDK Runtime Environment Temurin-17.0.6+10 (17.0.6+10) (build 17.0.6+10)
# Java VM: OpenJDK 64-Bit Server VM Temurin-17.0.6+10 (17.0.6+10, mixed mode, emulated-client, tiered, compressed oops, compressed class ptrs, g1 gc, windows-amd64)
# No core dump will be written. Minidumps are not enabled by default on client versions of Windows
#

---------------  S U M M A R Y ------------

Command Line: -XX:+HeapDumpOnOutOfMemoryError -Xmx1024m -Dsts.lsp.client=vscode -Dsts.log.file=/dev/null -XX:TieredStopAtLevel=1 -Xlog:jni+resolve=off -Dspring.config.location=file:c:\Users\pharell\.vscode\extensions\vmware.vscode-spring-boot-1.45.0\language-server\BOOT-INF\classes\application.properties org.springframework.ide.vscode.boot.app.BootLanguageServerBootApp

Host: Intel(R) Core(TM) i3-8130U CPU @ 2.20GHz, 4 cores, 7G,  Windows 11 , 64 bit Build 22000 (10.0.22000.1516)
Time: Thu Mar 16 11:10:28 2023 Greenwich elapsed time: 3461.523406 seconds (0d 0h 57m 41s)

---------------  T H R E A D  ---------------

Current thread (0x000001e7acba3fc0):  VMThread "VM Thread" [stack: 0x000000a158500000,0x000000a158600000] [id=10564]

Stack: [0x000000a158500000,0x000000a158600000]
Native frames: (J=compiled Java code, j=interpreted, Vv=VM code, C=native code)
V  [jvm.dll+0x67741a]
V  [jvm.dll+0x834434]
V  [jvm.dll+0x835bde]
V  [jvm.dll+0x836243]
V  [jvm.dll+0x2457b5]
V  [jvm.dll+0xa626f]
V  [jvm.dll+0x2f5b61]
V  [jvm.dll+0x2f17e0]
V  [jvm.dll+0x2d9ee7]
V  [jvm.dll+0x31ce67]
V  [jvm.dll+0x83a6eb]
V  [jvm.dll+0x83b424]
V  [jvm.dll+0x83b93c]
V  [jvm.dll+0x83bd14]
V  [jvm.dll+0x83bde0]
V  [jvm.dll+0x7e483a]
V  [jvm.dll+0x6762c5]
C  [ucrtbase.dll+0x26c0c]
C  [KERNEL32.DLL+0x155a0]
C  [ntdll.dll+0x485b]

VM_Operation (0x000000a1597fee40): G1CollectFull, mode: safepoint, requested by thread 0x000001e7af3a2010


---------------  P R O C E S S  ---------------

Threads class SMR info:
_java_thread_list=0x000001e7af0a5620, length=18, elements={
0x000001e7acbf4140, 0x000001e7acbf4c00, 0x000001e7acc267f0, 0x000001e7acc270b0,
0x000001e7acc27970, 0x000001e7acc28640, 0x000001e7acc30420, 0x000001e7acc3ad70,
0x000001e7ada02010, 0x000001e7ada05990, 0x000001e7af092040, 0x000001e7af2cf060,
0x000001e7af3a2010, 0x000001e7af3a2780, 0x000001e7a06e5ca0, 0x000001e7af2cf530,
0x000001e7af476030, 0x000001e7af0ca970
}

Java Threads: ( => current thread )
  0x000001e7acbf4140 JavaThread "Reference Handler" daemon [_thread_blocked, id=10036, stack(0x000000a158600000,0x000000a158700000)]
  0x000001e7acbf4c00 JavaThread "Finalizer" daemon [_thread_blocked, id=4220, stack(0x000000a158700000,0x000000a158800000)]
  0x000001e7acc267f0 JavaThread "Signal Dispatcher" daemon [_thread_blocked, id=4052, stack(0x000000a158800000,0x000000a158900000)]
  0x000001e7acc270b0 JavaThread "Attach Listener" daemon [_thread_blocked, id=3704, stack(0x000000a158900000,0x000000a158a00000)]
  0x000001e7acc27970 JavaThread "Service Thread" daemon [_thread_blocked, id=15864, stack(0x000000a158a00000,0x000000a158b00000)]
  0x000001e7acc28640 JavaThread "Monitor Deflation Thread" daemon [_thread_blocked, id=21164, stack(0x000000a158b00000,0x000000a158c00000)]
  0x000001e7acc30420 JavaThread "C1 CompilerThread0" daemon [_thread_blocked, id=13544, stack(0x000000a158c00000,0x000000a158d00000)]
  0x000001e7acc3ad70 JavaThread "Sweeper thread" daemon [_thread_blocked, id=19252, stack(0x000000a158d00000,0x000000a158e00000)]
  0x000001e7ada02010 JavaThread "Notification Thread" daemon [_thread_blocked, id=18396, stack(0x000000a159000000,0x000000a159100000)]
  0x000001e7ada05990 JavaThread "Common-Cleaner" daemon [_thread_blocked, id=23856, stack(0x000000a159200000,0x000000a159300000)]
  0x000001e7af092040 JavaThread "boundedElastic-evictor-1" daemon [_thread_blocked, id=2516, stack(0x000000a159400000,0x000000a159500000)]
  0x000001e7af2cf060 JavaThread "boundedElastic-evictor-2" daemon [_thread_blocked, id=4236, stack(0x000000a159600000,0x000000a159700000)]
  0x000001e7af3a2010 JavaThread "pool-10-thread-1" [_thread_blocked, id=9316, stack(0x000000a159700000,0x000000a159800000)]
  0x000001e7af3a2780 JavaThread "LanguageServerApp-lifecycle" [_thread_blocked, id=20292, stack(0x000000a159800000,0x000000a159900000)]
  0x000001e7a06e5ca0 JavaThread "DestroyJavaVM" [_thread_blocked, id=7528, stack(0x000000a157f00000,0x000000a158000000)]
  0x000001e7af2cf530 JavaThread "pool-11-thread-1" [_thread_in_native, id=24240, stack(0x000000a159900000,0x000000a159a00000)]
  0x000001e7af476030 JavaThread "Simple-Language-Server main thread" daemon [_thread_blocked, id=23908, stack(0x000000a159a00000,0x000000a159b00000)]
  0x000001e7af0ca970 JavaThread "pool-6-thread-1" [_thread_blocked, id=22408, stack(0x000000a159b00000,0x000000a159c00000)]

Other Threads:
=>0x000001e7acba3fc0 VMThread "VM Thread" [stack: 0x000000a158500000,0x000000a158600000] [id=10564]
  0x000001e7a0739870 WatcherThread [stack: 0x000000a159100000,0x000000a159200000] [id=3852]
  0x000001e7a0724f20 GCTaskThread "GC Thread#0" [stack: 0x000000a158000000,0x000000a158100000] [id=10524]
  0x000001e7ade1f8b0 GCTaskThread "GC Thread#1" [stack: 0x000000a158f00000,0x000000a159000000] [id=20448]
  0x000001e7ade1ff70 GCTaskThread "GC Thread#2" [stack: 0x000000a159300000,0x000000a159400000] [id=14792]
  0x000001e7ae31fed0 GCTaskThread "GC Thread#3" [stack: 0x000000a159500000,0x000000a159600000] [id=20528]
  0x000001e7a072ded0 ConcurrentGCThread "G1 Main Marker" [stack: 0x000000a158100000,0x000000a158200000] [id=10160]
  0x000001e7a072ef90 ConcurrentGCThread "G1 Conc#0" [stack: 0x000000a158200000,0x000000a158300000] [id=23756]
  0x000001e7a07a9ac0 ConcurrentGCThread "G1 Refine#0" [stack: 0x000000a158300000,0x000000a158400000] [id=11848]
  0x000001e7a07ab2a0 ConcurrentGCThread "G1 Service" [stack: 0x000000a158400000,0x000000a158500000] [id=19244]

Threads with active compile tasks:

VM state: at safepoint (normal execution)

VM Mutex/Monitor currently owned by a thread:  ([mutex/lock_event])
[0x000001e7a056da20] Threads_lock - owner thread: 0x000001e7acba3fc0
[0x000001e7a06e28b0] Heap_lock - owner thread: 0x000001e7af3a2010

Heap address: 0x00000000c0000000, size: 1024 MB, Compressed Oops mode: 32-bit

CDS archive(s) not mapped
Compressed class space mapped at: 0x0000000100000000-0x0000000140000000, reserved size: 1073741824
Narrow klass base: 0x0000000000000000, Narrow klass shift: 3, Narrow klass range: 0x140000000

GC Precious Log:
 CPUs: 4 total, 4 available
 Memory: 8026M
 Large Page Support: Disabled
 NUMA Support: Disabled
 Compressed Oops: Enabled (32-bit)
 Heap Region Size: 1M
 Heap Min Capacity: 8M
 Heap Initial Capacity: 126M
 Heap Max Capacity: 1G
 Pre-touch: Disabled
 Parallel Workers: 4
 Concurrent Workers: 1
 Concurrent Refinement Workers: 4
 Periodic GC: Disabled

Heap:
 garbage-first heap   total 45056K, used 14161K [0x00000000c0000000, 0x0000000100000000)
  region size 1024K, 1 young (1024K), 0 survivors (0K)
 Metaspace       used 34414K, committed 34880K, reserved 1081344K
  class space    used 4465K, committed 4672K, reserved 1048576K

Heap Regions: E=young(eden), S=young(survivor), O=old, HS=humongous(starts), HC=humongous(continues), CS=collection set, F=free, OA=open archive, CA=closed archive, TAMS=top-at-mark-start (previous, next)
|   0|0x00000000c0000000, 0x00000000c00ffe98, 0x00000000c0100000| 99%| O|  |TAMS 0x00000000c00ffe98, 0x00000000c0000000| Untracked 
|   1|0x00000000c0100000, 0x00000000c0200000, 0x00000000c0200000|100%| O|  |TAMS 0x00000000c0200000, 0x00000000c0100000| Untracked 
|   2|0x00000000c0200000, 0x00000000c0300000, 0x00000000c0300000|100%| O|  |TAMS 0x00000000c0300000, 0x00000000c0200000| Untracked 
|   3|0x00000000c0300000, 0x00000000c0400000, 0x00000000c0400000|100%| O|  |TAMS 0x00000000c0400000, 0x00000000c0300000| Untracked 
|   4|0x00000000c0400000, 0x00000000c04ffff0, 0x00000000c0500000| 99%| O|  |TAMS 0x00000000c04ffff0, 0x00000000c0400000| Untracked 
|   5|0x00000000c0500000, 0x00000000c0600000, 0x00000000c0600000|100%| O|  |TAMS 0x00000000c0600000, 0x00000000c0500000| Untracked 
|   6|0x00000000c0600000, 0x00000000c06ffff0, 0x00000000c0700000| 99%| O|  |TAMS 0x00000000c06ffff0, 0x00000000c0600000| Untracked 
|   7|0x00000000c0700000, 0x00000000c07fffe8, 0x00000000c0800000| 99%| O|  |TAMS 0x00000000c07fffe8, 0x00000000c0700000| Untracked 
|   8|0x00000000c0800000, 0x00000000c08fffe0, 0x00000000c0900000| 99%| O|  |TAMS 0x00000000c08fffe0, 0x00000000c0800000| Untracked 
|   9|0x00000000c0900000, 0x00000000c0a00000, 0x00000000c0a00000|100%| O|  |TAMS 0x00000000c0a00000, 0x00000000c0900000| Untracked 
|  10|0x00000000c0a00000, 0x00000000c0afffd8, 0x00000000c0b00000| 99%| O|  |TAMS 0x00000000c0afffd8, 0x00000000c0a00000| Untracked 
|  11|0x00000000c0b00000, 0x00000000c0bffff8, 0x00000000c0c00000| 99%| O|  |TAMS 0x00000000c0bffff8, 0x00000000c0b00000| Untracked 
|  12|0x00000000c0c00000, 0x00000000c0cfec68, 0x00000000c0d00000| 99%| O|  |TAMS 0x00000000c0cfec68, 0x00000000c0c00000| Untracked 
|  13|0x00000000c0d00000, 0x00000000c0dd34e0, 0x00000000c0e00000| 82%| O|  |TAMS 0x00000000c0d00000, 0x00000000c0d00000| Untracked 
|  14|0x00000000c0e00000, 0x00000000c0e02560, 0x00000000c0f00000|  0%| O|  |TAMS 0x00000000c0e00000, 0x00000000c0e00000| Untracked 
|  15|0x00000000c0f00000, 0x00000000c0f00000, 0x00000000c1000000|  0%| F|  |TAMS 0x00000000c0f00000, 0x00000000c0f00000| Untracked 
|  16|0x00000000c1000000, 0x00000000c1000000, 0x00000000c1100000|  0%| F|  |TAMS 0x00000000c1000000, 0x00000000c1000000| Untracked 
|  17|0x00000000c1100000, 0x00000000c1100000, 0x00000000c1200000|  0%| F|  |TAMS 0x00000000c1100000, 0x00000000c1100000| Untracked 
|  18|0x00000000c1200000, 0x00000000c1200000, 0x00000000c1300000|  0%| F|  |TAMS 0x00000000c1200000, 0x00000000c1200000| Untracked 
|  19|0x00000000c1300000, 0x00000000c1300000, 0x00000000c1400000|  0%| F|  |TAMS 0x00000000c1300000, 0x00000000c1300000| Untracked 
|  20|0x00000000c1400000, 0x00000000c1400000, 0x00000000c1500000|  0%| F|  |TAMS 0x00000000c1400000, 0x00000000c1400000| Untracked 
|  21|0x00000000c1500000, 0x00000000c1500000, 0x00000000c1600000|  0%| F|  |TAMS 0x00000000c1500000, 0x00000000c1500000| Untracked 
|  22|0x00000000c1600000, 0x00000000c1600000, 0x00000000c1700000|  0%| F|  |TAMS 0x00000000c1600000, 0x00000000c1600000| Untracked 
|  23|0x00000000c1700000, 0x00000000c1700000, 0x00000000c1800000|  0%| F|  |TAMS 0x00000000c1700000, 0x00000000c1700000| Untracked 
|  24|0x00000000c1800000, 0x00000000c1800000, 0x00000000c1900000|  0%| F|  |TAMS 0x00000000c1800000, 0x00000000c1800000| Untracked 
|  25|0x00000000c1900000, 0x00000000c1900000, 0x00000000c1a00000|  0%| F|  |TAMS 0x00000000c1900000, 0x00000000c1900000| Untracked 
|  26|0x00000000c1a00000, 0x00000000c1a00000, 0x00000000c1b00000|  0%| F|  |TAMS 0x00000000c1a00000, 0x00000000c1a00000| Untracked 
|  27|0x00000000c1b00000, 0x00000000c1b00000, 0x00000000c1c00000|  0%| F|  |TAMS 0x00000000c1b00000, 0x00000000c1b00000| Untracked 
|  28|0x00000000c1c00000, 0x00000000c1c00000, 0x00000000c1d00000|  0%| F|  |TAMS 0x00000000c1c00000, 0x00000000c1c00000| Untracked 
|  29|0x00000000c1d00000, 0x00000000c1d00000, 0x00000000c1e00000|  0%| F|  |TAMS 0x00000000c1d00000, 0x00000000c1d00000| Untracked 
|  30|0x00000000c1e00000, 0x00000000c1e00000, 0x00000000c1f00000|  0%| F|  |TAMS 0x00000000c1e00000, 0x00000000c1e00000| Untracked 
|  31|0x00000000c1f00000, 0x00000000c1f00000, 0x00000000c2000000|  0%| F|  |TAMS 0x00000000c1f00000, 0x00000000c1f00000| Untracked 
|  32|0x00000000c2000000, 0x00000000c2000000, 0x00000000c2100000|  0%| F|  |TAMS 0x00000000c2000000, 0x00000000c2000000| Untracked 
|  33|0x00000000c2100000, 0x00000000c2100000, 0x00000000c2200000|  0%| F|  |TAMS 0x00000000c2100000, 0x00000000c2100000| Untracked 
|  34|0x00000000c2200000, 0x00000000c2200000, 0x00000000c2300000|  0%| F|  |TAMS 0x00000000c2200000, 0x00000000c2200000| Untracked 
|  35|0x00000000c2300000, 0x00000000c2300000, 0x00000000c2400000|  0%| F|  |TAMS 0x00000000c2300000, 0x00000000c2300000| Untracked 
|  36|0x00000000c2400000, 0x00000000c2400000, 0x00000000c2500000|  0%| F|  |TAMS 0x00000000c2400000, 0x00000000c2400000| Untracked 
|  37|0x00000000c2500000, 0x00000000c2500000, 0x00000000c2600000|  0%| F|  |TAMS 0x00000000c2500000, 0x00000000c2500000| Untracked 
|  96|0x00000000c6000000, 0x00000000c6000000, 0x00000000c6100000|  0%| F|  |TAMS 0x00000000c6000000, 0x00000000c6000000| Untracked 
|  97|0x00000000c6100000, 0x00000000c6100000, 0x00000000c6200000|  0%| F|  |TAMS 0x00000000c6100000, 0x00000000c6100000| Untracked 
|  98|0x00000000c6200000, 0x00000000c6200000, 0x00000000c6300000|  0%| F|  |TAMS 0x00000000c6200000, 0x00000000c6200000| Untracked 
| 102|0x00000000c6600000, 0x00000000c6600000, 0x00000000c6700000|  0%| F|  |TAMS 0x00000000c6600000, 0x00000000c6600000| Untracked 
| 103|0x00000000c6700000, 0x00000000c6700000, 0x00000000c6800000|  0%| F|  |TAMS 0x00000000c6700000, 0x00000000c6700000| Untracked 
| 125|0x00000000c7d00000, 0x00000000c7d14268, 0x00000000c7e00000|  7%| E|  |TAMS 0x00000000c7d00000, 0x00000000c7d00000| Complete 

Card table byte_map: [0x000001e7a8210000,0x000001e7a8410000] _byte_map_base: 0x000001e7a7c10000

Marking Bits (Prev, Next): (CMBitMap*) 0x000001e7a0725480, (CMBitMap*) 0x000001e7a0725440
 Prev Bits: [0x000001e7a9610000, 0x000001e7aa610000)
 Next Bits: [0x000001e7a8610000, 0x000001e7a9610000)

Polling page: 0x000001e7a07b0000

Metaspace:

Usage:
  Non-class:     29.25 MB used.
      Class:      4.36 MB used.
       Both:     33.61 MB used.

Virtual space:
  Non-class space:       32.00 MB reserved,      29.50 MB ( 92%) committed,  4 nodes.
      Class space:        1.00 GB reserved,       4.56 MB ( <1%) committed,  1 nodes.
             Both:        1.03 GB reserved,      34.06 MB (  3%) committed. 

Chunk freelists:
   Non-Class:  2.45 MB
       Class:  3.35 MB
        Both:  5.80 MB

MaxMetaspaceSize: unlimited
CompressedClassSpaceSize: 1.00 GB
Initial GC threshold: 21.00 MB
Current GC threshold: 56.81 MB
CDS: off
MetaspaceReclaimPolicy: balanced
 - commit_granule_bytes: 65536.
 - commit_granule_words: 8192.
 - virtual_space_node_default_size: 1048576.
 - enlarge_chunks_in_place: 1.
 - new_chunks_are_fully_committed: 0.
 - uncommit_free_chunks: 1.
 - use_allocation_guard: 0.
 - handle_deallocations: 1.


Internal statistics:

num_allocs_failed_limit: 3.
num_arena_births: 436.
num_arena_deaths: 120.
num_vsnodes_births: 5.
num_vsnodes_deaths: 0.
num_space_committed: 545.
num_space_uncommitted: 0.
num_chunks_returned_to_freelist: 139.
num_chunks_taken_from_freelist: 1443.
num_chunk_merges: 44.
num_chunk_splits: 983.
num_chunks_enlarged: 732.
num_purges: 2.
num_inconsistent_stats: 0.

CodeCache: size=49152Kb used=6282Kb max_used=6633Kb free=42869Kb
 bounds [0x000001e7a4b70000, 0x000001e7a51f0000, 0x000001e7a7b70000]
 total_blobs=3832 nmethods=3302 adapters=457
 compilation: enabled
              stopped_count=0, restarted_count=0
 full_count=0

Compilation events (20 events):
Event: 2783.568 Thread 0x000001e7acc30420 3301       1       java.io.FilterOutputStream::<init> (21 bytes)
Event: 2783.568 Thread 0x000001e7acc30420 nmethod 3301 0x000001e7a4f4e690 code [0x000001e7a4f4e820, 0x000001e7a4f4e9d8]
Event: 2814.666 Thread 0x000001e7acc30420 3302       1       java.io.FileOutputStream::<init> (59 bytes)
Event: 2814.666 Thread 0x000001e7acc30420 nmethod 3302 0x000001e7a4f4e090 code [0x000001e7a4f4e260, 0x000001e7a4f4e588]
Event: 2814.666 Thread 0x000001e7acc30420 3303       1       java.io.BufferedOutputStream::<init> (27 bytes)
Event: 2814.666 Thread 0x000001e7acc30420 nmethod 3303 0x000001e7a4f4da90 code [0x000001e7a4f4dc40, 0x000001e7a4f4dfa8]
Event: 2825.141 Thread 0x000001e7acc30420 3305       1       java.lang.ProcessHandleImpl::<init> (27 bytes)
Event: 2825.153 Thread 0x000001e7acc30420 nmethod 3305 0x000001e7a4f4d390 code [0x000001e7a4f4d520, 0x000001e7a4f4d618]
Event: 2835.285 Thread 0x000001e7acc30420 3306       1       java.lang.Runtime::exec (8 bytes)
Event: 2835.285 Thread 0x000001e7acc30420 nmethod 3306 0x000001e7a4f4d090 code [0x000001e7a4f4d220, 0x000001e7a4f4d308]
Event: 2835.285 Thread 0x000001e7acc30420 3307       1       java.lang.ProcessBuilder::environment (147 bytes)
Event: 2835.705 Thread 0x000001e7acc30420 nmethod 3307 0x000001e7a4f4c510 code [0x000001e7a4f4c760, 0x000001e7a4f4cca8]
Event: 2845.749 Thread 0x000001e7acc30420 3313       1       java.lang.ProcessImpl$$Lambda$614/0x000000010044b1d0::run (8 bytes)
Event: 2845.750 Thread 0x000001e7acc30420 nmethod 3313 0x000001e7a4f4be10 code [0x000001e7a4f4bfa0, 0x000001e7a4f4c088]
Event: 2845.750 Thread 0x000001e7acc30420 3314       1       java.lang.ProcessImpl::lambda$new$0 (6 bytes)
Event: 2845.750 Thread 0x000001e7acc30420 nmethod 3314 0x000001e7a4f4bb10 code [0x000001e7a4f4bca0, 0x000001e7a4f4bd68]
Event: 3251.994 Thread 0x000001e7acc30420 3316       1       java.time.Clock$SystemClock::millis (4 bytes)
Event: 3251.995 Thread 0x000001e7acc30420 nmethod 3316 0x000001e7a4f4b810 code [0x000001e7a4f4b9a0, 0x000001e7a4f4ba78]
Event: 3251.995 Thread 0x000001e7acc30420 3317       1       java.util.concurrent.ConcurrentLinkedDeque::toArray (6 bytes)
Event: 3251.995 Thread 0x000001e7acc30420 nmethod 3317 0x000001e7a4f4b510 code [0x000001e7a4f4b6a0, 0x000001e7a4f4b788]

GC Heap History (20 events):
Event: 3343.013 GC heap before
{Heap before GC invocations=312 (full 302):
 garbage-first heap   total 45056K, used 14161K [0x00000000c0000000, 0x0000000100000000)
  region size 1024K, 1 young (1024K), 0 survivors (0K)
 Metaspace       used 34414K, committed 34880K, reserved 1081344K
  class space    used 4465K, committed 4672K, reserved 1048576K
}
Event: 3343.040 GC heap after
{Heap after GC invocations=313 (full 303):
 garbage-first heap   total 45056K, used 14161K [0x00000000c0000000, 0x0000000100000000)
  region size 1024K, 0 young (0K), 0 survivors (0K)
 Metaspace       used 34414K, committed 34880K, reserved 1081344K
  class space    used 4465K, committed 4672K, reserved 1048576K
}
Event: 3353.235 GC heap before
{Heap before GC invocations=313 (full 303):
 garbage-first heap   total 45056K, used 14161K [0x00000000c0000000, 0x0000000100000000)
  region size 1024K, 1 young (1024K), 0 survivors (0K)
 Metaspace       used 34414K, committed 34880K, reserved 1081344K
  class space    used 4465K, committed 4672K, reserved 1048576K
}
Event: 3353.260 GC heap after
{Heap after GC invocations=314 (full 304):
 garbage-first heap   total 45056K, used 14161K [0x00000000c0000000, 0x0000000100000000)
  region size 1024K, 0 young (0K), 0 survivors (0K)
 Metaspace       used 34414K, committed 34880K, reserved 1081344K
  class space    used 4465K, committed 4672K, reserved 1048576K
}
Event: 3363.700 GC heap before
{Heap before GC invocations=314 (full 304):
 garbage-first heap   total 45056K, used 14161K [0x00000000c0000000, 0x0000000100000000)
  region size 1024K, 1 young (1024K), 0 survivors (0K)
 Metaspace       used 34414K, committed 34880K, reserved 1081344K
  class space    used 4465K, committed 4672K, reserved 1048576K
}
Event: 3363.733 GC heap after
{Heap after GC invocations=315 (full 305):
 garbage-first heap   total 45056K, used 14161K [0x00000000c0000000, 0x0000000100000000)
  region size 1024K, 0 young (0K), 0 survivors (0K)
 Metaspace       used 34414K, committed 34880K, reserved 1081344K
  class space    used 4465K, committed 4672K, reserved 1048576K
}
Event: 3373.909 GC heap before
{Heap before GC invocations=315 (full 305):
 garbage-first heap   total 45056K, used 14161K [0x00000000c0000000, 0x0000000100000000)
  region size 1024K, 1 young (1024K), 0 survivors (0K)
 Metaspace       used 34414K, committed 34880K, reserved 1081344K
  class space    used 4465K, committed 4672K, reserved 1048576K
}
Event: 3373.930 GC heap after
{Heap after GC invocations=316 (full 306):
 garbage-first heap   total 45056K, used 14161K [0x00000000c0000000, 0x0000000100000000)
  region size 1024K, 0 young (0K), 0 survivors (0K)
 Metaspace       used 34414K, committed 34880K, reserved 1081344K
  class space    used 4465K, committed 4672K, reserved 1048576K
}
Event: 3385.170 GC heap before
{Heap before GC invocations=316 (full 306):
 garbage-first heap   total 45056K, used 14161K [0x00000000c0000000, 0x0000000100000000)
  region size 1024K, 1 young (1024K), 0 survivors (0K)
 Metaspace       used 34414K, committed 34880K, reserved 1081344K
  class space    used 4465K, committed 4672K, reserved 1048576K
}
Event: 3385.197 GC heap after
{Heap after GC invocations=317 (full 307):
 garbage-first heap   total 45056K, used 14161K [0x00000000c0000000, 0x0000000100000000)
  region size 1024K, 0 young (0K), 0 survivors (0K)
 Metaspace       used 34414K, committed 34880K, reserved 1081344K
  class space    used 4465K, committed 4672K, reserved 1048576K
}
Event: 3397.598 GC heap before
{Heap before GC invocations=317 (full 307):
 garbage-first heap   total 45056K, used 14161K [0x00000000c0000000, 0x0000000100000000)
  region size 1024K, 1 young (1024K), 0 survivors (0K)
 Metaspace       used 34414K, committed 34880K, reserved 1081344K
  class space    used 4465K, committed 4672K, reserved 1048576K
}
Event: 3397.627 GC heap after
{Heap after GC invocations=318 (full 308):
 garbage-first heap   total 45056K, used 14161K [0x00000000c0000000, 0x0000000100000000)
  region size 1024K, 0 young (0K), 0 survivors (0K)
 Metaspace       used 34414K, committed 34880K, reserved 1081344K
  class space    used 4465K, committed 4672K, reserved 1048576K
}
Event: 3410.128 GC heap before
{Heap before GC invocations=318 (full 308):
 garbage-first heap   total 45056K, used 14161K [0x00000000c0000000, 0x0000000100000000)
  region size 1024K, 1 young (1024K), 0 survivors (0K)
 Metaspace       used 34414K, committed 34880K, reserved 1081344K
  class space    used 4465K, committed 4672K, reserved 1048576K
}
Event: 3410.155 GC heap after
{Heap after GC invocations=319 (full 309):
 garbage-first heap   total 45056K, used 14161K [0x00000000c0000000, 0x0000000100000000)
  region size 1024K, 0 young (0K), 0 survivors (0K)
 Metaspace       used 34414K, committed 34880K, reserved 1081344K
  class space    used 4465K, committed 4672K, reserved 1048576K
}
Event: 3422.544 GC heap before
{Heap before GC invocations=319 (full 309):
 garbage-first heap   total 45056K, used 14161K [0x00000000c0000000, 0x0000000100000000)
  region size 1024K, 1 young (1024K), 0 survivors (0K)
 Metaspace       used 34414K, committed 34880K, reserved 1081344K
  class space    used 4465K, committed 4672K, reserved 1048576K
}
Event: 3422.573 GC heap after
{Heap after GC invocations=320 (full 310):
 garbage-first heap   total 45056K, used 14161K [0x00000000c0000000, 0x0000000100000000)
  region size 1024K, 0 young (0K), 0 survivors (0K)
 Metaspace       used 34414K, committed 34880K, reserved 1081344K
  class space    used 4465K, committed 4672K, reserved 1048576K
}
Event: 3436.987 GC heap before
{Heap before GC invocations=320 (full 310):
 garbage-first heap   total 45056K, used 14161K [0x00000000c0000000, 0x0000000100000000)
  region size 1024K, 1 young (1024K), 0 survivors (0K)
 Metaspace       used 34414K, committed 34880K, reserved 1081344K
  class space    used 4465K, committed 4672K, reserved 1048576K
}
Event: 3437.022 GC heap after
{Heap after GC invocations=321 (full 311):
 garbage-first heap   total 45056K, used 14161K [0x00000000c0000000, 0x0000000100000000)
  region size 1024K, 0 young (0K), 0 survivors (0K)
 Metaspace       used 34414K, committed 34880K, reserved 1081344K
  class space    used 4465K, committed 4672K, reserved 1048576K
}
Event: 3447.545 GC heap before
{Heap before GC invocations=321 (full 311):
 garbage-first heap   total 45056K, used 14161K [0x00000000c0000000, 0x0000000100000000)
  region size 1024K, 1 young (1024K), 0 survivors (0K)
 Metaspace       used 34414K, committed 34880K, reserved 1081344K
  class space    used 4465K, committed 4672K, reserved 1048576K
}
Event: 3447.578 GC heap after
{Heap after GC invocations=322 (full 312):
 garbage-first heap   total 45056K, used 14161K [0x00000000c0000000, 0x0000000100000000)
  region size 1024K, 0 young (0K), 0 survivors (0K)
 Metaspace       used 34414K, committed 34880K, reserved 1081344K
  class space    used 4465K, committed 4672K, reserved 1048576K
}

Dll operation events (7 events):
Event: 0.156 Loaded shared library c:\Users\pharell\.vscode\extensions\redhat.java-1.15.0-win32-x64\jre\17.0.6-win32-x86_64\bin\java.dll
Event: 1.434 Loaded shared library C:\Users\pharell\.vscode\extensions\redhat.java-1.15.0-win32-x64\jre\17.0.6-win32-x86_64\bin\net.dll
Event: 1.437 Loaded shared library C:\Users\pharell\.vscode\extensions\redhat.java-1.15.0-win32-x64\jre\17.0.6-win32-x86_64\bin\nio.dll
Event: 1.964 Loaded shared library C:\Users\pharell\.vscode\extensions\redhat.java-1.15.0-win32-x64\jre\17.0.6-win32-x86_64\bin\zip.dll
Event: 19.362 Loaded shared library C:\Users\pharell\.vscode\extensions\redhat.java-1.15.0-win32-x64\jre\17.0.6-win32-x86_64\bin\jimage.dll
Event: 52.098 Loaded shared library C:\Users\pharell\.vscode\extensions\redhat.java-1.15.0-win32-x64\jre\17.0.6-win32-x86_64\bin\management.dll
Event: 52.156 Loaded shared library C:\Users\pharell\.vscode\extensions\redhat.java-1.15.0-win32-x64\jre\17.0.6-win32-x86_64\bin\management_ext.dll

Deoptimization events (10 events):
Event: 37.785 Thread 0x000001e7a06e5ca0 DEOPT PACKING pc=0x000001e7a5079799 sp=0x000000a157ffd320
Event: 37.785 Thread 0x000001e7a06e5ca0 DEOPT UNPACKING pc=0x000001e7a4bc7143 sp=0x000000a157ffc800 mode 3
Event: 53.053 Thread 0x000001e7af476030 DEOPT PACKING pc=0x000001e7a51df235 sp=0x000000a159afd3e0
Event: 53.053 Thread 0x000001e7af476030 DEOPT UNPACKING pc=0x000001e7a4bc7143 sp=0x000000a159afc908 mode 3
Event: 53.148 Thread 0x000001e7af2cf530 DEOPT PACKING pc=0x000001e7a507f681 sp=0x000000a1599fe000
Event: 53.148 Thread 0x000001e7af2cf530 DEOPT UNPACKING pc=0x000001e7a4bc7143 sp=0x000000a1599fd490 mode 3
Event: 53.149 Thread 0x000001e7af0ca970 DEOPT PACKING pc=0x000001e7a5078917 sp=0x000000a159bfeff0
Event: 53.149 Thread 0x000001e7af0ca970 DEOPT UNPACKING pc=0x000001e7a4bc7143 sp=0x000000a159bfe448 mode 3
Event: 376.054 Thread 0x000001e7af2cf530 DEOPT PACKING pc=0x000001e7a4fdc8d4 sp=0x000000a1599ff1f0
Event: 376.054 Thread 0x000001e7af2cf530 DEOPT UNPACKING pc=0x000001e7a4bc7143 sp=0x000000a1599fe698 mode 0

Classes unloaded (20 events):
Event: 111.779 Thread 0x000001e7acba3fc0 Unloading class 0x000000010021a800 'java/lang/invoke/LambdaForm$MH+0x000000010021a800'
Event: 111.779 Thread 0x000001e7acba3fc0 Unloading class 0x0000000100215000 'java/lang/invoke/LambdaForm$DMH+0x0000000100215000'
Event: 111.779 Thread 0x000001e7acba3fc0 Unloading class 0x0000000100091c00 'java/lang/invoke/LambdaForm$MH+0x0000000100091c00'
Event: 111.779 Thread 0x000001e7acba3fc0 Unloading class 0x0000000100091800 'java/lang/invoke/LambdaForm$MH+0x0000000100091800'
Event: 111.779 Thread 0x000001e7acba3fc0 Unloading class 0x0000000100091400 'java/lang/invoke/LambdaForm$MH+0x0000000100091400'
Event: 111.779 Thread 0x000001e7acba3fc0 Unloading class 0x0000000100091000 'java/lang/invoke/LambdaForm$MH+0x0000000100091000'
Event: 111.779 Thread 0x000001e7acba3fc0 Unloading class 0x0000000100090c00 'java/lang/invoke/LambdaForm$MH+0x0000000100090c00'
Event: 111.779 Thread 0x000001e7acba3fc0 Unloading class 0x0000000100090800 'java/lang/invoke/LambdaForm$MH+0x0000000100090800'
Event: 111.779 Thread 0x000001e7acba3fc0 Unloading class 0x0000000100090400 'java/lang/invoke/LambdaForm$MH+0x0000000100090400'
Event: 111.779 Thread 0x000001e7acba3fc0 Unloading class 0x0000000100090000 'java/lang/invoke/LambdaForm$MH+0x0000000100090000'
Event: 111.779 Thread 0x000001e7acba3fc0 Unloading class 0x000000010008b800 'java/lang/invoke/LambdaForm$MH+0x000000010008b800'
Event: 111.779 Thread 0x000001e7acba3fc0 Unloading class 0x000000010008b400 'java/lang/invoke/LambdaForm$MH+0x000000010008b400'
Event: 111.779 Thread 0x000001e7acba3fc0 Unloading class 0x000000010008b000 'java/lang/invoke/LambdaForm$MH+0x000000010008b000'
Event: 111.779 Thread 0x000001e7acba3fc0 Unloading class 0x000000010008ac00 'java/lang/invoke/LambdaForm$MH+0x000000010008ac00'
Event: 111.779 Thread 0x000001e7acba3fc0 Unloading class 0x000000010008a800 'java/lang/invoke/LambdaForm$MH+0x000000010008a800'
Event: 111.779 Thread 0x000001e7acba3fc0 Unloading class 0x000000010008a400 'java/lang/invoke/LambdaForm$MH+0x000000010008a400'
Event: 111.779 Thread 0x000001e7acba3fc0 Unloading class 0x0000000100089c00 'java/lang/invoke/LambdaForm$MH+0x0000000100089c00'
Event: 111.779 Thread 0x000001e7acba3fc0 Unloading class 0x0000000100089400 'java/lang/invoke/LambdaForm$MH+0x0000000100089400'
Event: 111.779 Thread 0x000001e7acba3fc0 Unloading class 0x0000000100088c00 'java/lang/invoke/LambdaForm$MH+0x0000000100088c00'
Event: 111.779 Thread 0x000001e7acba3fc0 Unloading class 0x0000000100088400 'java/lang/invoke/LambdaForm$MH+0x0000000100088400'

Classes redefined (0 events):
No events

Internal exceptions (20 events):
Event: 42.667 Thread 0x000001e7a06e5ca0 Exception <a 'java/lang/NoSuchMethodError'{0x00000000c2249e70}: 'int java.lang.invoke.Invokers$Holder.linkToTargetMethod(java.lang.Object, java.lang.Object)'> (0x00000000c2249e70) 
thrown [s\src\hotspot\share\interpreter\linkResolver.cpp, line 759]
Event: 42.711 Thread 0x000001e7a06e5ca0 Exception <a 'java/lang/NoSuchMethodError'{0x00000000c211c898}: 'java.lang.Object java.lang.invoke.DirectMethodHandle$Holder.invokeSpecial(java.lang.Object, java.lang.Object, java.lang.Object, java.lang.Object, java.lang.Object, java.lang.Object, java.lang.Object, java.lang.Object, java.lang.Object, java.lang.Object)'> (0x00000000c211c898) 
thrown [s\src\hotspot\share\interpreter\linkResolver.cpp, line 759]
Event: 42.712 Thread 0x000001e7a06e5ca0 Exception <a 'java/lang/NoSuchMethodError'{0x00000000c2120e80}: 'java.lang.Object java.lang.invoke.Invokers$Holder.invoke_MT(java.lang.Object, java.lang.Object, java.lang.Object, java.lang.Object, java.lang.Object, java.lang.Object, java.lang.Object, java.lang.Object, java.lang.Object, java.lang.Object)'> (0x00000000c2120e80) 
thrown [s\src\hotspot\share\interpreter\linkResolver.cpp, line 759]
Event: 42.721 Thread 0x000001e7a06e5ca0 Exception <a 'java/lang/NoSuchMethodError'{0x00000000c2166a58}: 'java.lang.Object java.lang.invoke.DirectMethodHandle$Holder.invokeSpecial(java.lang.Object, java.lang.Object, int, java.lang.Object, java.lang.Object)'> (0x00000000c2166a58) 
thrown [s\src\hotspot\share\interpreter\linkResolver.cpp, line 759]
Event: 42.722 Thread 0x000001e7a06e5ca0 Exception <a 'java/lang/NoSuchMethodError'{0x00000000c216a700}: 'java.lang.Object java.lang.invoke.DelegatingMethodHandle$Holder.delegate(java.lang.Object, int, java.lang.Object, java.lang.Object)'> (0x00000000c216a700) 
thrown [s\src\hotspot\share\interpreter\linkResolver.cpp, line 759]
Event: 42.724 Thread 0x000001e7a06e5ca0 Exception <a 'java/lang/NoSuchMethodError'{0x00000000c217b588}: 'int java.lang.invoke.Invokers$Holder.linkToTargetMethod(java.lang.Object, java.lang.Object, java.lang.Object)'> (0x00000000c217b588) 
thrown [s\src\hotspot\share\interpreter\linkResolver.cpp, line 759]
Event: 43.047 Thread 0x000001e7a06e5ca0 Exception <a 'java/lang/NoSuchMethodError'{0x00000000c1feafd8}: 'void java.lang.invoke.DirectMethodHandle$Holder.invokeSpecial(java.lang.Object, java.lang.Object, java.lang.Object, java.lang.Object, java.lang.Object, java.lang.Object)'> (0x00000000c1feafd8) 
thrown [s\src\hotspot\share\interpreter\linkResolver.cpp, line 759]
Event: 43.340 Thread 0x000001e7a06e5ca0 Exception <a 'java/lang/NoSuchMethodError'{0x00000000c1d8a610}: 'java.lang.Object java.lang.invoke.DirectMethodHandle$Holder.invokeStaticInit(java.lang.Object, int, int, int, int)'> (0x00000000c1d8a610) 
thrown [s\src\hotspot\share\interpreter\linkResolver.cpp, line 759]
Event: 43.673 Thread 0x000001e7a06e5ca0 Exception <a 'java/lang/NoSuchMethodError'{0x00000000c1c1a750}: 'java.lang.Object java.lang.invoke.DirectMethodHandle$Holder.invokeStaticInit(java.lang.Object, java.lang.Object, int, int, int, int)'> (0x00000000c1c1a750) 
thrown [s\src\hotspot\share\interpreter\linkResolver.cpp, line 759]
Event: 44.819 Thread 0x000001e7a06e5ca0 Exception <a 'java/lang/NoSuchMethodError'{0x00000000c60b7f90}: 'void java.lang.invoke.DirectMethodHandle$Holder.invokeSpecialIFC(java.lang.Object, java.lang.Object, java.lang.Object)'> (0x00000000c60b7f90) 
thrown [s\src\hotspot\share\interpreter\linkResolver.cpp, line 759]
Event: 51.235 Thread 0x000001e7a06e5ca0 Exception <a 'java/lang/NoSuchMethodError'{0x00000000c22aeea0}: 'java.lang.Object java.lang.invoke.DirectMethodHandle$Holder.invokeInterface(java.lang.Object, java.lang.Object, int)'> (0x00000000c22aeea0) 
thrown [s\src\hotspot\share\interpreter\linkResolver.cpp, line 759]
Event: 51.264 Thread 0x000001e7a06e5ca0 Exception <a 'java/lang/IncompatibleClassChangeError'{0x00000000c22c2088}: Found class java.lang.Object, but interface was expected> (0x00000000c22c2088) 
thrown [s\src\hotspot\share\interpreter\linkResolver.cpp, line 826]
Event: 52.031 Thread 0x000001e7a06e5ca0 Exception <a 'java/lang/NoSuchMethodError'{0x00000000c1eb5900}: 'java.lang.Object java.lang.invoke.DirectMethodHandle$Holder.newInvokeSpecial(java.lang.Object, java.lang.Object, int, java.lang.Object, java.lang.Object)'> (0x00000000c1eb5900) 
thrown [s\src\hotspot\share\interpreter\linkResolver.cpp, line 759]
Event: 52.033 Thread 0x000001e7a06e5ca0 Exception <a 'java/lang/NoSuchMethodError'{0x00000000c1ec7b70}: 'java.lang.Object java.lang.invoke.DirectMethodHandle$Holder.invokeSpecial(java.lang.Object, java.lang.Object, int, java.lang.Object, int, java.lang.Object)'> (0x00000000c1ec7b70) 
thrown [s\src\hotspot\share\interpreter\linkResolver.cpp, line 759]
Event: 52.033 Thread 0x000001e7a06e5ca0 Exception <a 'java/lang/NoSuchMethodError'{0x00000000c1ecf978}: 'java.lang.Object java.lang.invoke.DirectMethodHandle$Holder.newInvokeSpecial(java.lang.Object, java.lang.Object, int, java.lang.Object, int)'> (0x00000000c1ecf978) 
thrown [s\src\hotspot\share\interpreter\linkResolver.cpp, line 759]
Event: 52.033 Thread 0x000001e7a06e5ca0 Exception <a 'java/lang/NoSuchMethodError'{0x00000000c1ed3a78}: 'java.lang.Object java.lang.invoke.DirectMethodHandle$Holder.invokeSpecial(java.lang.Object, java.lang.Object, java.lang.Object, int, java.lang.Object, int)'> (0x00000000c1ed3a78) 
thrown [s\src\hotspot\share\interpreter\linkResolver.cpp, line 759]
Event: 53.043 Thread 0x000001e7af2cf530 Exception <a 'java/lang/NoSuchMethodError'{0x00000000c224c128}: 'java.lang.Object java.lang.invoke.DirectMethodHandle$Holder.invokeStatic(java.lang.Object, java.lang.Object, java.lang.Object, int, java.lang.Object, java.lang.Object)'> (0x00000000c224c128) 
thrown [s\src\hotspot\share\interpreter\linkResolver.cpp, line 759]
Event: 53.048 Thread 0x000001e7af476030 Exception <a 'java/lang/NoSuchMethodError'{0x00000000c227df70}: 'java.lang.Object java.lang.invoke.DirectMethodHandle$Holder.invokeStatic(java.lang.Object, int, java.lang.Object)'> (0x00000000c227df70) 
thrown [s\src\hotspot\share\interpreter\linkResolver.cpp, line 759]
Event: 92.029 Thread 0x000001e7af3a2010 Exception <a 'java/lang/NoSuchMethodError'{0x00000000c2002568}: 'void java.lang.invoke.DirectMethodHandle$Holder.invokeStatic(java.lang.Object, long)'> (0x00000000c2002568) 
thrown [s\src\hotspot\share\interpreter\linkResolver.cpp, line 759]
Event: 92.029 Thread 0x000001e7af3a2010 Exception <a 'java/lang/NoSuchMethodError'{0x00000000c2007910}: 'java.lang.Object java.lang.invoke.DirectMethodHandle$Holder.newInvokeSpecial(java.lang.Object, long)'> (0x00000000c2007910) 
thrown [s\src\hotspot\share\interpreter\linkResolver.cpp, line 759]

VM Operations (20 events):
Event: 3343.040 Executing VM operation: G1CollectFull done
Event: 3353.234 Executing VM operation: G1CollectFull
Event: 3353.260 Executing VM operation: G1CollectFull done
Event: 3363.699 Executing VM operation: G1CollectFull
Event: 3363.733 Executing VM operation: G1CollectFull done
Event: 3373.909 Executing VM operation: G1CollectFull
Event: 3373.930 Executing VM operation: G1CollectFull done
Event: 3385.170 Executing VM operation: G1CollectFull
Event: 3385.197 Executing VM operation: G1CollectFull done
Event: 3397.598 Executing VM operation: G1CollectFull
Event: 3397.627 Executing VM operation: G1CollectFull done
Event: 3410.127 Executing VM operation: G1CollectFull
Event: 3410.155 Executing VM operation: G1CollectFull done
Event: 3422.544 Executing VM operation: G1CollectFull
Event: 3422.573 Executing VM operation: G1CollectFull done
Event: 3436.987 Executing VM operation: G1CollectFull
Event: 3437.022 Executing VM operation: G1CollectFull done
Event: 3447.545 Executing VM operation: G1CollectFull
Event: 3447.579 Executing VM operation: G1CollectFull done
Event: 3460.895 Executing VM operation: G1CollectFull

Events (20 events):
Event: 92.030 loading class java/lang/Process$PipeInputStream
Event: 92.030 loading class java/lang/Process$PipeInputStream done
Event: 92.030 loading class jdk/internal/event/ProcessStartEvent
Event: 92.031 loading class jdk/internal/event/ProcessStartEvent done
Event: 101.581 loading class java/io/FileOutputStream$1
Event: 101.581 loading class java/io/FileOutputStream$1 done
Event: 376.124 loading class java/util/concurrent/ForkJoinPool$DefaultCommonPoolForkJoinWorkerThreadFactory$1
Event: 376.124 loading class java/util/concurrent/ForkJoinPool$DefaultCommonPoolForkJoinWorkerThreadFactory$1 done
Event: 376.125 Thread 0x000001e7a053c280 Thread added: 0x000001e7a053c280
Event: 376.125 loading class java/util/concurrent/CompletableFuture$UniExceptionally
Event: 376.125 loading class java/util/concurrent/CompletableFuture$UniExceptionally done
Event: 376.125 loading class java/util/concurrent/CompletableFuture$UniApply
Event: 376.125 loading class java/util/concurrent/CompletableFuture$UniApply done
Event: 376.128 Thread 0x000001e7aeca1550 Thread added: 0x000001e7aeca1550
Event: 376.128 Thread 0x000001e7aeca2890 Thread added: 0x000001e7aeca2890
Event: 376.128 loading class java/util/concurrent/CompletableFuture$UniRelay
Event: 376.128 loading class java/util/concurrent/CompletableFuture$UniRelay done
Event: 436.139 Thread 0x000001e7aeca1550 Thread exited: 0x000001e7aeca1550
Event: 482.678 Thread 0x000001e7a053c280 Thread exited: 0x000001e7a053c280
Event: 548.440 Thread 0x000001e7aeca2890 Thread exited: 0x000001e7aeca2890


Dynamic libraries:
0x00007ff7ab1d0000 - 0x00007ff7ab1de000 	c:\Users\pharell\.vscode\extensions\redhat.java-1.15.0-win32-x64\jre\17.0.6-win32-x86_64\bin\java.exe
0x00007ff876380000 - 0x00007ff876589000 	C:\WINDOWS\SYSTEM32\ntdll.dll
0x00007ff874df0000 - 0x00007ff874eae000 	C:\WINDOWS\System32\KERNEL32.DLL
0x00007ff8739a0000 - 0x00007ff873d1c000 	C:\WINDOWS\System32\KERNELBASE.dll
0x00007ff873d20000 - 0x00007ff873e31000 	C:\WINDOWS\System32\ucrtbase.dll
0x00007ff86fad0000 - 0x00007ff86fae9000 	c:\Users\pharell\.vscode\extensions\redhat.java-1.15.0-win32-x64\jre\17.0.6-win32-x86_64\bin\VCRUNTIME140.dll
0x00007ff86b690000 - 0x00007ff86b6a7000 	c:\Users\pharell\.vscode\extensions\redhat.java-1.15.0-win32-x64\jre\17.0.6-win32-x86_64\bin\jli.dll
0x00007ff874290000 - 0x00007ff87443d000 	C:\WINDOWS\System32\USER32.dll
0x00007ff873970000 - 0x00007ff873996000 	C:\WINDOWS\System32\win32u.dll
0x00007ff874950000 - 0x00007ff874979000 	C:\WINDOWS\System32\GDI32.dll
0x00007ff873850000 - 0x00007ff873968000 	C:\WINDOWS\System32\gdi32full.dll
0x00007ff85e370000 - 0x00007ff85e615000 	C:\WINDOWS\WinSxS\amd64_microsoft.windows.common-controls_6595b64144ccf1df_6.0.22000.120_none_9d947278b86cc467\COMCTL32.dll
0x00007ff8740a0000 - 0x00007ff87413d000 	C:\WINDOWS\System32\msvcp_win.dll
0x00007ff874670000 - 0x00007ff874713000 	C:\WINDOWS\System32\msvcrt.dll
0x00007ff874db0000 - 0x00007ff874de2000 	C:\WINDOWS\System32\IMM32.DLL
0x00007ff86fac0000 - 0x00007ff86facc000 	c:\Users\pharell\.vscode\extensions\redhat.java-1.15.0-win32-x64\jre\17.0.6-win32-x86_64\bin\vcruntime140_1.dll
0x00007ff869f70000 - 0x00007ff86a001000 	c:\Users\pharell\.vscode\extensions\redhat.java-1.15.0-win32-x64\jre\17.0.6-win32-x86_64\bin\msvcp140.dll
0x00007fffdee10000 - 0x00007fffdfa57000 	c:\Users\pharell\.vscode\extensions\redhat.java-1.15.0-win32-x64\jre\17.0.6-win32-x86_64\bin\server\jvm.dll
0x00007ff874b20000 - 0x00007ff874bce000 	C:\WINDOWS\System32\ADVAPI32.dll
0x00007ff876060000 - 0x00007ff8760fe000 	C:\WINDOWS\System32\sechost.dll
0x00007ff874be0000 - 0x00007ff874d00000 	C:\WINDOWS\System32\RPCRT4.dll
0x00007ff85a8e0000 - 0x00007ff85a8e9000 	C:\WINDOWS\SYSTEM32\WSOCK32.dll
0x00007ff8762d0000 - 0x00007ff87633f000 	C:\WINDOWS\System32\WS2_32.dll
0x00007ff869530000 - 0x00007ff869563000 	C:\WINDOWS\SYSTEM32\WINMM.dll
0x00007ff86f270000 - 0x00007ff86f27a000 	C:\WINDOWS\SYSTEM32\VERSION.dll
0x00007ff872980000 - 0x00007ff872998000 	C:\WINDOWS\SYSTEM32\kernel.appcore.dll
0x00007ff86cb20000 - 0x00007ff86cb2a000 	c:\Users\pharell\.vscode\extensions\redhat.java-1.15.0-win32-x64\jre\17.0.6-win32-x86_64\bin\jimage.dll
0x00007ff86f040000 - 0x00007ff86f261000 	C:\WINDOWS\SYSTEM32\DBGHELP.DLL
0x00007ff85b9f0000 - 0x00007ff85ba21000 	C:\WINDOWS\SYSTEM32\dbgcore.DLL
0x00007ff873e40000 - 0x00007ff873ebf000 	C:\WINDOWS\System32\bcryptPrimitives.dll
0x00007ff869f40000 - 0x00007ff869f65000 	c:\Users\pharell\.vscode\extensions\redhat.java-1.15.0-win32-x64\jre\17.0.6-win32-x86_64\bin\java.dll
0x00007ff86b670000 - 0x00007ff86b688000 	c:\Users\pharell\.vscode\extensions\redhat.java-1.15.0-win32-x64\jre\17.0.6-win32-x86_64\bin\zip.dll
0x00007ff875890000 - 0x00007ff876055000 	C:\WINDOWS\System32\SHELL32.dll
0x00007ff871a00000 - 0x00007ff872265000 	C:\WINDOWS\SYSTEM32\windows.storage.dll
0x00007ff8754a0000 - 0x00007ff875818000 	C:\WINDOWS\System32\combase.dll
0x00007ff8717e0000 - 0x00007ff871946000 	C:\WINDOWS\SYSTEM32\wintypes.dll
0x00007ff874860000 - 0x00007ff87494a000 	C:\WINDOWS\System32\SHCORE.dll
0x00007ff874fd0000 - 0x00007ff87502d000 	C:\WINDOWS\System32\shlwapi.dll
0x00007ff873780000 - 0x00007ff8737a1000 	C:\WINDOWS\SYSTEM32\profapi.dll
0x00007ff86b590000 - 0x00007ff86b5a9000 	C:\Users\pharell\.vscode\extensions\redhat.java-1.15.0-win32-x64\jre\17.0.6-win32-x86_64\bin\net.dll
0x00007ff86f450000 - 0x00007ff86f564000 	C:\WINDOWS\SYSTEM32\WINHTTP.dll
0x00007ff872e10000 - 0x00007ff872e77000 	C:\WINDOWS\system32\mswsock.dll
0x00007ff869d10000 - 0x00007ff869d25000 	C:\Users\pharell\.vscode\extensions\redhat.java-1.15.0-win32-x64\jre\17.0.6-win32-x86_64\bin\nio.dll
0x00007ff8730f0000 - 0x00007ff873108000 	C:\WINDOWS\SYSTEM32\CRYPTSP.dll
0x00007ff8728e0000 - 0x00007ff872915000 	C:\WINDOWS\system32\rsaenh.dll
0x00007ff872eb0000 - 0x00007ff872ed9000 	C:\WINDOWS\SYSTEM32\USERENV.dll
0x00007ff873230000 - 0x00007ff873257000 	C:\WINDOWS\SYSTEM32\bcrypt.dll
0x00007ff873000000 - 0x00007ff87300c000 	C:\WINDOWS\SYSTEM32\CRYPTBASE.dll
0x00007ff872430000 - 0x00007ff87245d000 	C:\WINDOWS\SYSTEM32\IPHLPAPI.DLL
0x00007ff874bd0000 - 0x00007ff874bd9000 	C:\WINDOWS\System32\NSI.dll
0x00007ff86f430000 - 0x00007ff86f449000 	C:\WINDOWS\SYSTEM32\dhcpcsvc6.DLL
0x00007ff86f6e0000 - 0x00007ff86f6fe000 	C:\WINDOWS\SYSTEM32\dhcpcsvc.DLL
0x00007ff872460000 - 0x00007ff872548000 	C:\WINDOWS\SYSTEM32\DNSAPI.dll
0x00007ff86b510000 - 0x00007ff86b519000 	C:\Users\pharell\.vscode\extensions\redhat.java-1.15.0-win32-x64\jre\17.0.6-win32-x86_64\bin\management.dll
0x00007ff869f30000 - 0x00007ff869f3b000 	C:\Users\pharell\.vscode\extensions\redhat.java-1.15.0-win32-x64\jre\17.0.6-win32-x86_64\bin\management_ext.dll
0x00007ff8762c0000 - 0x00007ff8762c8000 	C:\WINDOWS\System32\PSAPI.DLL

dbghelp: loaded successfully - version: 4.0.5 - missing functions: none
symbol engine: initialized successfully - sym options: 0x614 - pdb path: .;c:\Users\pharell\.vscode\extensions\redhat.java-1.15.0-win32-x64\jre\17.0.6-win32-x86_64\bin;C:\WINDOWS\SYSTEM32;C:\WINDOWS\WinSxS\amd64_microsoft.windows.common-controls_6595b64144ccf1df_6.0.22000.120_none_9d947278b86cc467;c:\Users\pharell\.vscode\extensions\redhat.java-1.15.0-win32-x64\jre\17.0.6-win32-x86_64\bin\server

VM Arguments:
jvm_args: -XX:+HeapDumpOnOutOfMemoryError -Xmx1024m -Dsts.lsp.client=vscode -Dsts.log.file=/dev/null -XX:TieredStopAtLevel=1 -Xlog:jni+resolve=off -Dspring.config.location=file:c:\Users\pharell\.vscode\extensions\vmware.vscode-spring-boot-1.45.0\language-server\BOOT-INF\classes\application.properties 
java_command: org.springframework.ide.vscode.boot.app.BootLanguageServerBootApp
java_class_path (initial): c:\Users\pharell\.vscode\extensions\vmware.vscode-spring-boot-1.45.0\language-server\BOOT-INF\classes;c:\Users\pharell\.vscode\extensions\vmware.vscode-spring-boot-1.45.0\language-server\BOOT-INF\lib\annotations-24.0.1.jar;c:\Users\pharell\.vscode\extensions\vmware.vscode-spring-boot-1.45.0\language-server\BOOT-INF\lib\ant-1.10.13.jar;c:\Users\pharell\.vscode\extensions\vmware.vscode-spring-boot-1.45.0\language-server\BOOT-INF\lib\ant-launcher-1.10.13.jar;c:\Users\pharell\.vscode\extensions\vmware.vscode-spring-boot-1.45.0\language-server\BOOT-INF\lib\antlr-runtime-3.5.3.jar;c:\Users\pharell\.vscode\extensions\vmware.vscode-spring-boot-1.45.0\language-server\BOOT-INF\lib\antlr4-4.11.1.jar;c:\Users\pharell\.vscode\extensions\vmware.vscode-spring-boot-1.45.0\language-server\BOOT-INF\lib\antlr4-runtime-4.11.1.jar;c:\Users\pharell\.vscode\extensions\vmware.vscode-spring-boot-1.45.0\language-server\BOOT-INF\lib\asm-9.4.jar;c:\Users\pharell\.vscode\extensions\vmware.vscode-spring-boot-1.45.0\language-server\BOOT-INF\lib\asm-analysis-9.4.jar;c:\Users\pharell\.vscode\extensions\vmware.vscode-spring-boot-1.45.0\language-server\BOOT-INF\lib\asm-tree-9.4.jar;c:\Users\pharell\.vscode\extensions\vmware.vscode-spring-boot-1.45.0\language-server\BOOT-INF\lib\asm-util-9.4.jar;c:\Users\pharell\.vscode\extensions\vmware.vscode-spring-boot-1.45.0\language-server\BOOT-INF\lib\caffeine-3.1.2.jar;c:\Users\pharell\.vscode\extensions\vmware.vscode-spring-boot-1.45.0\language-server\BOOT-INF\lib\checker-qual-3.12.0.jar;c:\Users\pharell\.vscode\extensions\vmware.vscode-spring-boot-1.45.0\language-server\BOOT-INF\lib\classgraph-4.8.149.jar;c:\Users\pharell\.vscode\extensions\vmware.vscode-spring-boot-1.45.0\language-server\BOOT-INF\lib\commons-codec-1.15.jar;c:\Users\pharell\.vscode\extensions\vmware.vscode-spring-boot-1.45.0\language-server\BOOT-INF\lib\commons-compress-1.22.jar;c:\Users\pharell\.vscode\extensions\vmware.vscode-spring-boot-1.45.0\language-server\
Launcher Type: SUN_STANDARD

[Global flags]
     intx CICompilerCount                          = 3                                         {product} {ergonomic}
     uint ConcGCThreads                            = 1                                         {product} {ergonomic}
     uint G1ConcRefinementThreads                  = 4                                         {product} {ergonomic}
   size_t G1HeapRegionSize                         = 1048576                                   {product} {ergonomic}
    uintx GCDrainStackTargetSize                   = 64                                        {product} {ergonomic}
     bool HeapDumpOnOutOfMemoryError               = true                                   {manageable} {command line}
   size_t InitialHeapSize                          = 132120576                                 {product} {ergonomic}
   size_t MarkStackSize                            = 4194304                                   {product} {ergonomic}
   size_t MaxHeapSize                              = 1073741824                                {product} {command line}
   size_t MaxNewSize                               = 643825664                                 {product} {ergonomic}
   size_t MinHeapDeltaBytes                        = 1048576                                   {product} {ergonomic}
   size_t MinHeapSize                              = 8388608                                   {product} {ergonomic}
    uintx NonProfiledCodeHeapSize                  = 0                                      {pd product} {ergonomic}
     bool ProfileInterpreter                       = false                                  {pd product} {command line}
    uintx ProfiledCodeHeapSize                     = 0                                      {pd product} {ergonomic}
   size_t SoftMaxHeapSize                          = 1073741824                             {manageable} {ergonomic}
     intx TieredStopAtLevel                        = 1                                         {product} {command line}
     bool UseCompressedClassPointers               = true                           {product lp64_product} {ergonomic}
     bool UseCompressedOops                        = true                           {product lp64_product} {ergonomic}
     bool UseG1GC                                  = true                                      {product} {ergonomic}
     bool UseLargePagesIndividualAllocation        = false                                  {pd product} {ergonomic}

Logging:
Log output configuration:
 #0: stdout all=warning,jni+resolve=off uptime,level,tags
 #1: stderr all=off uptime,level,tags

Environment Variables:
JAVA_HOME=C:\Program Files\Java\jdk1.8.0_111
PATH=C:\Python311\Scripts\;C:\Python311\;C:\Program Files (x86)\Common Files\Oracle\Java\javapath;C:\ProgramData\Oracle\Java\javapath;C:\WINDOWS\system32;C:\WINDOWS;C:\WINDOWS\System32\Wbem;C:\WINDOWS\System32\WindowsPowerShell\v1.0\;C:\WINDOWS\System32\OpenSSH\;C:\Program Files\dotnet\;C:\Program Files\Java\jdk1.8.0_111\bin;C:\Program Files\nodejs\;C:\ProgramData\chocolatey\bin;C:\ApacheMaven\apache-maven-3.8.7\bin;D:\Programme  File\PostgreSQL\15\bin;C:\Program Files\Git\cmd;C:\Users\pharell\AppData\Local\Microsoft\WindowsApps;C:\Users\pharell\AppData\Local\Programs\Microsoft VS Code\bin;C:\Users\pharell\AppData\Local\JetBrains\Toolbox\scripts;C:\Users\pharell\AppData\Roaming\npm;D:\Programme  File\IntelliJ IDEA 2022.3.2\bin;;D:\Programme  File\PostgreSQL\15;
USERNAME=pharell
OS=Windows_NT
PROCESSOR_IDENTIFIER=Intel64 Family 6 Model 142 Stepping 10, GenuineIntel
TMP=C:\Users\pharell\AppData\Local\Temp
TEMP=C:\Users\pharell\AppData\Local\Temp



---------------  S Y S T E M  ---------------

OS:
 Windows 11 , 64 bit Build 22000 (10.0.22000.1516)
OS uptime: 0 days 4:01 hours
Hyper-V role detected

CPU: total 4 (initial active 4) (2 cores per cpu, 2 threads per core) family 6 model 142 stepping 10 microcode 0xe0, cx8, cmov, fxsr, ht, mmx, 3dnowpref, sse, sse2, sse3, ssse3, sse4.1, sse4.2, popcnt, lzcnt, tsc, tscinvbit, avx, avx2, aes, erms, clmul, bmi1, bmi2, adx, fma, vzeroupper, clflush, clflushopt, hv

Memory: 4k page, system-wide physical 8026M (589M free)
TotalPageFile size 13399M (AvailPageFile size 289M)
current process WorkingSet (physical memory assigned to process): 40M, peak: 129M
current process commit charge ("private bytes"): 156M, peak: 220M

vm_info: OpenJDK 64-Bit Server VM (17.0.6+10) for windows-amd64 JRE (17.0.6+10), built on Jan 18 2023 10:08:59 by "temurin" with MS VC++ 16.7 (VS2019)

END.
