#
# There is insufficient memory for the Java Runtime Environment to continue.
# Native memory allocation (malloc) failed to allocate 1048576 bytes for AllocateHeap
# Possible reasons:
#   The system is out of physical RAM or swap space
#   The process is running with CompressedOops enabled, and the Java Heap may be blocking the growth of the native heap
# Possible solutions:
#   Reduce memory load on the system
#   Increase physical memory or swap space
#   Check if swap backing store is full
#   Decrease Java heap size (-Xmx/-Xms)
#   Decrease number of Java threads
#   Decrease Java thread stack sizes (-Xss)
#   Set larger code cache with -XX:ReservedCodeCacheSize=
#   JVM is running with Unscaled Compressed Oops mode in which the Java heap is
#     placed in the first 4GB address space. The Java Heap base address is the
#     maximum limit for the native heap growth. Please use -XX:HeapBaseMinAddress
#     to set the Java Heap base and to place the Java Heap above 4GB virtual address.
# This output file may be truncated or incomplete.
#
#  Out of Memory Error (allocation.cpp:44), pid=23024, tid=4456
#
# JRE version: OpenJDK Runtime Environment Temurin-17.0.6+10 (17.0.6+10) (build 17.0.6+10)
# Java VM: OpenJDK 64-Bit Server VM Temurin-17.0.6+10 (17.0.6+10, mixed mode, emulated-client, tiered, compressed oops, compressed class ptrs, g1 gc, windows-amd64)
# No core dump will be written. Minidumps are not enabled by default on client versions of Windows
#

---------------  S U M M A R Y ------------

Command Line: -XX:+HeapDumpOnOutOfMemoryError -Xmx1024m -Dsts.lsp.client=vscode -Dsts.log.file=/dev/null -XX:TieredStopAtLevel=1 -Xlog:jni+resolve=off -Dspring.config.location=file:c:\Users\pharell\.vscode\extensions\vmware.vscode-spring-boot-1.44.0\language-server\BOOT-INF\classes\application.properties org.springframework.ide.vscode.boot.app.BootLanguageServerBootApp

Host: Intel(R) Core(TM) i3-8130U CPU @ 2.20GHz, 4 cores, 7G,  Windows 11 , 64 bit Build 22000 (10.0.22000.1516)
Time: Wed Mar 15 04:39:09 2023 Greenwich elapsed time: 6021.406103 seconds (0d 1h 40m 21s)

---------------  T H R E A D  ---------------

Current thread (0x000001d81f154de0):  VMThread "VM Thread" [stack: 0x000000ab77b00000,0x000000ab77c00000] [id=4456]

Stack: [0x000000ab77b00000,0x000000ab77c00000]
Native frames: (J=compiled Java code, j=interpreted, Vv=VM code, C=native code)
V  [jvm.dll+0x67741a]
V  [jvm.dll+0x834434]
V  [jvm.dll+0x835bde]
V  [jvm.dll+0x836243]
V  [jvm.dll+0x2457b5]
V  [jvm.dll+0xa626f]
V  [jvm.dll+0x2f5ad3]
V  [jvm.dll+0x2f17e0]
V  [jvm.dll+0x2d9ee7]
V  [jvm.dll+0x31ce67]
V  [jvm.dll+0x83a6eb]
V  [jvm.dll+0x83b424]
V  [jvm.dll+0x83b93c]
V  [jvm.dll+0x83bd14]
V  [jvm.dll+0x83bde0]
V  [jvm.dll+0x7e483a]
V  [jvm.dll+0x6762c5]
C  [ucrtbase.dll+0x26c0c]
C  [KERNEL32.DLL+0x155a0]
C  [ntdll.dll+0x485b]

VM_Operation (0x000000ab78dfec10): G1CollectFull, mode: safepoint, requested by thread 0x000001d82105c030


---------------  P R O C E S S  ---------------

Threads class SMR info:
_java_thread_list=0x000001d82412b220, length=23, elements={
0x000001d81f1a0380, 0x000001d81f1a0e40, 0x000001d81f1d17f0, 0x000001d81f1d40c0,
0x000001d81f1d4980, 0x000001d81f1d5240, 0x000001d81f1d9b20, 0x000001d81fc13a90,
0x000001d81fdf29c0, 0x000001d81fdeecb0, 0x000001d820ea9280, 0x000001d8210af320,
0x000001d82105c030, 0x000001d82105c720, 0x000001d814c3a6e0, 0x000001d820a4b440,
0x000001d8211a0030, 0x000001d820f0d9a0, 0x000001d8212b4220, 0x000001d8212b46f0,
0x000001d8212b33b0, 0x000001d8212b3880, 0x000001d8217cd8b0
}

Java Threads: ( => current thread )
  0x000001d81f1a0380 JavaThread "Reference Handler" daemon [_thread_blocked, id=23144, stack(0x000000ab77c00000,0x000000ab77d00000)]
  0x000001d81f1a0e40 JavaThread "Finalizer" daemon [_thread_blocked, id=8320, stack(0x000000ab77d00000,0x000000ab77e00000)]
  0x000001d81f1d17f0 JavaThread "Signal Dispatcher" daemon [_thread_blocked, id=23932, stack(0x000000ab77e00000,0x000000ab77f00000)]
  0x000001d81f1d40c0 JavaThread "Attach Listener" daemon [_thread_blocked, id=8068, stack(0x000000ab77f00000,0x000000ab78000000)]
  0x000001d81f1d4980 JavaThread "Service Thread" daemon [_thread_blocked, id=24492, stack(0x000000ab78000000,0x000000ab78100000)]
  0x000001d81f1d5240 JavaThread "Monitor Deflation Thread" daemon [_thread_blocked, id=12964, stack(0x000000ab78100000,0x000000ab78200000)]
  0x000001d81f1d9b20 JavaThread "C1 CompilerThread0" daemon [_thread_blocked, id=20628, stack(0x000000ab78200000,0x000000ab78300000)]
  0x000001d81fc13a90 JavaThread "Sweeper thread" daemon [_thread_blocked, id=9872, stack(0x000000ab78300000,0x000000ab78400000)]
  0x000001d81fdf29c0 JavaThread "Notification Thread" daemon [_thread_blocked, id=14808, stack(0x000000ab78400000,0x000000ab78500000)]
  0x000001d81fdeecb0 JavaThread "Common-Cleaner" daemon [_thread_blocked, id=11396, stack(0x000000ab78600000,0x000000ab78700000)]
  0x000001d820ea9280 JavaThread "boundedElastic-evictor-1" daemon [_thread_blocked, id=22232, stack(0x000000ab78a00000,0x000000ab78b00000)]
  0x000001d8210af320 JavaThread "boundedElastic-evictor-2" daemon [_thread_blocked, id=1708, stack(0x000000ab78c00000,0x000000ab78d00000)]
  0x000001d82105c030 JavaThread "pool-10-thread-1" [_thread_blocked, id=4200, stack(0x000000ab78d00000,0x000000ab78e00000)]
  0x000001d82105c720 JavaThread "LanguageServerApp-lifecycle" [_thread_blocked, id=19548, stack(0x000000ab78e00000,0x000000ab78f00000)]
  0x000001d814c3a6e0 JavaThread "DestroyJavaVM" [_thread_blocked, id=18920, stack(0x000000ab77500000,0x000000ab77600000)]
  0x000001d820a4b440 JavaThread "pool-11-thread-1" [_thread_in_native, id=9924, stack(0x000000ab78f00000,0x000000ab79000000)]
  0x000001d8211a0030 JavaThread "Simple-Language-Server main thread" daemon [_thread_blocked, id=22740, stack(0x000000ab79000000,0x000000ab79100000)]
  0x000001d820f0d9a0 JavaThread "pool-6-thread-1" [_thread_blocked, id=6300, stack(0x000000ab79100000,0x000000ab79200000)]
  0x000001d8212b4220 JavaThread "parallel-1" daemon [_thread_blocked, id=23848, stack(0x000000ab79b00000,0x000000ab79c00000)]
  0x000001d8212b46f0 JavaThread "pool-4-thread-1" [_thread_blocked, id=7556, stack(0x000000ab79f00000,0x000000ab7a000000)]
  0x000001d8212b33b0 JavaThread "parallel-2" daemon [_thread_blocked, id=11956, stack(0x000000ab7a000000,0x000000ab7a100000)]
  0x000001d8212b3880 JavaThread "parallel-3" daemon [_thread_blocked, id=15496, stack(0x000000ab7a100000,0x000000ab7a200000)]
  0x000001d8217cd8b0 JavaThread "parallel-4" daemon [_thread_blocked, id=19096, stack(0x000000ab79300000,0x000000ab79400000)]

Other Threads:
=>0x000001d81f154de0 VMThread "VM Thread" [stack: 0x000000ab77b00000,0x000000ab77c00000] [id=4456]
  0x000001d81fdf2e90 WatcherThread [stack: 0x000000ab78500000,0x000000ab78600000] [id=5148]
  0x000001d814c78810 GCTaskThread "GC Thread#0" [stack: 0x000000ab77600000,0x000000ab77700000] [id=9324]
  0x000001d81fd9a690 GCTaskThread "GC Thread#1" [stack: 0x000000ab78700000,0x000000ab78800000] [id=22532]
  0x000001d81fd9a940 GCTaskThread "GC Thread#2" [stack: 0x000000ab78800000,0x000000ab78900000] [id=3704]
  0x000001d81fc4f830 GCTaskThread "GC Thread#3" [stack: 0x000000ab78b00000,0x000000ab78c00000] [id=3968]
  0x000001d814c81660 ConcurrentGCThread "G1 Main Marker" [stack: 0x000000ab77700000,0x000000ab77800000] [id=21376]
  0x000001d814c81f80 ConcurrentGCThread "G1 Conc#0" [stack: 0x000000ab77800000,0x000000ab77900000] [id=22780]
  0x000001d814cf8090 ConcurrentGCThread "G1 Refine#0" [stack: 0x000000ab77900000,0x000000ab77a00000] [id=8376]
  0x000001d8214dca60 ConcurrentGCThread "G1 Refine#1" [stack: 0x000000ab79c00000,0x000000ab79d00000] [id=1076]
  0x000001d821600790 ConcurrentGCThread "G1 Refine#2" [stack: 0x000000ab78900000,0x000000ab78a00000] [id=19260]
  0x000001d820724bc0 ConcurrentGCThread "G1 Refine#3" [stack: 0x000000ab7a400000,0x000000ab7a500000] [id=1824]
  0x000001d814cf89c0 ConcurrentGCThread "G1 Service" [stack: 0x000000ab77a00000,0x000000ab77b00000] [id=23836]

Threads with active compile tasks:

VM state: at safepoint (normal execution)

VM Mutex/Monitor currently owned by a thread:  ([mutex/lock_event])
[0x000001d8129d2a70] Threads_lock - owner thread: 0x000001d81f154de0
[0x000001d814c38df0] Heap_lock - owner thread: 0x000001d82105c030

Heap address: 0x00000000c0000000, size: 1024 MB, Compressed Oops mode: 32-bit

CDS archive(s) not mapped
Compressed class space mapped at: 0x0000000100000000-0x0000000140000000, reserved size: 1073741824
Narrow klass base: 0x0000000000000000, Narrow klass shift: 3, Narrow klass range: 0x140000000

GC Precious Log:
 CPUs: 4 total, 4 available
 Memory: 8026M
 Large Page Support: Disabled
 NUMA Support: Disabled
 Compressed Oops: Enabled (32-bit)
 Heap Region Size: 1M
 Heap Min Capacity: 8M
 Heap Initial Capacity: 126M
 Heap Max Capacity: 1G
 Pre-touch: Disabled
 Parallel Workers: 4
 Concurrent Workers: 1
 Concurrent Refinement Workers: 4
 Periodic GC: Disabled

Heap:
 garbage-first heap   total 137216K, used 40577K [0x00000000c0000000, 0x0000000100000000)
  region size 1024K, 1 young (1024K), 0 survivors (0K)
 Metaspace       used 62308K, committed 63040K, reserved 1105920K
  class space    used 8671K, committed 8960K, reserved 1048576K

Heap Regions: E=young(eden), S=young(survivor), O=old, HS=humongous(starts), HC=humongous(continues), CS=collection set, F=free, OA=open archive, CA=closed archive, TAMS=top-at-mark-start (previous, next)
|   0|0x00000000c0000000, 0x00000000c0100000, 0x00000000c0100000|100%| O|  |TAMS 0x00000000c0100000, 0x00000000c0000000| Untracked 
|   1|0x00000000c0100000, 0x00000000c0200000, 0x00000000c0200000|100%| O|  |TAMS 0x00000000c0200000, 0x00000000c0100000| Untracked 
|   2|0x00000000c0200000, 0x00000000c0300000, 0x00000000c0300000|100%| O|  |TAMS 0x00000000c0300000, 0x00000000c0200000| Untracked 
|   3|0x00000000c0300000, 0x00000000c0400000, 0x00000000c0400000|100%| O|  |TAMS 0x00000000c0400000, 0x00000000c0300000| Untracked 
|   4|0x00000000c0400000, 0x00000000c04fffc8, 0x00000000c0500000| 99%| O|  |TAMS 0x00000000c04fffc8, 0x00000000c0400000| Untracked 
|   5|0x00000000c0500000, 0x00000000c0600000, 0x00000000c0600000|100%| O|  |TAMS 0x00000000c0600000, 0x00000000c0500000| Untracked 
|   6|0x00000000c0600000, 0x00000000c06fffd8, 0x00000000c0700000| 99%| O|  |TAMS 0x00000000c06fffd8, 0x00000000c0600000| Untracked 
|   7|0x00000000c0700000, 0x00000000c07ffff8, 0x00000000c0800000| 99%| O|  |TAMS 0x00000000c07ffff8, 0x00000000c0700000| Untracked 
|   8|0x00000000c0800000, 0x00000000c08ffff8, 0x00000000c0900000| 99%| O|  |TAMS 0x00000000c08ffff8, 0x00000000c0800000| Untracked 
|   9|0x00000000c0900000, 0x00000000c09ffff0, 0x00000000c0a00000| 99%| O|  |TAMS 0x00000000c09ffff0, 0x00000000c0900000| Untracked 
|  10|0x00000000c0a00000, 0x00000000c0afffe8, 0x00000000c0b00000| 99%| O|  |TAMS 0x00000000c0afffe8, 0x00000000c0a00000| Untracked 
|  11|0x00000000c0b00000, 0x00000000c0bfffe8, 0x00000000c0c00000| 99%| O|  |TAMS 0x00000000c0bfffe8, 0x00000000c0b00000| Untracked 
|  12|0x00000000c0c00000, 0x00000000c0cfffc8, 0x00000000c0d00000| 99%| O|  |TAMS 0x00000000c0cfffc8, 0x00000000c0c00000| Untracked 
|  13|0x00000000c0d00000, 0x00000000c0dfffd8, 0x00000000c0e00000| 99%| O|  |TAMS 0x00000000c0dfffd8, 0x00000000c0d00000| Untracked 
|  14|0x00000000c0e00000, 0x00000000c0effff0, 0x00000000c0f00000| 99%| O|  |TAMS 0x00000000c0effff0, 0x00000000c0e00000| Untracked 
|  15|0x00000000c0f00000, 0x00000000c0ffe5c0, 0x00000000c1000000| 99%| O|  |TAMS 0x00000000c0ffe5c0, 0x00000000c0f00000| Untracked 
|  16|0x00000000c1000000, 0x00000000c10fffe0, 0x00000000c1100000| 99%| O|  |TAMS 0x00000000c10fffe0, 0x00000000c1000000| Untracked 
|  17|0x00000000c1100000, 0x00000000c11ffff8, 0x00000000c1200000| 99%| O|  |TAMS 0x00000000c11ffff8, 0x00000000c1100000| Untracked 
|  18|0x00000000c1200000, 0x00000000c1300000, 0x00000000c1300000|100%| O|  |TAMS 0x00000000c1300000, 0x00000000c1200000| Untracked 
|  19|0x00000000c1300000, 0x00000000c13ffff0, 0x00000000c1400000| 99%| O|  |TAMS 0x00000000c13ffff0, 0x00000000c1300000| Untracked 
|  20|0x00000000c1400000, 0x00000000c14ffff0, 0x00000000c1500000| 99%| O|  |TAMS 0x00000000c14ffff0, 0x00000000c1400000| Untracked 
|  21|0x00000000c1500000, 0x00000000c1600000, 0x00000000c1600000|100%| O|  |TAMS 0x00000000c1600000, 0x00000000c1500000| Untracked 
|  22|0x00000000c1600000, 0x00000000c1700000, 0x00000000c1700000|100%| O|  |TAMS 0x00000000c1700000, 0x00000000c1600000| Untracked 
|  23|0x00000000c1700000, 0x00000000c17ffff8, 0x00000000c1800000| 99%| O|  |TAMS 0x00000000c17ffff8, 0x00000000c1700000| Untracked 
|  24|0x00000000c1800000, 0x00000000c18fffd0, 0x00000000c1900000| 99%| O|  |TAMS 0x00000000c18fffd0, 0x00000000c1800000| Untracked 
|  25|0x00000000c1900000, 0x00000000c19ffff0, 0x00000000c1a00000| 99%| O|  |TAMS 0x00000000c19ffff0, 0x00000000c1900000| Untracked 
|  26|0x00000000c1a00000, 0x00000000c1aa2fc8, 0x00000000c1b00000| 63%| O|  |TAMS 0x00000000c1a00000, 0x00000000c1a00000| Untracked 
|  27|0x00000000c1b00000, 0x00000000c1b00088, 0x00000000c1c00000|  0%| O|  |TAMS 0x00000000c1b00000, 0x00000000c1b00000| Untracked 
|  28|0x00000000c1c00000, 0x00000000c1d00000, 0x00000000c1d00000|100%| O|  |TAMS 0x00000000c1d00000, 0x00000000c1c00000| Untracked 
|  29|0x00000000c1d00000, 0x00000000c1dffff0, 0x00000000c1e00000| 99%| O|  |TAMS 0x00000000c1dffff0, 0x00000000c1d00000| Untracked 
|  30|0x00000000c1e00000, 0x00000000c1e00000, 0x00000000c1f00000|  0%| F|  |TAMS 0x00000000c1e00000, 0x00000000c1e00000| Untracked 
|  31|0x00000000c1f00000, 0x00000000c1f00000, 0x00000000c2000000|  0%| F|  |TAMS 0x00000000c1f00000, 0x00000000c1f00000| Untracked 
|  32|0x00000000c2000000, 0x00000000c20ff120, 0x00000000c2100000| 99%| O|  |TAMS 0x00000000c20ff120, 0x00000000c2000000| Untracked 
|  33|0x00000000c2100000, 0x00000000c2100000, 0x00000000c2200000|  0%| F|  |TAMS 0x00000000c2100000, 0x00000000c2100000| Untracked 
|  34|0x00000000c2200000, 0x00000000c2200000, 0x00000000c2300000|  0%| F|  |TAMS 0x00000000c2200000, 0x00000000c2200000| Untracked 
|  35|0x00000000c2300000, 0x00000000c2400000, 0x00000000c2400000|100%| O|  |TAMS 0x00000000c2400000, 0x00000000c2300000| Untracked 
|  36|0x00000000c2400000, 0x00000000c2400000, 0x00000000c2500000|  0%| F|  |TAMS 0x00000000c2400000, 0x00000000c2400000| Untracked 
|  37|0x00000000c2500000, 0x00000000c2500000, 0x00000000c2600000|  0%| F|  |TAMS 0x00000000c2500000, 0x00000000c2500000| Untracked 
|  38|0x00000000c2600000, 0x00000000c26ffff0, 0x00000000c2700000| 99%| O|  |TAMS 0x00000000c26ffff0, 0x00000000c2600000| Untracked 
|  39|0x00000000c2700000, 0x00000000c2700000, 0x00000000c2800000|  0%| F|  |TAMS 0x00000000c2700000, 0x00000000c2700000| Untracked 
|  40|0x00000000c2800000, 0x00000000c2800000, 0x00000000c2900000|  0%| F|  |TAMS 0x00000000c2800000, 0x00000000c2800000| Untracked 
|  41|0x00000000c2900000, 0x00000000c2900000, 0x00000000c2a00000|  0%| F|  |TAMS 0x00000000c2900000, 0x00000000c2900000| Untracked 
|  42|0x00000000c2a00000, 0x00000000c2a00000, 0x00000000c2b00000|  0%| F|  |TAMS 0x00000000c2a00000, 0x00000000c2a00000| Untracked 
|  43|0x00000000c2b00000, 0x00000000c2b00000, 0x00000000c2c00000|  0%| F|  |TAMS 0x00000000c2b00000, 0x00000000c2b00000| Untracked 
|  44|0x00000000c2c00000, 0x00000000c2c00000, 0x00000000c2d00000|  0%| F|  |TAMS 0x00000000c2c00000, 0x00000000c2c00000| Untracked 
|  45|0x00000000c2d00000, 0x00000000c2d00000, 0x00000000c2e00000|  0%| F|  |TAMS 0x00000000c2d00000, 0x00000000c2d00000| Untracked 
|  46|0x00000000c2e00000, 0x00000000c2e00000, 0x00000000c2f00000|  0%| F|  |TAMS 0x00000000c2e00000, 0x00000000c2e00000| Untracked 
|  47|0x00000000c2f00000, 0x00000000c2f00000, 0x00000000c3000000|  0%| F|  |TAMS 0x00000000c2f00000, 0x00000000c2f00000| Untracked 
|  48|0x00000000c3000000, 0x00000000c3000000, 0x00000000c3100000|  0%| F|  |TAMS 0x00000000c3000000, 0x00000000c3000000| Untracked 
|  49|0x00000000c3100000, 0x00000000c3100000, 0x00000000c3200000|  0%| F|  |TAMS 0x00000000c3100000, 0x00000000c3100000| Untracked 
|  50|0x00000000c3200000, 0x00000000c3200000, 0x00000000c3300000|  0%| F|  |TAMS 0x00000000c3200000, 0x00000000c3200000| Untracked 
|  51|0x00000000c3300000, 0x00000000c33fffb8, 0x00000000c3400000| 99%| O|  |TAMS 0x00000000c33fffb8, 0x00000000c3300000| Untracked 
|  52|0x00000000c3400000, 0x00000000c3400000, 0x00000000c3500000|  0%| F|  |TAMS 0x00000000c3400000, 0x00000000c3400000| Untracked 
|  53|0x00000000c3500000, 0x00000000c3500000, 0x00000000c3600000|  0%| F|  |TAMS 0x00000000c3500000, 0x00000000c3500000| Untracked 
|  54|0x00000000c3600000, 0x00000000c3700000, 0x00000000c3700000|100%| O|  |TAMS 0x00000000c3700000, 0x00000000c3600000| Untracked 
|  55|0x00000000c3700000, 0x00000000c3700000, 0x00000000c3800000|  0%| F|  |TAMS 0x00000000c3700000, 0x00000000c3700000| Untracked 
|  56|0x00000000c3800000, 0x00000000c3800000, 0x00000000c3900000|  0%| F|  |TAMS 0x00000000c3800000, 0x00000000c3800000| Untracked 
|  57|0x00000000c3900000, 0x00000000c3900000, 0x00000000c3a00000|  0%| F|  |TAMS 0x00000000c3900000, 0x00000000c3900000| Untracked 
|  58|0x00000000c3a00000, 0x00000000c3b00000, 0x00000000c3b00000|100%|HS|  |TAMS 0x00000000c3b00000, 0x00000000c3a00000| Untracked 
|  59|0x00000000c3b00000, 0x00000000c3b00000, 0x00000000c3c00000|  0%| F|  |TAMS 0x00000000c3b00000, 0x00000000c3b00000| Untracked 
|  60|0x00000000c3c00000, 0x00000000c3c00000, 0x00000000c3d00000|  0%| F|  |TAMS 0x00000000c3c00000, 0x00000000c3c00000| Untracked 
|  61|0x00000000c3d00000, 0x00000000c3d00000, 0x00000000c3e00000|  0%| F|  |TAMS 0x00000000c3d00000, 0x00000000c3d00000| Untracked 
|  62|0x00000000c3e00000, 0x00000000c3e00000, 0x00000000c3f00000|  0%| F|  |TAMS 0x00000000c3e00000, 0x00000000c3e00000| Untracked 
|  63|0x00000000c3f00000, 0x00000000c3f00000, 0x00000000c4000000|  0%| F|  |TAMS 0x00000000c3f00000, 0x00000000c3f00000| Untracked 
|  64|0x00000000c4000000, 0x00000000c4000000, 0x00000000c4100000|  0%| F|  |TAMS 0x00000000c4000000, 0x00000000c4000000| Untracked 
|  65|0x00000000c4100000, 0x00000000c4100000, 0x00000000c4200000|  0%| F|  |TAMS 0x00000000c4100000, 0x00000000c4100000| Untracked 
|  66|0x00000000c4200000, 0x00000000c4200000, 0x00000000c4300000|  0%| F|  |TAMS 0x00000000c4200000, 0x00000000c4200000| Untracked 
|  67|0x00000000c4300000, 0x00000000c4300000, 0x00000000c4400000|  0%| F|  |TAMS 0x00000000c4300000, 0x00000000c4300000| Untracked 
|  68|0x00000000c4400000, 0x00000000c4400000, 0x00000000c4500000|  0%| F|  |TAMS 0x00000000c4400000, 0x00000000c4400000| Untracked 
|  69|0x00000000c4500000, 0x00000000c4500000, 0x00000000c4600000|  0%| F|  |TAMS 0x00000000c4500000, 0x00000000c4500000| Untracked 
|  70|0x00000000c4600000, 0x00000000c4600000, 0x00000000c4700000|  0%| F|  |TAMS 0x00000000c4600000, 0x00000000c4600000| Untracked 
|  71|0x00000000c4700000, 0x00000000c4800000, 0x00000000c4800000|100%|HS|  |TAMS 0x00000000c4800000, 0x00000000c4700000| Untracked 
|  72|0x00000000c4800000, 0x00000000c4900000, 0x00000000c4900000|100%|HC|  |TAMS 0x00000000c4900000, 0x00000000c4800000| Untracked 
|  73|0x00000000c4900000, 0x00000000c4a00000, 0x00000000c4a00000|100%|HS|  |TAMS 0x00000000c4a00000, 0x00000000c4900000| Untracked 
|  74|0x00000000c4a00000, 0x00000000c4a00000, 0x00000000c4b00000|  0%| F|  |TAMS 0x00000000c4a00000, 0x00000000c4a00000| Untracked 
|  75|0x00000000c4b00000, 0x00000000c4b00000, 0x00000000c4c00000|  0%| F|  |TAMS 0x00000000c4b00000, 0x00000000c4b00000| Untracked 
|  76|0x00000000c4c00000, 0x00000000c4c00000, 0x00000000c4d00000|  0%| F|  |TAMS 0x00000000c4c00000, 0x00000000c4c00000| Untracked 
|  77|0x00000000c4d00000, 0x00000000c4d00000, 0x00000000c4e00000|  0%| F|  |TAMS 0x00000000c4d00000, 0x00000000c4d00000| Untracked 
|  78|0x00000000c4e00000, 0x00000000c4e00000, 0x00000000c4f00000|  0%| F|  |TAMS 0x00000000c4e00000, 0x00000000c4e00000| Untracked 
|  79|0x00000000c4f00000, 0x00000000c4f00000, 0x00000000c5000000|  0%| F|  |TAMS 0x00000000c4f00000, 0x00000000c4f00000| Untracked 
|  80|0x00000000c5000000, 0x00000000c5000000, 0x00000000c5100000|  0%| F|  |TAMS 0x00000000c5000000, 0x00000000c5000000| Untracked 
|  81|0x00000000c5100000, 0x00000000c5100000, 0x00000000c5200000|  0%| F|  |TAMS 0x00000000c5100000, 0x00000000c5100000| Untracked 
|  82|0x00000000c5200000, 0x00000000c5200000, 0x00000000c5300000|  0%| F|  |TAMS 0x00000000c5200000, 0x00000000c5200000| Untracked 
|  83|0x00000000c5300000, 0x00000000c5300000, 0x00000000c5400000|  0%| F|  |TAMS 0x00000000c5300000, 0x00000000c5300000| Untracked 
|  84|0x00000000c5400000, 0x00000000c5500000, 0x00000000c5500000|100%| O|  |TAMS 0x00000000c5500000, 0x00000000c5400000| Untracked 
|  85|0x00000000c5500000, 0x00000000c5600000, 0x00000000c5600000|100%| O|  |TAMS 0x00000000c5600000, 0x00000000c5500000| Untracked 
|  86|0x00000000c5600000, 0x00000000c5600000, 0x00000000c5700000|  0%| F|  |TAMS 0x00000000c5600000, 0x00000000c5600000| Untracked 
|  87|0x00000000c5700000, 0x00000000c5700000, 0x00000000c5800000|  0%| F|  |TAMS 0x00000000c5700000, 0x00000000c5700000| Untracked 
|  88|0x00000000c5800000, 0x00000000c5800000, 0x00000000c5900000|  0%| F|  |TAMS 0x00000000c5800000, 0x00000000c5800000| Untracked 
|  89|0x00000000c5900000, 0x00000000c5900000, 0x00000000c5a00000|  0%| F|  |TAMS 0x00000000c5900000, 0x00000000c5900000| Untracked 
|  90|0x00000000c5a00000, 0x00000000c5a00000, 0x00000000c5b00000|  0%| F|  |TAMS 0x00000000c5a00000, 0x00000000c5a00000| Untracked 
|  91|0x00000000c5b00000, 0x00000000c5b00000, 0x00000000c5c00000|  0%| F|  |TAMS 0x00000000c5b00000, 0x00000000c5b00000| Untracked 
|  92|0x00000000c5c00000, 0x00000000c5c00000, 0x00000000c5d00000|  0%| F|  |TAMS 0x00000000c5c00000, 0x00000000c5c00000| Untracked 
|  93|0x00000000c5d00000, 0x00000000c5d00000, 0x00000000c5e00000|  0%| F|  |TAMS 0x00000000c5d00000, 0x00000000c5d00000| Untracked 
|  94|0x00000000c5e00000, 0x00000000c5e00000, 0x00000000c5f00000|  0%| F|  |TAMS 0x00000000c5e00000, 0x00000000c5e00000| Untracked 
|  95|0x00000000c5f00000, 0x00000000c5f00000, 0x00000000c6000000|  0%| F|  |TAMS 0x00000000c5f00000, 0x00000000c5f00000| Untracked 
|  96|0x00000000c6000000, 0x00000000c6000000, 0x00000000c6100000|  0%| F|  |TAMS 0x00000000c6000000, 0x00000000c6000000| Untracked 
|  97|0x00000000c6100000, 0x00000000c6100000, 0x00000000c6200000|  0%| F|  |TAMS 0x00000000c6100000, 0x00000000c6100000| Untracked 
|  98|0x00000000c6200000, 0x00000000c6200000, 0x00000000c6300000|  0%| F|  |TAMS 0x00000000c6200000, 0x00000000c6200000| Untracked 
|  99|0x00000000c6300000, 0x00000000c6300000, 0x00000000c6400000|  0%| F|  |TAMS 0x00000000c6300000, 0x00000000c6300000| Untracked 
| 100|0x00000000c6400000, 0x00000000c6400000, 0x00000000c6500000|  0%| F|  |TAMS 0x00000000c6400000, 0x00000000c6400000| Untracked 
| 101|0x00000000c6500000, 0x00000000c6500000, 0x00000000c6600000|  0%| F|  |TAMS 0x00000000c6500000, 0x00000000c6500000| Untracked 
| 102|0x00000000c6600000, 0x00000000c6600000, 0x00000000c6700000|  0%| F|  |TAMS 0x00000000c6600000, 0x00000000c6600000| Untracked 
| 103|0x00000000c6700000, 0x00000000c6700000, 0x00000000c6800000|  0%| F|  |TAMS 0x00000000c6700000, 0x00000000c6700000| Untracked 
| 104|0x00000000c6800000, 0x00000000c6800000, 0x00000000c6900000|  0%| F|  |TAMS 0x00000000c6800000, 0x00000000c6800000| Untracked 
| 105|0x00000000c6900000, 0x00000000c6900000, 0x00000000c6a00000|  0%| F|  |TAMS 0x00000000c6900000, 0x00000000c6900000| Untracked 
| 106|0x00000000c6a00000, 0x00000000c6a00000, 0x00000000c6b00000|  0%| F|  |TAMS 0x00000000c6a00000, 0x00000000c6a00000| Untracked 
| 107|0x00000000c6b00000, 0x00000000c6b00000, 0x00000000c6c00000|  0%| F|  |TAMS 0x00000000c6b00000, 0x00000000c6b00000| Untracked 
| 108|0x00000000c6c00000, 0x00000000c6c00000, 0x00000000c6d00000|  0%| F|  |TAMS 0x00000000c6c00000, 0x00000000c6c00000| Untracked 
| 109|0x00000000c6d00000, 0x00000000c6d00000, 0x00000000c6e00000|  0%| F|  |TAMS 0x00000000c6d00000, 0x00000000c6d00000| Untracked 
| 110|0x00000000c6e00000, 0x00000000c6e00000, 0x00000000c6f00000|  0%| F|  |TAMS 0x00000000c6e00000, 0x00000000c6e00000| Untracked 
| 111|0x00000000c6f00000, 0x00000000c6f00000, 0x00000000c7000000|  0%| F|  |TAMS 0x00000000c6f00000, 0x00000000c6f00000| Untracked 
| 112|0x00000000c7000000, 0x00000000c7000000, 0x00000000c7100000|  0%| F|  |TAMS 0x00000000c7000000, 0x00000000c7000000| Untracked 
| 113|0x00000000c7100000, 0x00000000c7100000, 0x00000000c7200000|  0%| F|  |TAMS 0x00000000c7100000, 0x00000000c7100000| Untracked 
| 114|0x00000000c7200000, 0x00000000c7200000, 0x00000000c7300000|  0%| F|  |TAMS 0x00000000c7200000, 0x00000000c7200000| Untracked 
| 115|0x00000000c7300000, 0x00000000c7300000, 0x00000000c7400000|  0%| F|  |TAMS 0x00000000c7300000, 0x00000000c7300000| Untracked 
| 116|0x00000000c7400000, 0x00000000c7400000, 0x00000000c7500000|  0%| F|  |TAMS 0x00000000c7400000, 0x00000000c7400000| Untracked 
| 117|0x00000000c7500000, 0x00000000c7500000, 0x00000000c7600000|  0%| F|  |TAMS 0x00000000c7500000, 0x00000000c7500000| Untracked 
| 118|0x00000000c7600000, 0x00000000c7600000, 0x00000000c7700000|  0%| F|  |TAMS 0x00000000c7600000, 0x00000000c7600000| Untracked 
| 119|0x00000000c7700000, 0x00000000c7700000, 0x00000000c7800000|  0%| F|  |TAMS 0x00000000c7700000, 0x00000000c7700000| Untracked 
| 120|0x00000000c7800000, 0x00000000c7800000, 0x00000000c7900000|  0%| F|  |TAMS 0x00000000c7800000, 0x00000000c7800000| Untracked 
| 121|0x00000000c7900000, 0x00000000c7900000, 0x00000000c7a00000|  0%| F|  |TAMS 0x00000000c7900000, 0x00000000c7900000| Untracked 
| 122|0x00000000c7a00000, 0x00000000c7a00000, 0x00000000c7b00000|  0%| F|  |TAMS 0x00000000c7a00000, 0x00000000c7a00000| Untracked 
| 123|0x00000000c7b00000, 0x00000000c7b00000, 0x00000000c7c00000|  0%| F|  |TAMS 0x00000000c7b00000, 0x00000000c7b00000| Untracked 
| 124|0x00000000c7c00000, 0x00000000c7c00000, 0x00000000c7d00000|  0%| F|  |TAMS 0x00000000c7c00000, 0x00000000c7c00000| Untracked 
| 125|0x00000000c7d00000, 0x00000000c7d00000, 0x00000000c7e00000|  0%| F|  |TAMS 0x00000000c7d00000, 0x00000000c7d00000| Untracked 
| 126|0x00000000c7e00000, 0x00000000c7e00000, 0x00000000c7f00000|  0%| F|  |TAMS 0x00000000c7e00000, 0x00000000c7e00000| Untracked 
| 127|0x00000000c7f00000, 0x00000000c7f00000, 0x00000000c8000000|  0%| F|  |TAMS 0x00000000c7f00000, 0x00000000c7f00000| Untracked 
| 128|0x00000000c8000000, 0x00000000c8000000, 0x00000000c8100000|  0%| F|  |TAMS 0x00000000c8000000, 0x00000000c8000000| Untracked 
| 129|0x00000000c8100000, 0x00000000c8100000, 0x00000000c8200000|  0%| F|  |TAMS 0x00000000c8100000, 0x00000000c8100000| Untracked 
| 130|0x00000000c8200000, 0x00000000c8200000, 0x00000000c8300000|  0%| F|  |TAMS 0x00000000c8200000, 0x00000000c8200000| Untracked 
| 131|0x00000000c8300000, 0x00000000c8300000, 0x00000000c8400000|  0%| F|  |TAMS 0x00000000c8300000, 0x00000000c8300000| Untracked 
| 132|0x00000000c8400000, 0x00000000c8400000, 0x00000000c8500000|  0%| F|  |TAMS 0x00000000c8400000, 0x00000000c8400000| Untracked 
| 133|0x00000000c8500000, 0x00000000c8512260, 0x00000000c8600000|  7%| E|  |TAMS 0x00000000c8500000, 0x00000000c8500000| Complete 

Card table byte_map: [0x000001d81a8c0000,0x000001d81aac0000] _byte_map_base: 0x000001d81a2c0000

Marking Bits (Prev, Next): (CMBitMap*) 0x000001d814c78d30, (CMBitMap*) 0x000001d814c78d70
 Prev Bits: [0x000001d81acc0000, 0x000001d81bcc0000)
 Next Bits: [0x000001d81bcc0000, 0x000001d81ccc0000)

Polling page: 0x000001d812c30000

Metaspace:

Usage:
  Non-class:     52.38 MB used.
      Class:      8.47 MB used.
       Both:     60.85 MB used.

Virtual space:
  Non-class space:       56.00 MB reserved,      52.81 MB ( 94%) committed,  7 nodes.
      Class space:        1.00 GB reserved,       8.75 MB ( <1%) committed,  1 nodes.
             Both:        1.05 GB reserved,      61.56 MB (  6%) committed. 

Chunk freelists:
   Non-Class:  3.16 MB
       Class:  3.16 MB
        Both:  6.32 MB

MaxMetaspaceSize: unlimited
CompressedClassSpaceSize: 1.00 GB
Initial GC threshold: 21.00 MB
Current GC threshold: 102.62 MB
CDS: off
MetaspaceReclaimPolicy: balanced
 - commit_granule_bytes: 65536.
 - commit_granule_words: 8192.
 - virtual_space_node_default_size: 1048576.
 - enlarge_chunks_in_place: 1.
 - new_chunks_are_fully_committed: 0.
 - uncommit_free_chunks: 1.
 - use_allocation_guard: 0.
 - handle_deallocations: 1.


Internal statistics:

num_allocs_failed_limit: 11.
num_arena_births: 650.
num_arena_deaths: 196.
num_vsnodes_births: 8.
num_vsnodes_deaths: 0.
num_space_committed: 985.
num_space_uncommitted: 0.
num_chunks_returned_to_freelist: 239.
num_chunks_taken_from_freelist: 2618.
num_chunk_merges: 73.
num_chunk_splits: 1859.
num_chunks_enlarged: 1423.
num_purges: 18.
num_inconsistent_stats: 0.

CodeCache: size=49152Kb used=17956Kb max_used=18799Kb free=31195Kb
 bounds [0x000001d8178c0000, 0x000001d818b20000, 0x000001d81a8c0000]
 total_blobs=10611 nmethods=9965 adapters=573
 compilation: enabled
              stopped_count=0, restarted_count=0
 full_count=0

Compilation events (20 events):
Event: 3108.353 Thread 0x000001d81f1d9b20 10141       1       java.time.format.DateTimePrintContext::getValue (36 bytes)
Event: 3108.353 Thread 0x000001d81f1d9b20 nmethod 10141 0x000001d818936390 code [0x000001d818936540, 0x000001d8189366c8]
Event: 3108.353 Thread 0x000001d81f1d9b20 10142       1       java.time.ZonedDateTime::getLong (79 bytes)
Event: 3108.420 Thread 0x000001d81f1d9b20 nmethod 10142 0x000001d818935d90 code [0x000001d818935f60, 0x000001d8189361e8]
Event: 3109.236 Thread 0x000001d81f1d9b20 10148       1       com.google.common.collect.Iterators::forArray (51 bytes)
Event: 3109.236 Thread 0x000001d81f1d9b20 nmethod 10148 0x000001d818935490 code [0x000001d818935680, 0x000001d818935af8]
Event: 3109.236 Thread 0x000001d81f1d9b20 10149       1       com.google.common.base.Preconditions::checkPositionIndexes (29 bytes)
Event: 3109.237 Thread 0x000001d81f1d9b20 nmethod 10149 0x000001d818935090 code [0x000001d818935240, 0x000001d818935398]
Event: 3114.455 Thread 0x000001d81f1d9b20 10150       1       java.util.concurrent.CompletableFuture$Completion::<init> (5 bytes)
Event: 3114.455 Thread 0x000001d81f1d9b20 nmethod 10150 0x000001d818934d90 code [0x000001d818934f20, 0x000001d818934fd8]
Event: 3872.647 Thread 0x000001d81f1d9b20 10151       1       org.eclipse.lsp4j.jsonrpc.messages.Message::<init> (11 bytes)
Event: 3872.647 Thread 0x000001d81f1d9b20 nmethod 10151 0x000001d818934a90 code [0x000001d818934c20, 0x000001d818934d38]
Event: 3872.647 Thread 0x000001d81f1d9b20 10152       1       org.springframework.ide.vscode.commons.languageserver.util.ParentProcessWatcher$$Lambda$574/0x0000000100480000::consume (13 bytes)
Event: 3872.648 Thread 0x000001d81f1d9b20 nmethod 10152 0x000001d818934510 code [0x000001d8189346e0, 0x000001d818934918]
Event: 3872.648 Thread 0x000001d81f1d9b20 10153   !   1       org.springframework.ide.vscode.commons.languageserver.util.ParentProcessWatcher::lambda$apply$0 (30 bytes)
Event: 3872.648 Thread 0x000001d81f1d9b20 nmethod 10153 0x000001d818934010 code [0x000001d8189341e0, 0x000001d8189343f8]
Event: 4412.980 Thread 0x000001d81f1d9b20 10154       1       java.lang.ProcessImpl$2::run (242 bytes)
Event: 4412.982 Thread 0x000001d81f1d9b20 nmethod 10154 0x000001d818932590 code [0x000001d818932840, 0x000001d8189335d8]
Event: 4412.982 Thread 0x000001d81f1d9b20 10155       1       java.lang.ProcessImpl::waitFor (136 bytes)
Event: 4412.983 Thread 0x000001d81f1d9b20 nmethod 10155 0x000001d818931d10 code [0x000001d818931f20, 0x000001d818932338]

GC Heap History (20 events):
Event: 5915.021 GC heap before
{Heap before GC invocations=589 (full 527):
 garbage-first heap   total 137216K, used 40577K [0x00000000c0000000, 0x0000000100000000)
  region size 1024K, 1 young (1024K), 0 survivors (0K)
 Metaspace       used 62308K, committed 63040K, reserved 1105920K
  class space    used 8671K, committed 8960K, reserved 1048576K
}
Event: 5915.059 GC heap after
{Heap after GC invocations=590 (full 528):
 garbage-first heap   total 137216K, used 40577K [0x00000000c0000000, 0x0000000100000000)
  region size 1024K, 0 young (0K), 0 survivors (0K)
 Metaspace       used 62308K, committed 63040K, reserved 1105920K
  class space    used 8671K, committed 8960K, reserved 1048576K
}
Event: 5925.211 GC heap before
{Heap before GC invocations=590 (full 528):
 garbage-first heap   total 137216K, used 40577K [0x00000000c0000000, 0x0000000100000000)
  region size 1024K, 1 young (1024K), 0 survivors (0K)
 Metaspace       used 62308K, committed 63040K, reserved 1105920K
  class space    used 8671K, committed 8960K, reserved 1048576K
}
Event: 5925.251 GC heap after
{Heap after GC invocations=591 (full 529):
 garbage-first heap   total 137216K, used 40577K [0x00000000c0000000, 0x0000000100000000)
  region size 1024K, 0 young (0K), 0 survivors (0K)
 Metaspace       used 62308K, committed 63040K, reserved 1105920K
  class space    used 8671K, committed 8960K, reserved 1048576K
}
Event: 5935.628 GC heap before
{Heap before GC invocations=591 (full 529):
 garbage-first heap   total 137216K, used 40577K [0x00000000c0000000, 0x0000000100000000)
  region size 1024K, 1 young (1024K), 0 survivors (0K)
 Metaspace       used 62308K, committed 63040K, reserved 1105920K
  class space    used 8671K, committed 8960K, reserved 1048576K
}
Event: 5935.675 GC heap after
{Heap after GC invocations=592 (full 530):
 garbage-first heap   total 137216K, used 40577K [0x00000000c0000000, 0x0000000100000000)
  region size 1024K, 0 young (0K), 0 survivors (0K)
 Metaspace       used 62308K, committed 63040K, reserved 1105920K
  class space    used 8671K, committed 8960K, reserved 1048576K
}
Event: 5945.918 GC heap before
{Heap before GC invocations=592 (full 530):
 garbage-first heap   total 137216K, used 40577K [0x00000000c0000000, 0x0000000100000000)
  region size 1024K, 1 young (1024K), 0 survivors (0K)
 Metaspace       used 62308K, committed 63040K, reserved 1105920K
  class space    used 8671K, committed 8960K, reserved 1048576K
}
Event: 5945.959 GC heap after
{Heap after GC invocations=593 (full 531):
 garbage-first heap   total 137216K, used 40577K [0x00000000c0000000, 0x0000000100000000)
  region size 1024K, 0 young (0K), 0 survivors (0K)
 Metaspace       used 62308K, committed 63040K, reserved 1105920K
  class space    used 8671K, committed 8960K, reserved 1048576K
}
Event: 5957.817 GC heap before
{Heap before GC invocations=593 (full 531):
 garbage-first heap   total 137216K, used 40577K [0x00000000c0000000, 0x0000000100000000)
  region size 1024K, 1 young (1024K), 0 survivors (0K)
 Metaspace       used 62308K, committed 63040K, reserved 1105920K
  class space    used 8671K, committed 8960K, reserved 1048576K
}
Event: 5957.909 GC heap after
{Heap after GC invocations=594 (full 532):
 garbage-first heap   total 137216K, used 40577K [0x00000000c0000000, 0x0000000100000000)
  region size 1024K, 0 young (0K), 0 survivors (0K)
 Metaspace       used 62308K, committed 63040K, reserved 1105920K
  class space    used 8671K, committed 8960K, reserved 1048576K
}
Event: 5968.487 GC heap before
{Heap before GC invocations=594 (full 532):
 garbage-first heap   total 137216K, used 40577K [0x00000000c0000000, 0x0000000100000000)
  region size 1024K, 1 young (1024K), 0 survivors (0K)
 Metaspace       used 62308K, committed 63040K, reserved 1105920K
  class space    used 8671K, committed 8960K, reserved 1048576K
}
Event: 5968.540 GC heap after
{Heap after GC invocations=595 (full 533):
 garbage-first heap   total 137216K, used 40577K [0x00000000c0000000, 0x0000000100000000)
  region size 1024K, 0 young (0K), 0 survivors (0K)
 Metaspace       used 62308K, committed 63040K, reserved 1105920K
  class space    used 8671K, committed 8960K, reserved 1048576K
}
Event: 5978.784 GC heap before
{Heap before GC invocations=595 (full 533):
 garbage-first heap   total 137216K, used 40577K [0x00000000c0000000, 0x0000000100000000)
  region size 1024K, 1 young (1024K), 0 survivors (0K)
 Metaspace       used 62308K, committed 63040K, reserved 1105920K
  class space    used 8671K, committed 8960K, reserved 1048576K
}
Event: 5978.845 GC heap after
{Heap after GC invocations=596 (full 534):
 garbage-first heap   total 137216K, used 40577K [0x00000000c0000000, 0x0000000100000000)
  region size 1024K, 0 young (0K), 0 survivors (0K)
 Metaspace       used 62308K, committed 63040K, reserved 1105920K
  class space    used 8671K, committed 8960K, reserved 1048576K
}
Event: 5988.999 GC heap before
{Heap before GC invocations=596 (full 534):
 garbage-first heap   total 137216K, used 40577K [0x00000000c0000000, 0x0000000100000000)
  region size 1024K, 1 young (1024K), 0 survivors (0K)
 Metaspace       used 62308K, committed 63040K, reserved 1105920K
  class space    used 8671K, committed 8960K, reserved 1048576K
}
Event: 5989.041 GC heap after
{Heap after GC invocations=597 (full 535):
 garbage-first heap   total 137216K, used 40577K [0x00000000c0000000, 0x0000000100000000)
  region size 1024K, 0 young (0K), 0 survivors (0K)
 Metaspace       used 62308K, committed 63040K, reserved 1105920K
  class space    used 8671K, committed 8960K, reserved 1048576K
}
Event: 5999.208 GC heap before
{Heap before GC invocations=597 (full 535):
 garbage-first heap   total 137216K, used 40577K [0x00000000c0000000, 0x0000000100000000)
  region size 1024K, 1 young (1024K), 0 survivors (0K)
 Metaspace       used 62308K, committed 63040K, reserved 1105920K
  class space    used 8671K, committed 8960K, reserved 1048576K
}
Event: 5999.249 GC heap after
{Heap after GC invocations=598 (full 536):
 garbage-first heap   total 137216K, used 40577K [0x00000000c0000000, 0x0000000100000000)
  region size 1024K, 0 young (0K), 0 survivors (0K)
 Metaspace       used 62308K, committed 63040K, reserved 1105920K
  class space    used 8671K, committed 8960K, reserved 1048576K
}
Event: 6009.705 GC heap before
{Heap before GC invocations=598 (full 536):
 garbage-first heap   total 137216K, used 40577K [0x00000000c0000000, 0x0000000100000000)
  region size 1024K, 1 young (1024K), 0 survivors (0K)
 Metaspace       used 62308K, committed 63040K, reserved 1105920K
  class space    used 8671K, committed 8960K, reserved 1048576K
}
Event: 6009.760 GC heap after
{Heap after GC invocations=599 (full 537):
 garbage-first heap   total 137216K, used 40577K [0x00000000c0000000, 0x0000000100000000)
  region size 1024K, 0 young (0K), 0 survivors (0K)
 Metaspace       used 62308K, committed 63040K, reserved 1105920K
  class space    used 8671K, committed 8960K, reserved 1048576K
}

Dll operation events (10 events):
Event: 0.066 Loaded shared library c:\Users\pharell\.vscode\extensions\redhat.java-1.15.0-win32-x64\jre\17.0.6-win32-x86_64\bin\java.dll
Event: 0.886 Loaded shared library C:\Users\pharell\.vscode\extensions\redhat.java-1.15.0-win32-x64\jre\17.0.6-win32-x86_64\bin\net.dll
Event: 0.890 Loaded shared library C:\Users\pharell\.vscode\extensions\redhat.java-1.15.0-win32-x64\jre\17.0.6-win32-x86_64\bin\nio.dll
Event: 1.004 Loaded shared library C:\Users\pharell\.vscode\extensions\redhat.java-1.15.0-win32-x64\jre\17.0.6-win32-x86_64\bin\zip.dll
Event: 15.941 Loaded shared library C:\Users\pharell\.vscode\extensions\redhat.java-1.15.0-win32-x64\jre\17.0.6-win32-x86_64\bin\jimage.dll
Event: 19.524 Loaded shared library c:\Users\pharell\.vscode\extensions\redhat.java-1.15.0-win32-x64\jre\17.0.6-win32-x86_64\bin\verify.dll
Event: 46.298 Loaded shared library C:\Users\pharell\.vscode\extensions\redhat.java-1.15.0-win32-x64\jre\17.0.6-win32-x86_64\bin\management.dll
Event: 46.353 Loaded shared library C:\Users\pharell\.vscode\extensions\redhat.java-1.15.0-win32-x64\jre\17.0.6-win32-x86_64\bin\management_ext.dll
Event: 58.856 Loaded shared library C:\Users\pharell\.vscode\extensions\redhat.java-1.15.0-win32-x64\jre\17.0.6-win32-x86_64\bin\sunmscapi.dll
Event: 103.765 Loaded shared library C:\Users\pharell\AppData\Local\Temp\snappy-1.1.8-7d3775a2-67b6-4188-a347-5fb2d1974cdd-snappyjava.dll

Deoptimization events (20 events):
Event: 81.837 Thread 0x000001d8205c3340 DEOPT PACKING pc=0x000001d818568f24 sp=0x000000ab792fdec0
Event: 81.837 Thread 0x000001d8205c3340 DEOPT UNPACKING pc=0x000001d817917143 sp=0x000000ab792fd440 mode 0
Event: 81.837 Thread 0x000001d8205c3340 DEOPT PACKING pc=0x000001d8185b47ac sp=0x000000ab792fe1e0
Event: 81.837 Thread 0x000001d8205c3340 DEOPT UNPACKING pc=0x000001d817917143 sp=0x000000ab792fd670 mode 0
Event: 101.255 Thread 0x000001d8217cca40 DEOPT PACKING pc=0x000001d81883578c sp=0x000000ab794fd8a0
Event: 101.255 Thread 0x000001d8217cca40 DEOPT UNPACKING pc=0x000001d817917143 sp=0x000000ab794fcd30 mode 0
Event: 101.276 Thread 0x000001d8217cca40 DEOPT PACKING pc=0x000001d8182ceb0c sp=0x000000ab794fd940
Event: 101.276 Thread 0x000001d8217cca40 DEOPT UNPACKING pc=0x000001d817917143 sp=0x000000ab794fce88 mode 0
Event: 101.289 Thread 0x000001d8217cca40 DEOPT PACKING pc=0x000001d8182ceb6c sp=0x000000ab794fdca0
Event: 101.289 Thread 0x000001d8217cca40 DEOPT UNPACKING pc=0x000001d817917143 sp=0x000000ab794fd1f0 mode 0
Event: 101.289 Thread 0x000001d8217cca40 DEOPT PACKING pc=0x000001d8182ceb6c sp=0x000000ab794fdeb0
Event: 101.289 Thread 0x000001d8217cca40 DEOPT UNPACKING pc=0x000001d817917143 sp=0x000000ab794fd400 mode 0
Event: 101.289 Thread 0x000001d8217cca40 DEOPT PACKING pc=0x000001d8182ceb6c sp=0x000000ab794fe1e0
Event: 101.289 Thread 0x000001d8217cca40 DEOPT UNPACKING pc=0x000001d817917143 sp=0x000000ab794fd730 mode 0
Event: 101.289 Thread 0x000001d8217cca40 DEOPT PACKING pc=0x000001d8182ceb6c sp=0x000000ab794fe4c0
Event: 101.289 Thread 0x000001d8217cca40 DEOPT UNPACKING pc=0x000001d817917143 sp=0x000000ab794fda10 mode 0
Event: 101.361 Thread 0x000001d8217cca40 DEOPT PACKING pc=0x000001d8182a8cac sp=0x000000ab794fdeb0
Event: 101.361 Thread 0x000001d8217cca40 DEOPT UNPACKING pc=0x000001d817917143 sp=0x000000ab794fd448 mode 0
Event: 1703.406 Thread 0x000001d820a4b440 DEOPT PACKING pc=0x000001d817e4e2d4 sp=0x000000ab78ffeb80
Event: 1703.406 Thread 0x000001d820a4b440 DEOPT UNPACKING pc=0x000001d817917143 sp=0x000000ab78ffe028 mode 0

Classes unloaded (20 events):
Event: 224.293 Thread 0x000001d81f154de0 Unloading class 0x0000000100355400 'java/lang/invoke/LambdaForm$MH+0x0000000100355400'
Event: 224.293 Thread 0x000001d81f154de0 Unloading class 0x0000000100355000 'java/lang/invoke/LambdaForm$MH+0x0000000100355000'
Event: 224.293 Thread 0x000001d81f154de0 Unloading class 0x00000001000d1c00 'java/lang/invoke/LambdaForm$MH+0x00000001000d1c00'
Event: 224.293 Thread 0x000001d81f154de0 Unloading class 0x00000001000d1800 'java/lang/invoke/LambdaForm$MH+0x00000001000d1800'
Event: 224.293 Thread 0x000001d81f154de0 Unloading class 0x00000001000d1400 'java/lang/invoke/LambdaForm$MH+0x00000001000d1400'
Event: 224.293 Thread 0x000001d81f154de0 Unloading class 0x00000001000d1000 'java/lang/invoke/LambdaForm$MH+0x00000001000d1000'
Event: 224.293 Thread 0x000001d81f154de0 Unloading class 0x00000001000d0c00 'java/lang/invoke/LambdaForm$MH+0x00000001000d0c00'
Event: 224.294 Thread 0x000001d81f154de0 Unloading class 0x00000001000d0800 'java/lang/invoke/LambdaForm$MH+0x00000001000d0800'
Event: 224.294 Thread 0x000001d81f154de0 Unloading class 0x00000001000d0400 'java/lang/invoke/LambdaForm$MH+0x00000001000d0400'
Event: 224.294 Thread 0x000001d81f154de0 Unloading class 0x00000001000d0000 'java/lang/invoke/LambdaForm$MH+0x00000001000d0000'
Event: 237.756 Thread 0x000001d81f154de0 Unloading class 0x00000001000cb800 'java/lang/invoke/LambdaForm$MH+0x00000001000cb800'
Event: 237.756 Thread 0x000001d81f154de0 Unloading class 0x00000001000cb400 'java/lang/invoke/LambdaForm$MH+0x00000001000cb400'
Event: 237.756 Thread 0x000001d81f154de0 Unloading class 0x00000001000cb000 'java/lang/invoke/LambdaForm$MH+0x00000001000cb000'
Event: 237.756 Thread 0x000001d81f154de0 Unloading class 0x00000001000cac00 'java/lang/invoke/LambdaForm$MH+0x00000001000cac00'
Event: 237.756 Thread 0x000001d81f154de0 Unloading class 0x00000001000ca800 'java/lang/invoke/LambdaForm$MH+0x00000001000ca800'
Event: 237.756 Thread 0x000001d81f154de0 Unloading class 0x00000001000ca400 'java/lang/invoke/LambdaForm$MH+0x00000001000ca400'
Event: 237.756 Thread 0x000001d81f154de0 Unloading class 0x00000001000c8400 'java/lang/invoke/LambdaForm$MH+0x00000001000c8400'
Event: 1817.359 Thread 0x000001d81f154de0 Unloading class 0x00000001000c8400 'java/lang/invoke/LambdaForm$MH+0x00000001000c8400'
Event: 1817.359 Thread 0x000001d81f154de0 Unloading class 0x00000001000ca400 'java/lang/invoke/LambdaForm$MH+0x00000001000ca400'
Event: 1817.359 Thread 0x000001d81f154de0 Unloading class 0x00000001000cb800 'java/lang/invoke/LambdaForm$MH+0x00000001000cb800'

Classes redefined (0 events):
No events

Internal exceptions (20 events):
Event: 112.944 Thread 0x000001d8217cca40 Exception <a 'sun/nio/fs/WindowsException'{0x00000000da76a020}> (0x00000000da76a020) 
thrown [s\src\hotspot\share\prims\jni.cpp, line 516]
Event: 112.944 Thread 0x000001d8217cca40 Exception <a 'sun/nio/fs/WindowsException'{0x00000000da76a470}> (0x00000000da76a470) 
thrown [s\src\hotspot\share\prims\jni.cpp, line 516]
Event: 113.141 Thread 0x000001d8217cca40 Exception <a 'sun/nio/fs/WindowsException'{0x00000000da79a2b0}> (0x00000000da79a2b0) 
thrown [s\src\hotspot\share\prims\jni.cpp, line 516]
Event: 113.141 Thread 0x000001d8217cca40 Exception <a 'sun/nio/fs/WindowsException'{0x00000000da79a6c0}> (0x00000000da79a6c0) 
thrown [s\src\hotspot\share\prims\jni.cpp, line 516]
Event: 113.142 Thread 0x000001d8217cca40 Exception <a 'sun/nio/fs/WindowsException'{0x00000000da79b6c0}> (0x00000000da79b6c0) 
thrown [s\src\hotspot\share\prims\jni.cpp, line 516]
Event: 113.142 Thread 0x000001d8217cca40 Exception <a 'sun/nio/fs/WindowsException'{0x00000000da79baf0}> (0x00000000da79baf0) 
thrown [s\src\hotspot\share\prims\jni.cpp, line 516]
Event: 113.162 Thread 0x000001d8217cca40 Exception <a 'sun/nio/fs/WindowsException'{0x00000000da7bbbd0}> (0x00000000da7bbbd0) 
thrown [s\src\hotspot\share\prims\jni.cpp, line 516]
Event: 113.162 Thread 0x000001d8217cca40 Exception <a 'sun/nio/fs/WindowsException'{0x00000000da7bbfe0}> (0x00000000da7bbfe0) 
thrown [s\src\hotspot\share\prims\jni.cpp, line 516]
Event: 113.163 Thread 0x000001d8217cca40 Exception <a 'sun/nio/fs/WindowsException'{0x00000000da7bcfd0}> (0x00000000da7bcfd0) 
thrown [s\src\hotspot\share\prims\jni.cpp, line 516]
Event: 113.163 Thread 0x000001d8217cca40 Exception <a 'sun/nio/fs/WindowsException'{0x00000000da7bd3f0}> (0x00000000da7bd3f0) 
thrown [s\src\hotspot\share\prims\jni.cpp, line 516]
Event: 113.205 Thread 0x000001d8217cca40 Exception <a 'sun/nio/fs/WindowsException'{0x00000000da7f13b8}> (0x00000000da7f13b8) 
thrown [s\src\hotspot\share\prims\jni.cpp, line 516]
Event: 113.205 Thread 0x000001d8217cca40 Exception <a 'sun/nio/fs/WindowsException'{0x00000000da7f17e8}> (0x00000000da7f17e8) 
thrown [s\src\hotspot\share\prims\jni.cpp, line 516]
Event: 113.205 Thread 0x000001d8217cca40 Exception <a 'sun/nio/fs/WindowsException'{0x00000000da7f2d50}> (0x00000000da7f2d50) 
thrown [s\src\hotspot\share\prims\jni.cpp, line 516]
Event: 113.205 Thread 0x000001d8217cca40 Exception <a 'sun/nio/fs/WindowsException'{0x00000000da7f31a0}> (0x00000000da7f31a0) 
thrown [s\src\hotspot\share\prims\jni.cpp, line 516]
Event: 113.233 Thread 0x000001d8217cca40 Exception <a 'sun/nio/fs/WindowsException'{0x00000000da616580}> (0x00000000da616580) 
thrown [s\src\hotspot\share\prims\jni.cpp, line 516]
Event: 113.233 Thread 0x000001d8217cca40 Exception <a 'sun/nio/fs/WindowsException'{0x00000000da6169a0}> (0x00000000da6169a0) 
thrown [s\src\hotspot\share\prims\jni.cpp, line 516]
Event: 113.234 Thread 0x000001d8217cca40 Exception <a 'sun/nio/fs/WindowsException'{0x00000000da617f08}> (0x00000000da617f08) 
thrown [s\src\hotspot\share\prims\jni.cpp, line 516]
Event: 113.234 Thread 0x000001d8217cca40 Exception <a 'sun/nio/fs/WindowsException'{0x00000000da618348}> (0x00000000da618348) 
thrown [s\src\hotspot\share\prims\jni.cpp, line 516]
Event: 146.574 Thread 0x000001d82105c030 Exception <a 'java/lang/NoSuchMethodError'{0x00000000da405920}: 'void java.lang.invoke.DirectMethodHandle$Holder.invokeStatic(java.lang.Object, long)'> (0x00000000da405920) 
thrown [s\src\hotspot\share\interpreter\linkResolver.cpp, line 759]
Event: 146.575 Thread 0x000001d82105c030 Exception <a 'java/lang/NoSuchMethodError'{0x00000000da47a310}: 'java.lang.Object java.lang.invoke.DirectMethodHandle$Holder.newInvokeSpecial(java.lang.Object, long)'> (0x00000000da47a310) 
thrown [s\src\hotspot\share\interpreter\linkResolver.cpp, line 759]

VM Operations (20 events):
Event: 5915.059 Executing VM operation: G1CollectFull done
Event: 5925.211 Executing VM operation: G1CollectFull
Event: 5925.251 Executing VM operation: G1CollectFull done
Event: 5935.628 Executing VM operation: G1CollectFull
Event: 5935.675 Executing VM operation: G1CollectFull done
Event: 5945.918 Executing VM operation: G1CollectFull
Event: 5945.960 Executing VM operation: G1CollectFull done
Event: 5957.817 Executing VM operation: G1CollectFull
Event: 5957.909 Executing VM operation: G1CollectFull done
Event: 5968.487 Executing VM operation: G1CollectFull
Event: 5968.541 Executing VM operation: G1CollectFull done
Event: 5978.690 Executing VM operation: G1CollectFull
Event: 5978.846 Executing VM operation: G1CollectFull done
Event: 5988.999 Executing VM operation: G1CollectFull
Event: 5989.041 Executing VM operation: G1CollectFull done
Event: 5999.208 Executing VM operation: G1CollectFull
Event: 5999.249 Executing VM operation: G1CollectFull done
Event: 6009.705 Executing VM operation: G1CollectFull
Event: 6009.761 Executing VM operation: G1CollectFull done
Event: 6020.310 Executing VM operation: G1CollectFull

Events (20 events):
Event: 1704.891 loading class java/util/concurrent/CompletionException done
Event: 1705.119 loading class java/util/logging/LogRecord
Event: 1705.139 loading class java/util/logging/LogRecord done
Event: 1765.048 Thread 0x000001d8217cca40 Thread exited: 0x000001d8217cca40
Event: 1765.048 Thread 0x000001d8217cb230 Thread exited: 0x000001d8217cb230
Event: 1765.049 Thread 0x000001d8217ce250 Thread exited: 0x000001d8217ce250
Event: 1765.551 Thread 0x000001d8217c9ef0 Thread exited: 0x000001d8217c9ef0
Event: 1765.575 Thread 0x000001d8217cb700 Thread exited: 0x000001d8217cb700
Event: 3106.912 Thread 0x000001d8217cff30 Thread added: 0x000001d8217cff30
Event: 3106.915 Thread 0x000001d8217d08d0 Thread added: 0x000001d8217d08d0
Event: 3106.923 Thread 0x000001d8217cb230 Thread added: 0x000001d8217cb230
Event: 3106.924 Thread 0x000001d8217cc0a0 Thread added: 0x000001d8217cc0a0
Event: 3107.213 Thread 0x000001d8217cebf0 Thread added: 0x000001d8217cebf0
Event: 3107.236 Thread 0x000001d8217d0400 Thread added: 0x000001d8217d0400
Event: 3167.279 Thread 0x000001d8217d08d0 Thread exited: 0x000001d8217d08d0
Event: 3167.595 Thread 0x000001d8217d0400 Thread exited: 0x000001d8217d0400
Event: 3176.627 Thread 0x000001d8217cebf0 Thread exited: 0x000001d8217cebf0
Event: 3176.627 Thread 0x000001d8217cc0a0 Thread exited: 0x000001d8217cc0a0
Event: 3236.632 Thread 0x000001d8217cff30 Thread exited: 0x000001d8217cff30
Event: 3296.645 Thread 0x000001d8217cb230 Thread exited: 0x000001d8217cb230


Dynamic libraries:
0x00007ff77cf10000 - 0x00007ff77cf1e000 	c:\Users\pharell\.vscode\extensions\redhat.java-1.15.0-win32-x64\jre\17.0.6-win32-x86_64\bin\java.exe
0x00007ffbe8b00000 - 0x00007ffbe8d09000 	C:\WINDOWS\SYSTEM32\ntdll.dll
0x00007ffbe6c50000 - 0x00007ffbe6d0e000 	C:\WINDOWS\System32\KERNEL32.DLL
0x00007ffbe62b0000 - 0x00007ffbe662c000 	C:\WINDOWS\System32\KERNELBASE.dll
0x00007ffbe6190000 - 0x00007ffbe62a1000 	C:\WINDOWS\System32\ucrtbase.dll
0x00007ffbd5890000 - 0x00007ffbd58a7000 	c:\Users\pharell\.vscode\extensions\redhat.java-1.15.0-win32-x64\jre\17.0.6-win32-x86_64\bin\jli.dll
0x00007ffbe6f30000 - 0x00007ffbe70dd000 	C:\WINDOWS\System32\USER32.dll
0x00007ffbe6160000 - 0x00007ffbe6186000 	C:\WINDOWS\System32\win32u.dll
0x00007ffbe6980000 - 0x00007ffbe69a9000 	C:\WINDOWS\System32\GDI32.dll
0x00007ffbe6040000 - 0x00007ffbe6158000 	C:\WINDOWS\System32\gdi32full.dll
0x00007ffbe6820000 - 0x00007ffbe68bd000 	C:\WINDOWS\System32\msvcp_win.dll
0x00007ffbd5580000 - 0x00007ffbd5599000 	c:\Users\pharell\.vscode\extensions\redhat.java-1.15.0-win32-x64\jre\17.0.6-win32-x86_64\bin\VCRUNTIME140.dll
0x00007ffbcc8e0000 - 0x00007ffbccb85000 	C:\WINDOWS\WinSxS\amd64_microsoft.windows.common-controls_6595b64144ccf1df_6.0.22000.120_none_9d947278b86cc467\COMCTL32.dll
0x00007ffbe7d10000 - 0x00007ffbe7db3000 	C:\WINDOWS\System32\msvcrt.dll
0x00007ffbe8a80000 - 0x00007ffbe8ab2000 	C:\WINDOWS\System32\IMM32.DLL
0x00007ffbd5ad0000 - 0x00007ffbd5adc000 	c:\Users\pharell\.vscode\extensions\redhat.java-1.15.0-win32-x64\jre\17.0.6-win32-x86_64\bin\vcruntime140_1.dll
0x00007ffb82cf0000 - 0x00007ffb82d81000 	c:\Users\pharell\.vscode\extensions\redhat.java-1.15.0-win32-x64\jre\17.0.6-win32-x86_64\bin\msvcp140.dll
0x00007ffb64160000 - 0x00007ffb64da7000 	c:\Users\pharell\.vscode\extensions\redhat.java-1.15.0-win32-x64\jre\17.0.6-win32-x86_64\bin\server\jvm.dll
0x00007ffbe7490000 - 0x00007ffbe753e000 	C:\WINDOWS\System32\ADVAPI32.dll
0x00007ffbe6e80000 - 0x00007ffbe6f1e000 	C:\WINDOWS\System32\sechost.dll
0x00007ffbe6b20000 - 0x00007ffbe6c40000 	C:\WINDOWS\System32\RPCRT4.dll
0x00007ffbd5410000 - 0x00007ffbd5419000 	C:\WINDOWS\SYSTEM32\WSOCK32.dll
0x00007ffbe83e0000 - 0x00007ffbe844f000 	C:\WINDOWS\System32\WS2_32.dll
0x00007ffbbf310000 - 0x00007ffbbf343000 	C:\WINDOWS\SYSTEM32\WINMM.dll
0x00007ffbe1390000 - 0x00007ffbe139a000 	C:\WINDOWS\SYSTEM32\VERSION.dll
0x00007ffbe5010000 - 0x00007ffbe5028000 	C:\WINDOWS\SYSTEM32\kernel.appcore.dll
0x00007ffbd5ac0000 - 0x00007ffbd5aca000 	c:\Users\pharell\.vscode\extensions\redhat.java-1.15.0-win32-x64\jre\17.0.6-win32-x86_64\bin\jimage.dll
0x00007ffbe3b70000 - 0x00007ffbe3d91000 	C:\WINDOWS\SYSTEM32\DBGHELP.DLL
0x00007ffbd1b00000 - 0x00007ffbd1b31000 	C:\WINDOWS\SYSTEM32\dbgcore.DLL
0x00007ffbe6630000 - 0x00007ffbe66af000 	C:\WINDOWS\System32\bcryptPrimitives.dll
0x00007ffbd4390000 - 0x00007ffbd43b5000 	c:\Users\pharell\.vscode\extensions\redhat.java-1.15.0-win32-x64\jre\17.0.6-win32-x86_64\bin\java.dll
0x00007ffbd39f0000 - 0x00007ffbd3a08000 	c:\Users\pharell\.vscode\extensions\redhat.java-1.15.0-win32-x64\jre\17.0.6-win32-x86_64\bin\zip.dll
0x00007ffbe7540000 - 0x00007ffbe7d05000 	C:\WINDOWS\System32\SHELL32.dll
0x00007ffbe4080000 - 0x00007ffbe48e5000 	C:\WINDOWS\SYSTEM32\windows.storage.dll
0x00007ffbe8450000 - 0x00007ffbe87c8000 	C:\WINDOWS\System32\combase.dll
0x00007ffbe3f10000 - 0x00007ffbe4076000 	C:\WINDOWS\SYSTEM32\wintypes.dll
0x00007ffbe69b0000 - 0x00007ffbe6a9a000 	C:\WINDOWS\System32\SHCORE.dll
0x00007ffbe6ac0000 - 0x00007ffbe6b1d000 	C:\WINDOWS\System32\shlwapi.dll
0x00007ffbe5f00000 - 0x00007ffbe5f21000 	C:\WINDOWS\SYSTEM32\profapi.dll
0x00007ffbd33c0000 - 0x00007ffbd33d9000 	C:\Users\pharell\.vscode\extensions\redhat.java-1.15.0-win32-x64\jre\17.0.6-win32-x86_64\bin\net.dll
0x00007ffbe0e60000 - 0x00007ffbe0f74000 	C:\WINDOWS\SYSTEM32\WINHTTP.dll
0x00007ffbe54a0000 - 0x00007ffbe5507000 	C:\WINDOWS\system32\mswsock.dll
0x00007ffbd2b30000 - 0x00007ffbd2b45000 	C:\Users\pharell\.vscode\extensions\redhat.java-1.15.0-win32-x64\jre\17.0.6-win32-x86_64\bin\nio.dll
0x00007ffbd5a00000 - 0x00007ffbd5a10000 	c:\Users\pharell\.vscode\extensions\redhat.java-1.15.0-win32-x64\jre\17.0.6-win32-x86_64\bin\verify.dll
0x00007ffbe5780000 - 0x00007ffbe5798000 	C:\WINDOWS\SYSTEM32\CRYPTSP.dll
0x00007ffbe4f70000 - 0x00007ffbe4fa5000 	C:\WINDOWS\system32\rsaenh.dll
0x00007ffbe5540000 - 0x00007ffbe5569000 	C:\WINDOWS\SYSTEM32\USERENV.dll
0x00007ffbe58a0000 - 0x00007ffbe58c7000 	C:\WINDOWS\SYSTEM32\bcrypt.dll
0x00007ffbe5690000 - 0x00007ffbe569c000 	C:\WINDOWS\SYSTEM32\CRYPTBASE.dll
0x00007ffbe4b30000 - 0x00007ffbe4b5d000 	C:\WINDOWS\SYSTEM32\IPHLPAPI.DLL
0x00007ffbe6f20000 - 0x00007ffbe6f29000 	C:\WINDOWS\System32\NSI.dll
0x00007ffbe0e40000 - 0x00007ffbe0e59000 	C:\WINDOWS\SYSTEM32\dhcpcsvc6.DLL
0x00007ffbe1170000 - 0x00007ffbe118e000 	C:\WINDOWS\SYSTEM32\dhcpcsvc.DLL
0x00007ffbe4b60000 - 0x00007ffbe4c48000 	C:\WINDOWS\SYSTEM32\DNSAPI.dll
0x00007ffbe29a0000 - 0x00007ffbe29a9000 	C:\Users\pharell\.vscode\extensions\redhat.java-1.15.0-win32-x64\jre\17.0.6-win32-x86_64\bin\management.dll
0x00007ffbd55d0000 - 0x00007ffbd55db000 	C:\Users\pharell\.vscode\extensions\redhat.java-1.15.0-win32-x64\jre\17.0.6-win32-x86_64\bin\management_ext.dll
0x00007ffbe6c40000 - 0x00007ffbe6c48000 	C:\WINDOWS\System32\PSAPI.DLL
0x00007ffbd5830000 - 0x00007ffbd583e000 	C:\Users\pharell\.vscode\extensions\redhat.java-1.15.0-win32-x64\jre\17.0.6-win32-x86_64\bin\sunmscapi.dll
0x00007ffbe66b0000 - 0x00007ffbe6812000 	C:\WINDOWS\System32\CRYPT32.dll
0x00007ffbe5810000 - 0x00007ffbe5838000 	C:\WINDOWS\SYSTEM32\ncrypt.dll
0x00007ffbe57c0000 - 0x00007ffbe57f7000 	C:\WINDOWS\SYSTEM32\NTASN1.dll
0x00007ffbd5200000 - 0x00007ffbd520a000 	C:\Windows\System32\rasadhlp.dll
0x00007ffbdfa70000 - 0x00007ffbdfaf1000 	C:\WINDOWS\System32\fwpuclnt.dll
0x000000006c500000 - 0x000000006c5c7000 	C:\Users\pharell\AppData\Local\Temp\snappy-1.1.8-7d3775a2-67b6-4188-a347-5fb2d1974cdd-snappyjava.dll

dbghelp: loaded successfully - version: 4.0.5 - missing functions: none
symbol engine: initialized successfully - sym options: 0x614 - pdb path: .;c:\Users\pharell\.vscode\extensions\redhat.java-1.15.0-win32-x64\jre\17.0.6-win32-x86_64\bin;C:\WINDOWS\SYSTEM32;C:\WINDOWS\WinSxS\amd64_microsoft.windows.common-controls_6595b64144ccf1df_6.0.22000.120_none_9d947278b86cc467;c:\Users\pharell\.vscode\extensions\redhat.java-1.15.0-win32-x64\jre\17.0.6-win32-x86_64\bin\server;C:\Users\pharell\AppData\Local\Temp

VM Arguments:
jvm_args: -XX:+HeapDumpOnOutOfMemoryError -Xmx1024m -Dsts.lsp.client=vscode -Dsts.log.file=/dev/null -XX:TieredStopAtLevel=1 -Xlog:jni+resolve=off -Dspring.config.location=file:c:\Users\pharell\.vscode\extensions\vmware.vscode-spring-boot-1.44.0\language-server\BOOT-INF\classes\application.properties 
java_command: org.springframework.ide.vscode.boot.app.BootLanguageServerBootApp
java_class_path (initial): c:\Users\pharell\.vscode\extensions\vmware.vscode-spring-boot-1.44.0\language-server\BOOT-INF\classes;c:\Users\pharell\.vscode\extensions\vmware.vscode-spring-boot-1.44.0\language-server\BOOT-INF\lib\annotations-24.0.0.jar;c:\Users\pharell\.vscode\extensions\vmware.vscode-spring-boot-1.44.0\language-server\BOOT-INF\lib\ant-1.10.13.jar;c:\Users\pharell\.vscode\extensions\vmware.vscode-spring-boot-1.44.0\language-server\BOOT-INF\lib\ant-launcher-1.10.13.jar;c:\Users\pharell\.vscode\extensions\vmware.vscode-spring-boot-1.44.0\language-server\BOOT-INF\lib\antlr-runtime-3.5.2.jar;c:\Users\pharell\.vscode\extensions\vmware.vscode-spring-boot-1.44.0\language-server\BOOT-INF\lib\antlr4-4.9.3.jar;c:\Users\pharell\.vscode\extensions\vmware.vscode-spring-boot-1.44.0\language-server\BOOT-INF\lib\antlr4-runtime-4.9.3.jar;c:\Users\pharell\.vscode\extensions\vmware.vscode-spring-boot-1.44.0\language-server\BOOT-INF\lib\apiguardian-api-1.1.2.jar;c:\Users\pharell\.vscode\extensions\vmware.vscode-spring-boot-1.44.0\language-server\BOOT-INF\lib\asm-9.4.jar;c:\Users\pharell\.vscode\extensions\vmware.vscode-spring-boot-1.44.0\language-server\BOOT-INF\lib\asm-analysis-9.4.jar;c:\Users\pharell\.vscode\extensions\vmware.vscode-spring-boot-1.44.0\language-server\BOOT-INF\lib\asm-tree-9.4.jar;c:\Users\pharell\.vscode\extensions\vmware.vscode-spring-boot-1.44.0\language-server\BOOT-INF\lib\asm-util-9.4.jar;c:\Users\pharell\.vscode\extensions\vmware.vscode-spring-boot-1.44.0\language-server\BOOT-INF\lib\caffeine-3.1.2.jar;c:\Users\pharell\.vscode\extensions\vmware.vscode-spring-boot-1.44.0\language-server\BOOT-INF\lib\checker-qual-3.12.0.jar;c:\Users\pharell\.vscode\extensions\vmware.vscode-spring-boot-1.44.0\language-server\BOOT-INF\lib\ci-environment-9.1.0.jar;c:\Users\pharell\.vscode\extensions\vmware.vscode-spring-boot-1.44.0\language-server\BOOT-INF\lib\classgraph-4.8.149.jar;c:\Users\pharell\.vscode\extensions\vmware.vscode-spring-boot-1.44.0\language-server\
Launcher Type: SUN_STANDARD

[Global flags]
     intx CICompilerCount                          = 3                                         {product} {ergonomic}
     uint ConcGCThreads                            = 1                                         {product} {ergonomic}
     uint G1ConcRefinementThreads                  = 4                                         {product} {ergonomic}
   size_t G1HeapRegionSize                         = 1048576                                   {product} {ergonomic}
    uintx GCDrainStackTargetSize                   = 64                                        {product} {ergonomic}
     bool HeapDumpOnOutOfMemoryError               = true                                   {manageable} {command line}
   size_t InitialHeapSize                          = 132120576                                 {product} {ergonomic}
   size_t MarkStackSize                            = 4194304                                   {product} {ergonomic}
   size_t MaxHeapSize                              = 1073741824                                {product} {command line}
   size_t MaxNewSize                               = 643825664                                 {product} {ergonomic}
   size_t MinHeapDeltaBytes                        = 1048576                                   {product} {ergonomic}
   size_t MinHeapSize                              = 8388608                                   {product} {ergonomic}
    uintx NonProfiledCodeHeapSize                  = 0                                      {pd product} {ergonomic}
     bool ProfileInterpreter                       = false                                  {pd product} {command line}
    uintx ProfiledCodeHeapSize                     = 0                                      {pd product} {ergonomic}
   size_t SoftMaxHeapSize                          = 1073741824                             {manageable} {ergonomic}
     intx TieredStopAtLevel                        = 1                                         {product} {command line}
     bool UseCompressedClassPointers               = true                           {product lp64_product} {ergonomic}
     bool UseCompressedOops                        = true                           {product lp64_product} {ergonomic}
     bool UseG1GC                                  = true                                      {product} {ergonomic}
     bool UseLargePagesIndividualAllocation        = false                                  {pd product} {ergonomic}

Logging:
Log output configuration:
 #0: stdout all=warning,jni+resolve=off uptime,level,tags
 #1: stderr all=off uptime,level,tags

Environment Variables:
JAVA_HOME=C:\Program Files\Java\jdk1.8.0_111
PATH=C:\Python311\Scripts\;C:\Python311\;C:\Program Files (x86)\Common Files\Oracle\Java\javapath;C:\ProgramData\Oracle\Java\javapath;C:\WINDOWS\system32;C:\WINDOWS;C:\WINDOWS\System32\Wbem;C:\WINDOWS\System32\WindowsPowerShell\v1.0\;C:\WINDOWS\System32\OpenSSH\;C:\Program Files\dotnet\;C:\Program Files\Java\jdk1.8.0_111\bin;C:\Program Files\nodejs\;C:\ProgramData\chocolatey\bin;C:\ApacheMaven\apache-maven-3.8.7\bin;D:\Programme  File\PostgreSQL\15\bin;C:\Program Files\Git\cmd;C:\Users\pharell\AppData\Local\Microsoft\WindowsApps;C:\Users\pharell\AppData\Local\Programs\Microsoft VS Code\bin;C:\Users\pharell\AppData\Local\JetBrains\Toolbox\scripts;C:\Users\pharell\AppData\Roaming\npm;D:\Programme  File\IntelliJ IDEA 2022.3.2\bin;;D:\Programme  File\PostgreSQL\15;
USERNAME=pharell
OS=Windows_NT
PROCESSOR_IDENTIFIER=Intel64 Family 6 Model 142 Stepping 10, GenuineIntel
TMP=C:\Users\pharell\AppData\Local\Temp
TEMP=C:\Users\pharell\AppData\Local\Temp



---------------  S Y S T E M  ---------------

OS:
 Windows 11 , 64 bit Build 22000 (10.0.22000.1516)
OS uptime: 0 days 17:46 hours
Hyper-V role detected

CPU: total 4 (initial active 4) (2 cores per cpu, 2 threads per core) family 6 model 142 stepping 10 microcode 0xe0, cx8, cmov, fxsr, ht, mmx, 3dnowpref, sse, sse2, sse3, ssse3, sse4.1, sse4.2, popcnt, lzcnt, tsc, tscinvbit, avx, avx2, aes, erms, clmul, bmi1, bmi2, adx, fma, vzeroupper, clflush, clflushopt, hv

Memory: 4k page, system-wide physical 8026M (481M free)
TotalPageFile size 13936M (AvailPageFile size 63M)
current process WorkingSet (physical memory assigned to process): 88M, peak: 621M
current process commit charge ("private bytes"): 313M, peak: 631M

vm_info: OpenJDK 64-Bit Server VM (17.0.6+10) for windows-amd64 JRE (17.0.6+10), built on Jan 18 2023 10:08:59 by "temurin" with MS VC++ 16.7 (VS2019)

END.
